2019-08-01 18:03:40,370 [INFO]  
========== start: fit model
2019-08-01 18:03:40,370 [WARNING]  Already bound, ignoring bind()
2019-08-01 18:03:40,508 [INFO]  Epoch[0] Batch [0-22]	Speed: 2710.96 samples/sec	cross-entropy=8.354118	Population_of_the_largest_settlement-accuracy=0.000000
2019-08-01 18:03:40,632 [INFO]  Epoch[0] Train-cross-entropy=3.626746
2019-08-01 18:03:40,633 [INFO]  Epoch[0] Train-Population_of_the_largest_settlement-accuracy=0.000000
2019-08-01 18:03:40,633 [INFO]  Epoch[0] Time cost=0.261
2019-08-01 18:03:40,636 [INFO]  Saved checkpoint to "model/Population_of_the_largest_settlement_imputer/model-0000.params"
2019-08-01 18:03:40,669 [INFO]  Epoch[0] Validation-cross-entropy=2.068967
2019-08-01 18:03:40,670 [INFO]  Epoch[0] Validation-Population_of_the_largest_settlement-accuracy=0.000000
2019-08-01 18:03:40,831 [INFO]  Epoch[1] Batch [0-22]	Speed: 2303.48 samples/sec	cross-entropy=0.917836	Population_of_the_largest_settlement-accuracy=0.000000
2019-08-01 18:03:40,957 [INFO]  Epoch[1] Train-cross-entropy=1.306103
2019-08-01 18:03:40,958 [INFO]  Epoch[1] Train-Population_of_the_largest_settlement-accuracy=0.000000
2019-08-01 18:03:40,958 [INFO]  Epoch[1] Time cost=0.287
2019-08-01 18:03:40,961 [INFO]  Saved checkpoint to "model/Population_of_the_largest_settlement_imputer/model-0001.params"
2019-08-01 18:03:40,992 [INFO]  Epoch[1] Validation-cross-entropy=0.819456
2019-08-01 18:03:40,993 [INFO]  Epoch[1] Validation-Population_of_the_largest_settlement-accuracy=0.000000
2019-08-01 18:03:41,140 [INFO]  Epoch[2] Batch [0-22]	Speed: 2529.56 samples/sec	cross-entropy=0.818979	Population_of_the_largest_settlement-accuracy=0.000000
2019-08-01 18:03:41,268 [INFO]  Epoch[2] Train-cross-entropy=0.706424
2019-08-01 18:03:41,269 [INFO]  Epoch[2] Train-Population_of_the_largest_settlement-accuracy=0.000000
2019-08-01 18:03:41,269 [INFO]  Epoch[2] Time cost=0.275
2019-08-01 18:03:41,272 [INFO]  Saved checkpoint to "model/Population_of_the_largest_settlement_imputer/model-0002.params"
2019-08-01 18:03:41,301 [INFO]  Epoch[2] Validation-cross-entropy=0.407428
2019-08-01 18:03:41,302 [INFO]  Epoch[2] Validation-Population_of_the_largest_settlement-accuracy=0.000000
2019-08-01 18:03:41,445 [INFO]  Epoch[3] Batch [0-22]	Speed: 2624.59 samples/sec	cross-entropy=0.388143	Population_of_the_largest_settlement-accuracy=0.000000
2019-08-01 18:03:41,567 [INFO]  Epoch[3] Train-cross-entropy=0.573373
2019-08-01 18:03:41,568 [INFO]  Epoch[3] Train-Population_of_the_largest_settlement-accuracy=0.000000
2019-08-01 18:03:41,568 [INFO]  Epoch[3] Time cost=0.265
2019-08-01 18:03:41,571 [INFO]  Saved checkpoint to "model/Population_of_the_largest_settlement_imputer/model-0003.params"
2019-08-01 18:03:41,599 [INFO]  Epoch[3] Validation-cross-entropy=0.307237
2019-08-01 18:03:41,601 [INFO]  Epoch[3] Validation-Population_of_the_largest_settlement-accuracy=0.000000
2019-08-01 18:03:41,744 [INFO]  Epoch[4] Batch [0-22]	Speed: 2618.26 samples/sec	cross-entropy=0.208916	Population_of_the_largest_settlement-accuracy=0.000000
2019-08-01 18:03:41,888 [INFO]  Epoch[4] Train-cross-entropy=0.372584
2019-08-01 18:03:41,888 [INFO]  Epoch[4] Train-Population_of_the_largest_settlement-accuracy=0.000000
2019-08-01 18:03:41,889 [INFO]  Epoch[4] Time cost=0.287
2019-08-01 18:03:41,892 [INFO]  Saved checkpoint to "model/Population_of_the_largest_settlement_imputer/model-0004.params"
2019-08-01 18:03:41,921 [INFO]  Epoch[4] Validation-cross-entropy=0.209477
2019-08-01 18:03:41,922 [INFO]  Epoch[4] Validation-Population_of_the_largest_settlement-accuracy=0.000000
2019-08-01 18:03:42,063 [INFO]  Epoch[5] Batch [0-22]	Speed: 2689.27 samples/sec	cross-entropy=0.300655	Population_of_the_largest_settlement-accuracy=0.000000
2019-08-01 18:03:42,188 [INFO]  Epoch[5] Train-cross-entropy=0.248764
2019-08-01 18:03:42,189 [INFO]  Epoch[5] Train-Population_of_the_largest_settlement-accuracy=0.000000
2019-08-01 18:03:42,189 [INFO]  Epoch[5] Time cost=0.266
2019-08-01 18:03:42,192 [INFO]  Saved checkpoint to "model/Population_of_the_largest_settlement_imputer/model-0005.params"
2019-08-01 18:03:42,226 [INFO]  Epoch[5] Validation-cross-entropy=0.206192
2019-08-01 18:03:42,227 [INFO]  Epoch[5] Validation-Population_of_the_largest_settlement-accuracy=0.000000
2019-08-01 18:03:42,393 [INFO]  Epoch[6] Batch [0-22]	Speed: 2228.28 samples/sec	cross-entropy=0.135650	Population_of_the_largest_settlement-accuracy=0.000000
2019-08-01 18:03:42,514 [INFO]  Epoch[6] Train-cross-entropy=0.168596
2019-08-01 18:03:42,515 [INFO]  Epoch[6] Train-Population_of_the_largest_settlement-accuracy=0.000000
2019-08-01 18:03:42,516 [INFO]  Epoch[6] Time cost=0.288
2019-08-01 18:03:42,519 [INFO]  Saved checkpoint to "model/Population_of_the_largest_settlement_imputer/model-0006.params"
2019-08-01 18:03:42,547 [INFO]  Epoch[6] Validation-cross-entropy=0.203181
2019-08-01 18:03:42,549 [INFO]  Epoch[6] Validation-Population_of_the_largest_settlement-accuracy=0.000000
2019-08-01 18:03:42,692 [INFO]  Epoch[7] Batch [0-22]	Speed: 2625.33 samples/sec	cross-entropy=0.167196	Population_of_the_largest_settlement-accuracy=0.000000
2019-08-01 18:03:42,814 [INFO]  Epoch[7] Train-cross-entropy=0.136572
2019-08-01 18:03:42,815 [INFO]  Epoch[7] Train-Population_of_the_largest_settlement-accuracy=0.000000
2019-08-01 18:03:42,816 [INFO]  Epoch[7] Time cost=0.266
2019-08-01 18:03:42,819 [INFO]  Saved checkpoint to "model/Population_of_the_largest_settlement_imputer/model-0007.params"
2019-08-01 18:03:42,848 [INFO]  Epoch[7] Validation-cross-entropy=0.126869
2019-08-01 18:03:42,850 [INFO]  Epoch[7] Validation-Population_of_the_largest_settlement-accuracy=0.000000
2019-08-01 18:03:43,011 [INFO]  Epoch[8] Batch [0-22]	Speed: 2321.92 samples/sec	cross-entropy=0.103139	Population_of_the_largest_settlement-accuracy=0.000000
2019-08-01 18:03:43,147 [INFO]  Epoch[8] Train-cross-entropy=0.096799
2019-08-01 18:03:43,147 [INFO]  Epoch[8] Train-Population_of_the_largest_settlement-accuracy=0.000000
2019-08-01 18:03:43,148 [INFO]  Epoch[8] Time cost=0.297
2019-08-01 18:03:43,151 [INFO]  Saved checkpoint to "model/Population_of_the_largest_settlement_imputer/model-0008.params"
2019-08-01 18:03:43,180 [INFO]  Epoch[8] Validation-cross-entropy=0.114629
2019-08-01 18:03:43,182 [INFO]  Epoch[8] Validation-Population_of_the_largest_settlement-accuracy=0.000000
2019-08-01 18:03:43,323 [INFO]  Epoch[9] Batch [0-22]	Speed: 2647.43 samples/sec	cross-entropy=0.099627	Population_of_the_largest_settlement-accuracy=0.000000
2019-08-01 18:03:43,448 [INFO]  Epoch[9] Train-cross-entropy=0.064292
2019-08-01 18:03:43,448 [INFO]  Epoch[9] Train-Population_of_the_largest_settlement-accuracy=0.000000
2019-08-01 18:03:43,449 [INFO]  Epoch[9] Time cost=0.266
2019-08-01 18:03:43,452 [INFO]  Saved checkpoint to "model/Population_of_the_largest_settlement_imputer/model-0009.params"
2019-08-01 18:03:43,490 [INFO]  Epoch[9] Validation-cross-entropy=0.093650
2019-08-01 18:03:43,491 [INFO]  Epoch[9] Validation-Population_of_the_largest_settlement-accuracy=0.000000
2019-08-01 18:03:43,646 [INFO]  Epoch[10] Batch [0-22]	Speed: 2414.84 samples/sec	cross-entropy=0.062519	Population_of_the_largest_settlement-accuracy=0.000000
2019-08-01 18:03:43,794 [INFO]  Epoch[10] Train-cross-entropy=0.049019
2019-08-01 18:03:43,795 [INFO]  Epoch[10] Train-Population_of_the_largest_settlement-accuracy=0.000000
2019-08-01 18:03:43,795 [INFO]  Epoch[10] Time cost=0.304
2019-08-01 18:03:43,799 [INFO]  Saved checkpoint to "model/Population_of_the_largest_settlement_imputer/model-0010.params"
2019-08-01 18:03:43,836 [INFO]  Epoch[10] Validation-cross-entropy=0.091330
2019-08-01 18:03:43,837 [INFO]  Epoch[10] Validation-Population_of_the_largest_settlement-accuracy=0.000000
2019-08-01 18:03:43,979 [INFO]  Epoch[11] Batch [0-22]	Speed: 2606.76 samples/sec	cross-entropy=0.081918	Population_of_the_largest_settlement-accuracy=0.000000
2019-08-01 18:03:44,102 [INFO]  Epoch[11] Train-cross-entropy=0.059698
2019-08-01 18:03:44,103 [INFO]  Epoch[11] Train-Population_of_the_largest_settlement-accuracy=0.000000
2019-08-01 18:03:44,104 [INFO]  Epoch[11] Time cost=0.266
2019-08-01 18:03:44,107 [INFO]  Saved checkpoint to "model/Population_of_the_largest_settlement_imputer/model-0011.params"
2019-08-01 18:03:44,141 [INFO]  Epoch[11] Validation-cross-entropy=0.109446
2019-08-01 18:03:44,142 [INFO]  Epoch[11] Validation-Population_of_the_largest_settlement-accuracy=0.000000
2019-08-01 18:03:44,303 [INFO]  Epoch[12] Batch [0-22]	Speed: 2304.79 samples/sec	cross-entropy=0.075331	Population_of_the_largest_settlement-accuracy=0.000000
2019-08-01 18:03:44,425 [INFO]  Epoch[12] Train-cross-entropy=0.061742
2019-08-01 18:03:44,426 [INFO]  Epoch[12] Train-Population_of_the_largest_settlement-accuracy=0.000000
2019-08-01 18:03:44,427 [INFO]  Epoch[12] Time cost=0.284
2019-08-01 18:03:44,430 [INFO]  Saved checkpoint to "model/Population_of_the_largest_settlement_imputer/model-0012.params"
2019-08-01 18:03:44,464 [INFO]  Epoch[12] Validation-cross-entropy=0.097828
2019-08-01 18:03:44,464 [INFO]  Epoch[12] Validation-Population_of_the_largest_settlement-accuracy=0.000000
2019-08-01 18:03:44,603 [INFO]  Epoch[13] Batch [0-22]	Speed: 2656.75 samples/sec	cross-entropy=0.076276	Population_of_the_largest_settlement-accuracy=0.000000
2019-08-01 18:03:44,728 [INFO]  Epoch[13] Train-cross-entropy=0.049917
2019-08-01 18:03:44,729 [INFO]  Epoch[13] Train-Population_of_the_largest_settlement-accuracy=0.000000
2019-08-01 18:03:44,730 [INFO]  Epoch[13] Time cost=0.265
2019-08-01 18:03:44,733 [INFO]  Saved checkpoint to "model/Population_of_the_largest_settlement_imputer/model-0013.params"
2019-08-01 18:03:44,766 [INFO]  Epoch[13] Validation-cross-entropy=0.082666
2019-08-01 18:03:44,767 [INFO]  Epoch[13] Validation-Population_of_the_largest_settlement-accuracy=0.000000
2019-08-01 18:03:44,922 [INFO]  Epoch[14] Batch [0-22]	Speed: 2396.30 samples/sec	cross-entropy=0.051795	Population_of_the_largest_settlement-accuracy=0.000000
2019-08-01 18:03:45,040 [INFO]  Epoch[14] Train-cross-entropy=0.035603
2019-08-01 18:03:45,041 [INFO]  Epoch[14] Train-Population_of_the_largest_settlement-accuracy=0.000000
2019-08-01 18:03:45,041 [INFO]  Epoch[14] Time cost=0.274
2019-08-01 18:03:45,044 [INFO]  Saved checkpoint to "model/Population_of_the_largest_settlement_imputer/model-0014.params"
2019-08-01 18:03:45,072 [INFO]  Epoch[14] Validation-cross-entropy=0.088578
2019-08-01 18:03:45,073 [INFO]  Epoch[14] Validation-Population_of_the_largest_settlement-accuracy=0.000000
2019-08-01 18:03:45,219 [INFO]  Epoch[15] Batch [0-22]	Speed: 2570.42 samples/sec	cross-entropy=0.069487	Population_of_the_largest_settlement-accuracy=0.000000
2019-08-01 18:03:45,341 [INFO]  Epoch[15] Train-cross-entropy=0.039272
2019-08-01 18:03:45,342 [INFO]  Epoch[15] Train-Population_of_the_largest_settlement-accuracy=0.000000
2019-08-01 18:03:45,342 [INFO]  Epoch[15] Time cost=0.269
2019-08-01 18:03:45,345 [INFO]  Saved checkpoint to "model/Population_of_the_largest_settlement_imputer/model-0015.params"
2019-08-01 18:03:45,374 [INFO]  Epoch[15] Validation-cross-entropy=0.053180
2019-08-01 18:03:45,375 [INFO]  Epoch[15] Validation-Population_of_the_largest_settlement-accuracy=0.000000
2019-08-01 18:03:45,518 [INFO]  Epoch[16] Batch [0-22]	Speed: 2626.47 samples/sec	cross-entropy=0.035459	Population_of_the_largest_settlement-accuracy=0.000000
2019-08-01 18:03:45,657 [INFO]  Epoch[16] Train-cross-entropy=0.064567
2019-08-01 18:03:45,658 [INFO]  Epoch[16] Train-Population_of_the_largest_settlement-accuracy=0.000000
2019-08-01 18:03:45,658 [INFO]  Epoch[16] Time cost=0.282
2019-08-01 18:03:45,661 [INFO]  Saved checkpoint to "model/Population_of_the_largest_settlement_imputer/model-0016.params"
2019-08-01 18:03:45,697 [INFO]  Epoch[16] Validation-cross-entropy=0.096623
2019-08-01 18:03:45,698 [INFO]  Epoch[16] Validation-Population_of_the_largest_settlement-accuracy=0.000000
2019-08-01 18:03:45,835 [INFO]  Epoch[17] Batch [0-22]	Speed: 2685.81 samples/sec	cross-entropy=0.133761	Population_of_the_largest_settlement-accuracy=0.000000
2019-08-01 18:03:45,961 [INFO]  Epoch[17] Train-cross-entropy=0.079451
2019-08-01 18:03:45,962 [INFO]  Epoch[17] Train-Population_of_the_largest_settlement-accuracy=0.000000
2019-08-01 18:03:45,962 [INFO]  Epoch[17] Time cost=0.264
2019-08-01 18:03:45,966 [INFO]  Saved checkpoint to "model/Population_of_the_largest_settlement_imputer/model-0017.params"
2019-08-01 18:03:45,992 [INFO]  Epoch[17] Validation-cross-entropy=0.069963
2019-08-01 18:03:45,994 [INFO]  Epoch[17] Validation-Population_of_the_largest_settlement-accuracy=0.000000
2019-08-01 18:03:46,135 [INFO]  Epoch[18] Batch [0-22]	Speed: 2661.18 samples/sec	cross-entropy=0.101383	Population_of_the_largest_settlement-accuracy=0.000000
2019-08-01 18:03:46,259 [INFO]  Epoch[18] Train-cross-entropy=0.114233
2019-08-01 18:03:46,260 [INFO]  Epoch[18] Train-Population_of_the_largest_settlement-accuracy=0.000000
2019-08-01 18:03:46,260 [INFO]  Epoch[18] Time cost=0.265
2019-08-01 18:03:46,263 [INFO]  Saved checkpoint to "model/Population_of_the_largest_settlement_imputer/model-0018.params"
2019-08-01 18:03:46,291 [INFO]  Epoch[18] Validation-cross-entropy=0.138556
2019-08-01 18:03:46,292 [INFO]  Epoch[18] Validation-Population_of_the_largest_settlement-accuracy=0.000000
2019-08-01 18:03:46,433 [INFO]  Epoch[19] Batch [0-22]	Speed: 2667.80 samples/sec	cross-entropy=0.203606	Population_of_the_largest_settlement-accuracy=0.000000
2019-08-01 18:03:46,553 [INFO]  Epoch[19] Train-cross-entropy=0.104624
2019-08-01 18:03:46,554 [INFO]  Epoch[19] Train-Population_of_the_largest_settlement-accuracy=0.000000
2019-08-01 18:03:46,555 [INFO]  Epoch[19] Time cost=0.262
2019-08-01 18:03:46,558 [INFO]  Saved checkpoint to "model/Population_of_the_largest_settlement_imputer/model-0019.params"
2019-08-01 18:03:46,593 [INFO]  Epoch[19] Validation-cross-entropy=0.066684
2019-08-01 18:03:46,594 [INFO]  Epoch[19] Validation-Population_of_the_largest_settlement-accuracy=0.000000
2019-08-01 18:03:46,745 [INFO]  Epoch[20] Batch [0-22]	Speed: 2466.97 samples/sec	cross-entropy=0.079673	Population_of_the_largest_settlement-accuracy=0.000000
2019-08-01 18:03:46,870 [INFO]  Epoch[20] Train-cross-entropy=0.075898
2019-08-01 18:03:46,871 [INFO]  Epoch[20] Train-Population_of_the_largest_settlement-accuracy=0.000000
2019-08-01 18:03:46,871 [INFO]  Epoch[20] Time cost=0.276
2019-08-01 18:03:46,874 [INFO]  Saved checkpoint to "model/Population_of_the_largest_settlement_imputer/model-0020.params"
2019-08-01 18:03:46,903 [INFO]  No improvement detected for 5 epochs compared to 0.05317965596914291 last error obtained: 0.10414546020328999, stopping here
2019-08-01 18:03:46,904 [INFO]  
========== done (6.534115314483643 s) fit model
