2019-08-08 14:11:20,156 [INFO]  CategoricalEncoder for column Most_frequent_ritual_frequency_per_participant                                found only 83 occurrences of value seasonally
2019-08-08 14:11:20,163 [INFO]  CategoricalEncoder for column Most_frequent_ritual_frequency_per_participant                                found only 80 occurrences of value monthly
2019-08-08 14:11:20,167 [INFO]  CategoricalEncoder for column Most_frequent_ritual_frequency_per_participant                                found only 13 occurrences of value yearly
2019-08-08 14:11:20,170 [INFO]  CategoricalEncoder for column Most_frequent_ritual_frequency_per_participant                                found only 5 occurrences of value monthly/seasonal
2019-08-08 14:11:20,174 [INFO]  CategoricalEncoder for column Most_frequent_ritual_frequency_per_participant                                found only 3 occurrences of value once in a lifetime
2019-08-08 14:11:22,888 [INFO]  
========== start: fit model
2019-08-08 14:11:22,890 [WARNING]  Already bound, ignoring bind()
2019-08-08 14:11:23,134 [INFO]  Epoch[0] Batch [0-21]	Speed: 1493.64 samples/sec	cross-entropy=1.213408	Most_frequent_ritual_frequency_per_participant-accuracy=0.531250
2019-08-08 14:11:23,378 [INFO]  Epoch[0] Train-cross-entropy=0.686958
2019-08-08 14:11:23,382 [INFO]  Epoch[0] Train-Most_frequent_ritual_frequency_per_participant-accuracy=0.773026
2019-08-08 14:11:23,386 [INFO]  Epoch[0] Time cost=0.492
2019-08-08 14:11:23,394 [INFO]  Saved checkpoint to "model/Most_frequent_ritual_frequency_per_participant_imputer/model-0000.params"
2019-08-08 14:11:23,435 [INFO]  Epoch[0] Validation-cross-entropy=0.906208
2019-08-08 14:11:23,439 [INFO]  Epoch[0] Validation-Most_frequent_ritual_frequency_per_participant-accuracy=0.687500
2019-08-08 14:11:23,678 [INFO]  Epoch[1] Batch [0-21]	Speed: 1518.05 samples/sec	cross-entropy=0.425592	Most_frequent_ritual_frequency_per_participant-accuracy=0.875000
2019-08-08 14:11:23,867 [INFO]  Epoch[1] Train-cross-entropy=0.295226
2019-08-08 14:11:23,871 [INFO]  Epoch[1] Train-Most_frequent_ritual_frequency_per_participant-accuracy=0.921053
2019-08-08 14:11:23,873 [INFO]  Epoch[1] Time cost=0.431
2019-08-08 14:11:23,881 [INFO]  Saved checkpoint to "model/Most_frequent_ritual_frequency_per_participant_imputer/model-0001.params"
2019-08-08 14:11:23,926 [INFO]  Epoch[1] Validation-cross-entropy=0.520797
2019-08-08 14:11:23,929 [INFO]  Epoch[1] Validation-Most_frequent_ritual_frequency_per_participant-accuracy=0.750000
2019-08-08 14:11:24,144 [INFO]  Epoch[2] Batch [0-21]	Speed: 1705.84 samples/sec	cross-entropy=0.232353	Most_frequent_ritual_frequency_per_participant-accuracy=0.943182
2019-08-08 14:11:24,350 [INFO]  Epoch[2] Train-cross-entropy=0.174454
2019-08-08 14:11:24,352 [INFO]  Epoch[2] Train-Most_frequent_ritual_frequency_per_participant-accuracy=0.957237
2019-08-08 14:11:24,355 [INFO]  Epoch[2] Time cost=0.423
2019-08-08 14:11:24,364 [INFO]  Saved checkpoint to "model/Most_frequent_ritual_frequency_per_participant_imputer/model-0002.params"
2019-08-08 14:11:24,403 [INFO]  Epoch[2] Validation-cross-entropy=0.291171
2019-08-08 14:11:24,408 [INFO]  Epoch[2] Validation-Most_frequent_ritual_frequency_per_participant-accuracy=0.925000
2019-08-08 14:11:24,639 [INFO]  Epoch[3] Batch [0-21]	Speed: 1590.77 samples/sec	cross-entropy=0.142124	Most_frequent_ritual_frequency_per_participant-accuracy=0.965909
2019-08-08 14:11:24,825 [INFO]  Epoch[3] Train-cross-entropy=0.118972
2019-08-08 14:11:24,828 [INFO]  Epoch[3] Train-Most_frequent_ritual_frequency_per_participant-accuracy=0.963816
2019-08-08 14:11:24,831 [INFO]  Epoch[3] Time cost=0.419
2019-08-08 14:11:24,839 [INFO]  Saved checkpoint to "model/Most_frequent_ritual_frequency_per_participant_imputer/model-0003.params"
2019-08-08 14:11:24,881 [INFO]  Epoch[3] Validation-cross-entropy=0.211942
2019-08-08 14:11:24,884 [INFO]  Epoch[3] Validation-Most_frequent_ritual_frequency_per_participant-accuracy=0.912500
2019-08-08 14:11:25,097 [INFO]  Epoch[4] Batch [0-21]	Speed: 1698.60 samples/sec	cross-entropy=0.096736	Most_frequent_ritual_frequency_per_participant-accuracy=0.971591
2019-08-08 14:11:25,281 [INFO]  Epoch[4] Train-cross-entropy=0.091464
2019-08-08 14:11:25,283 [INFO]  Epoch[4] Train-Most_frequent_ritual_frequency_per_participant-accuracy=0.973684
2019-08-08 14:11:25,286 [INFO]  Epoch[4] Time cost=0.399
2019-08-08 14:11:25,296 [INFO]  Saved checkpoint to "model/Most_frequent_ritual_frequency_per_participant_imputer/model-0004.params"
2019-08-08 14:11:25,344 [INFO]  Epoch[4] Validation-cross-entropy=0.175426
2019-08-08 14:11:25,348 [INFO]  Epoch[4] Validation-Most_frequent_ritual_frequency_per_participant-accuracy=0.925000
2019-08-08 14:11:25,590 [INFO]  Epoch[5] Batch [0-21]	Speed: 1492.01 samples/sec	cross-entropy=0.065934	Most_frequent_ritual_frequency_per_participant-accuracy=0.977273
2019-08-08 14:11:25,785 [INFO]  Epoch[5] Train-cross-entropy=0.068450
2019-08-08 14:11:25,787 [INFO]  Epoch[5] Train-Most_frequent_ritual_frequency_per_participant-accuracy=0.980263
2019-08-08 14:11:25,790 [INFO]  Epoch[5] Time cost=0.439
2019-08-08 14:11:25,799 [INFO]  Saved checkpoint to "model/Most_frequent_ritual_frequency_per_participant_imputer/model-0005.params"
2019-08-08 14:11:25,834 [INFO]  Epoch[5] Validation-cross-entropy=0.157516
2019-08-08 14:11:25,838 [INFO]  Epoch[5] Validation-Most_frequent_ritual_frequency_per_participant-accuracy=0.950000
2019-08-08 14:11:26,046 [INFO]  Epoch[6] Batch [0-21]	Speed: 1767.46 samples/sec	cross-entropy=0.049687	Most_frequent_ritual_frequency_per_participant-accuracy=0.991477
2019-08-08 14:11:26,234 [INFO]  Epoch[6] Train-cross-entropy=0.051623
2019-08-08 14:11:26,237 [INFO]  Epoch[6] Train-Most_frequent_ritual_frequency_per_participant-accuracy=0.983553
2019-08-08 14:11:26,239 [INFO]  Epoch[6] Time cost=0.398
2019-08-08 14:11:26,250 [INFO]  Saved checkpoint to "model/Most_frequent_ritual_frequency_per_participant_imputer/model-0006.params"
2019-08-08 14:11:26,293 [INFO]  Epoch[6] Validation-cross-entropy=0.132394
2019-08-08 14:11:26,297 [INFO]  Epoch[6] Validation-Most_frequent_ritual_frequency_per_participant-accuracy=0.950000
2019-08-08 14:11:26,506 [INFO]  Epoch[7] Batch [0-21]	Speed: 1712.06 samples/sec	cross-entropy=0.036951	Most_frequent_ritual_frequency_per_participant-accuracy=0.994318
2019-08-08 14:11:26,691 [INFO]  Epoch[7] Train-cross-entropy=0.038208
2019-08-08 14:11:26,693 [INFO]  Epoch[7] Train-Most_frequent_ritual_frequency_per_participant-accuracy=0.983553
2019-08-08 14:11:26,699 [INFO]  Epoch[7] Time cost=0.399
2019-08-08 14:11:26,706 [INFO]  Saved checkpoint to "model/Most_frequent_ritual_frequency_per_participant_imputer/model-0007.params"
2019-08-08 14:11:26,753 [INFO]  Epoch[7] Validation-cross-entropy=0.124353
2019-08-08 14:11:26,756 [INFO]  Epoch[7] Validation-Most_frequent_ritual_frequency_per_participant-accuracy=0.962500
2019-08-08 14:11:26,979 [INFO]  Epoch[8] Batch [0-21]	Speed: 1626.19 samples/sec	cross-entropy=0.028821	Most_frequent_ritual_frequency_per_participant-accuracy=0.994318
2019-08-08 14:11:27,177 [INFO]  Epoch[8] Train-cross-entropy=0.026248
2019-08-08 14:11:27,180 [INFO]  Epoch[8] Train-Most_frequent_ritual_frequency_per_participant-accuracy=0.993421
2019-08-08 14:11:27,182 [INFO]  Epoch[8] Time cost=0.424
2019-08-08 14:11:27,191 [INFO]  Saved checkpoint to "model/Most_frequent_ritual_frequency_per_participant_imputer/model-0008.params"
2019-08-08 14:11:27,230 [INFO]  Epoch[8] Validation-cross-entropy=0.121355
2019-08-08 14:11:27,233 [INFO]  Epoch[8] Validation-Most_frequent_ritual_frequency_per_participant-accuracy=0.962500
2019-08-08 14:11:27,469 [INFO]  Epoch[9] Batch [0-21]	Speed: 1530.93 samples/sec	cross-entropy=0.022436	Most_frequent_ritual_frequency_per_participant-accuracy=0.997159
2019-08-08 14:11:27,660 [INFO]  Epoch[9] Train-cross-entropy=0.017510
2019-08-08 14:11:27,663 [INFO]  Epoch[9] Train-Most_frequent_ritual_frequency_per_participant-accuracy=1.000000
2019-08-08 14:11:27,666 [INFO]  Epoch[9] Time cost=0.431
2019-08-08 14:11:27,674 [INFO]  Saved checkpoint to "model/Most_frequent_ritual_frequency_per_participant_imputer/model-0009.params"
2019-08-08 14:11:27,717 [INFO]  Epoch[9] Validation-cross-entropy=0.123985
2019-08-08 14:11:27,719 [INFO]  Epoch[9] Validation-Most_frequent_ritual_frequency_per_participant-accuracy=0.962500
2019-08-08 14:11:27,947 [INFO]  Epoch[10] Batch [0-21]	Speed: 1594.85 samples/sec	cross-entropy=0.017565	Most_frequent_ritual_frequency_per_participant-accuracy=0.997159
2019-08-08 14:11:28,137 [INFO]  Epoch[10] Train-cross-entropy=0.012463
2019-08-08 14:11:28,140 [INFO]  Epoch[10] Train-Most_frequent_ritual_frequency_per_participant-accuracy=1.000000
2019-08-08 14:11:28,144 [INFO]  Epoch[10] Time cost=0.420
2019-08-08 14:11:28,152 [INFO]  Saved checkpoint to "model/Most_frequent_ritual_frequency_per_participant_imputer/model-0010.params"
2019-08-08 14:11:28,188 [INFO]  Epoch[10] Validation-cross-entropy=0.125704
2019-08-08 14:11:28,191 [INFO]  Epoch[10] Validation-Most_frequent_ritual_frequency_per_participant-accuracy=0.962500
2019-08-08 14:11:28,461 [INFO]  Epoch[11] Batch [0-21]	Speed: 1376.84 samples/sec	cross-entropy=0.015440	Most_frequent_ritual_frequency_per_participant-accuracy=0.997159
2019-08-08 14:11:28,700 [INFO]  Epoch[11] Train-cross-entropy=0.009413
2019-08-08 14:11:28,703 [INFO]  Epoch[11] Train-Most_frequent_ritual_frequency_per_participant-accuracy=1.000000
2019-08-08 14:11:28,706 [INFO]  Epoch[11] Time cost=0.508
2019-08-08 14:11:28,717 [INFO]  Saved checkpoint to "model/Most_frequent_ritual_frequency_per_participant_imputer/model-0011.params"
2019-08-08 14:11:28,771 [INFO]  Epoch[11] Validation-cross-entropy=0.126688
2019-08-08 14:11:28,774 [INFO]  Epoch[11] Validation-Most_frequent_ritual_frequency_per_participant-accuracy=0.962500
2019-08-08 14:11:29,035 [INFO]  Epoch[12] Batch [0-21]	Speed: 1397.60 samples/sec	cross-entropy=0.013992	Most_frequent_ritual_frequency_per_participant-accuracy=0.997159
2019-08-08 14:11:29,246 [INFO]  Epoch[12] Train-cross-entropy=0.007718
2019-08-08 14:11:29,249 [INFO]  Epoch[12] Train-Most_frequent_ritual_frequency_per_participant-accuracy=1.000000
2019-08-08 14:11:29,251 [INFO]  Epoch[12] Time cost=0.470
2019-08-08 14:11:29,260 [INFO]  Saved checkpoint to "model/Most_frequent_ritual_frequency_per_participant_imputer/model-0012.params"
2019-08-08 14:11:29,300 [INFO]  Epoch[12] Validation-cross-entropy=0.124854
2019-08-08 14:11:29,303 [INFO]  Epoch[12] Validation-Most_frequent_ritual_frequency_per_participant-accuracy=0.962500
2019-08-08 14:11:29,532 [INFO]  Epoch[13] Batch [0-21]	Speed: 1586.03 samples/sec	cross-entropy=0.013178	Most_frequent_ritual_frequency_per_participant-accuracy=0.997159
2019-08-08 14:11:29,736 [INFO]  Epoch[13] Train-cross-entropy=0.006459
2019-08-08 14:11:29,740 [INFO]  Epoch[13] Train-Most_frequent_ritual_frequency_per_participant-accuracy=1.000000
2019-08-08 14:11:29,743 [INFO]  Epoch[13] Time cost=0.437
2019-08-08 14:11:29,751 [INFO]  Saved checkpoint to "model/Most_frequent_ritual_frequency_per_participant_imputer/model-0013.params"
2019-08-08 14:11:29,789 [INFO]  No improvement detected for 5 epochs compared to 0.12135470379143953 last error obtained: 0.1222584554925561, stopping here
2019-08-08 14:11:29,793 [INFO]  
========== done (6.9052300453186035 s) fit model
2019-08-08 14:11:33,647 [INFO]  CategoricalEncoder for column Most_widespread_ritual_frequency_for_audience                                found only 62 occurrences of value daily
2019-08-08 14:11:33,651 [INFO]  CategoricalEncoder for column Most_widespread_ritual_frequency_for_audience                                found only 51 occurrences of value yearly
2019-08-08 14:11:33,655 [INFO]  CategoricalEncoder for column Most_widespread_ritual_frequency_for_audience                                found only 38 occurrences of value monthly
2019-08-08 14:11:33,659 [INFO]  CategoricalEncoder for column Most_widespread_ritual_frequency_for_audience                                found only 19 occurrences of value seasonally
2019-08-08 14:11:33,661 [INFO]  CategoricalEncoder for column Most_widespread_ritual_frequency_for_audience                                found only 19 occurrences of value weekly
2019-08-08 14:11:33,663 [INFO]  CategoricalEncoder for column Most_widespread_ritual_frequency_for_audience                                found only 6 occurrences of value once per generation
2019-08-08 14:11:33,666 [INFO]  CategoricalEncoder for column Most_widespread_ritual_frequency_for_audience                                found only 3 occurrences of value not applicalbe
2019-08-08 14:11:33,668 [INFO]  CategoricalEncoder for column Most_widespread_ritual_frequency_for_audience                                found only 1 occurrences of value seasonal
2019-08-08 14:11:36,507 [WARNING]  Test set does not contain any ocurrences of values [not applicalbe] in column [Most_widespread_ritual_frequency_for_audience], consider using a more representative test set.
2019-08-08 14:11:36,513 [INFO]  
========== start: fit model
2019-08-08 14:11:36,516 [WARNING]  Already bound, ignoring bind()
2019-08-08 14:11:36,795 [INFO]  Epoch[0] Batch [0-21]	Speed: 1321.86 samples/sec	cross-entropy=1.155311	Most_widespread_ritual_frequency_for_audience-accuracy=0.704545
2019-08-08 14:11:37,016 [INFO]  Epoch[0] Train-cross-entropy=0.891594
2019-08-08 14:11:37,019 [INFO]  Epoch[0] Train-Most_widespread_ritual_frequency_for_audience-accuracy=0.690625
2019-08-08 14:11:37,022 [INFO]  Epoch[0] Time cost=0.502
2019-08-08 14:11:37,034 [INFO]  Saved checkpoint to "model/Most_widespread_ritual_frequency_for_audience_imputer/model-0000.params"
2019-08-08 14:11:37,082 [INFO]  Epoch[0] Validation-cross-entropy=0.884171
2019-08-08 14:11:37,086 [INFO]  Epoch[0] Validation-Most_widespread_ritual_frequency_for_audience-accuracy=0.675000
2019-08-08 14:11:37,341 [INFO]  Epoch[1] Batch [0-21]	Speed: 1421.85 samples/sec	cross-entropy=0.557634	Most_widespread_ritual_frequency_for_audience-accuracy=0.795455
2019-08-08 14:11:37,570 [INFO]  Epoch[1] Train-cross-entropy=0.511264
2019-08-08 14:11:37,574 [INFO]  Epoch[1] Train-Most_widespread_ritual_frequency_for_audience-accuracy=0.815625
2019-08-08 14:11:37,576 [INFO]  Epoch[1] Time cost=0.488
2019-08-08 14:11:37,588 [INFO]  Saved checkpoint to "model/Most_widespread_ritual_frequency_for_audience_imputer/model-0001.params"
2019-08-08 14:11:37,640 [INFO]  Epoch[1] Validation-cross-entropy=0.600290
2019-08-08 14:11:37,644 [INFO]  Epoch[1] Validation-Most_widespread_ritual_frequency_for_audience-accuracy=0.800000
2019-08-08 14:11:37,908 [INFO]  Epoch[2] Batch [0-21]	Speed: 1394.65 samples/sec	cross-entropy=0.276804	Most_widespread_ritual_frequency_for_audience-accuracy=0.906250
2019-08-08 14:11:38,129 [INFO]  Epoch[2] Train-cross-entropy=0.260468
2019-08-08 14:11:38,132 [INFO]  Epoch[2] Train-Most_widespread_ritual_frequency_for_audience-accuracy=0.931250
2019-08-08 14:11:38,135 [INFO]  Epoch[2] Time cost=0.484
2019-08-08 14:11:38,143 [INFO]  Saved checkpoint to "model/Most_widespread_ritual_frequency_for_audience_imputer/model-0002.params"
2019-08-08 14:11:38,187 [INFO]  Epoch[2] Validation-cross-entropy=0.411290
2019-08-08 14:11:38,190 [INFO]  Epoch[2] Validation-Most_widespread_ritual_frequency_for_audience-accuracy=0.887500
2019-08-08 14:11:38,454 [INFO]  Epoch[3] Batch [0-21]	Speed: 1373.79 samples/sec	cross-entropy=0.141007	Most_widespread_ritual_frequency_for_audience-accuracy=0.963068
2019-08-08 14:11:38,720 [INFO]  Epoch[3] Train-cross-entropy=0.134844
2019-08-08 14:11:38,724 [INFO]  Epoch[3] Train-Most_widespread_ritual_frequency_for_audience-accuracy=0.965625
2019-08-08 14:11:38,729 [INFO]  Epoch[3] Time cost=0.537
2019-08-08 14:11:38,746 [INFO]  Saved checkpoint to "model/Most_widespread_ritual_frequency_for_audience_imputer/model-0003.params"
2019-08-08 14:11:38,812 [INFO]  Epoch[3] Validation-cross-entropy=0.323465
2019-08-08 14:11:38,818 [INFO]  Epoch[3] Validation-Most_widespread_ritual_frequency_for_audience-accuracy=0.887500
2019-08-08 14:11:39,116 [INFO]  Epoch[4] Batch [0-21]	Speed: 1262.03 samples/sec	cross-entropy=0.077705	Most_widespread_ritual_frequency_for_audience-accuracy=0.982955
2019-08-08 14:11:39,351 [INFO]  Epoch[4] Train-cross-entropy=0.078385
2019-08-08 14:11:39,354 [INFO]  Epoch[4] Train-Most_widespread_ritual_frequency_for_audience-accuracy=0.987500
2019-08-08 14:11:39,358 [INFO]  Epoch[4] Time cost=0.534
2019-08-08 14:11:39,367 [INFO]  Saved checkpoint to "model/Most_widespread_ritual_frequency_for_audience_imputer/model-0004.params"
2019-08-08 14:11:39,403 [INFO]  Epoch[4] Validation-cross-entropy=0.269623
2019-08-08 14:11:39,407 [INFO]  Epoch[4] Validation-Most_widespread_ritual_frequency_for_audience-accuracy=0.887500
2019-08-08 14:11:39,668 [INFO]  Epoch[5] Batch [0-21]	Speed: 1372.53 samples/sec	cross-entropy=0.047992	Most_widespread_ritual_frequency_for_audience-accuracy=0.988636
2019-08-08 14:11:39,938 [INFO]  Epoch[5] Train-cross-entropy=0.052109
2019-08-08 14:11:39,940 [INFO]  Epoch[5] Train-Most_widespread_ritual_frequency_for_audience-accuracy=0.990625
2019-08-08 14:11:39,944 [INFO]  Epoch[5] Time cost=0.533
2019-08-08 14:11:39,954 [INFO]  Saved checkpoint to "model/Most_widespread_ritual_frequency_for_audience_imputer/model-0005.params"
2019-08-08 14:11:39,991 [INFO]  Epoch[5] Validation-cross-entropy=0.231559
2019-08-08 14:11:39,997 [INFO]  Epoch[5] Validation-Most_widespread_ritual_frequency_for_audience-accuracy=0.900000
2019-08-08 14:11:40,308 [INFO]  Epoch[6] Batch [0-21]	Speed: 1132.60 samples/sec	cross-entropy=0.031797	Most_widespread_ritual_frequency_for_audience-accuracy=0.988636
2019-08-08 14:11:40,534 [INFO]  Epoch[6] Train-cross-entropy=0.037091
2019-08-08 14:11:40,537 [INFO]  Epoch[6] Train-Most_widespread_ritual_frequency_for_audience-accuracy=0.990625
2019-08-08 14:11:40,540 [INFO]  Epoch[6] Time cost=0.540
2019-08-08 14:11:40,551 [INFO]  Saved checkpoint to "model/Most_widespread_ritual_frequency_for_audience_imputer/model-0006.params"
2019-08-08 14:11:40,598 [INFO]  Epoch[6] Validation-cross-entropy=0.202495
2019-08-08 14:11:40,601 [INFO]  Epoch[6] Validation-Most_widespread_ritual_frequency_for_audience-accuracy=0.937500
2019-08-08 14:11:40,853 [INFO]  Epoch[7] Batch [0-21]	Speed: 1435.19 samples/sec	cross-entropy=0.020660	Most_widespread_ritual_frequency_for_audience-accuracy=0.994318
2019-08-08 14:11:41,108 [INFO]  Epoch[7] Train-cross-entropy=0.028157
2019-08-08 14:11:41,112 [INFO]  Epoch[7] Train-Most_widespread_ritual_frequency_for_audience-accuracy=0.993750
2019-08-08 14:11:41,117 [INFO]  Epoch[7] Time cost=0.512
2019-08-08 14:11:41,126 [INFO]  Saved checkpoint to "model/Most_widespread_ritual_frequency_for_audience_imputer/model-0007.params"
2019-08-08 14:11:41,177 [INFO]  Epoch[7] Validation-cross-entropy=0.177769
2019-08-08 14:11:41,181 [INFO]  Epoch[7] Validation-Most_widespread_ritual_frequency_for_audience-accuracy=0.937500
2019-08-08 14:11:41,473 [INFO]  Epoch[8] Batch [0-21]	Speed: 1211.18 samples/sec	cross-entropy=0.014827	Most_widespread_ritual_frequency_for_audience-accuracy=1.000000
2019-08-08 14:11:41,780 [INFO]  Epoch[8] Train-cross-entropy=0.022234
2019-08-08 14:11:41,784 [INFO]  Epoch[8] Train-Most_widespread_ritual_frequency_for_audience-accuracy=0.996875
2019-08-08 14:11:41,788 [INFO]  Epoch[8] Time cost=0.604
2019-08-08 14:11:41,800 [INFO]  Saved checkpoint to "model/Most_widespread_ritual_frequency_for_audience_imputer/model-0008.params"
2019-08-08 14:11:41,844 [INFO]  Epoch[8] Validation-cross-entropy=0.179753
2019-08-08 14:11:41,848 [INFO]  Epoch[8] Validation-Most_widespread_ritual_frequency_for_audience-accuracy=0.937500
2019-08-08 14:11:42,101 [INFO]  Epoch[9] Batch [0-21]	Speed: 1435.58 samples/sec	cross-entropy=0.011775	Most_widespread_ritual_frequency_for_audience-accuracy=1.000000
2019-08-08 14:11:42,336 [INFO]  Epoch[9] Train-cross-entropy=0.018931
2019-08-08 14:11:42,338 [INFO]  Epoch[9] Train-Most_widespread_ritual_frequency_for_audience-accuracy=0.996875
2019-08-08 14:11:42,341 [INFO]  Epoch[9] Time cost=0.491
2019-08-08 14:11:42,353 [INFO]  Saved checkpoint to "model/Most_widespread_ritual_frequency_for_audience_imputer/model-0009.params"
2019-08-08 14:11:42,405 [INFO]  Epoch[9] Validation-cross-entropy=0.174413
2019-08-08 14:11:42,408 [INFO]  Epoch[9] Validation-Most_widespread_ritual_frequency_for_audience-accuracy=0.950000
2019-08-08 14:11:42,667 [INFO]  Epoch[10] Batch [0-21]	Speed: 1414.92 samples/sec	cross-entropy=0.010069	Most_widespread_ritual_frequency_for_audience-accuracy=0.997159
2019-08-08 14:11:42,948 [INFO]  Epoch[10] Train-cross-entropy=0.016480
2019-08-08 14:11:42,951 [INFO]  Epoch[10] Train-Most_widespread_ritual_frequency_for_audience-accuracy=0.996875
2019-08-08 14:11:42,953 [INFO]  Epoch[10] Time cost=0.540
2019-08-08 14:11:42,967 [INFO]  Saved checkpoint to "model/Most_widespread_ritual_frequency_for_audience_imputer/model-0010.params"
2019-08-08 14:11:43,036 [INFO]  Epoch[10] Validation-cross-entropy=0.173932
2019-08-08 14:11:43,044 [INFO]  Epoch[10] Validation-Most_widespread_ritual_frequency_for_audience-accuracy=0.950000
2019-08-08 14:11:43,330 [INFO]  Epoch[11] Batch [0-21]	Speed: 1289.15 samples/sec	cross-entropy=0.008848	Most_widespread_ritual_frequency_for_audience-accuracy=0.997159
2019-08-08 14:11:43,620 [INFO]  Epoch[11] Train-cross-entropy=0.014957
2019-08-08 14:11:43,624 [INFO]  Epoch[11] Train-Most_widespread_ritual_frequency_for_audience-accuracy=0.996875
2019-08-08 14:11:43,629 [INFO]  Epoch[11] Time cost=0.579
2019-08-08 14:11:43,640 [INFO]  Saved checkpoint to "model/Most_widespread_ritual_frequency_for_audience_imputer/model-0011.params"
2019-08-08 14:11:43,709 [INFO]  Epoch[11] Validation-cross-entropy=0.168470
2019-08-08 14:11:43,716 [INFO]  Epoch[11] Validation-Most_widespread_ritual_frequency_for_audience-accuracy=0.950000
2019-08-08 14:11:43,982 [INFO]  Epoch[12] Batch [0-21]	Speed: 1369.27 samples/sec	cross-entropy=0.008061	Most_widespread_ritual_frequency_for_audience-accuracy=0.997159
2019-08-08 14:11:44,243 [INFO]  Epoch[12] Train-cross-entropy=0.013551
2019-08-08 14:11:44,248 [INFO]  Epoch[12] Train-Most_widespread_ritual_frequency_for_audience-accuracy=0.996875
2019-08-08 14:11:44,252 [INFO]  Epoch[12] Time cost=0.532
2019-08-08 14:11:44,260 [INFO]  Saved checkpoint to "model/Most_widespread_ritual_frequency_for_audience_imputer/model-0012.params"
2019-08-08 14:11:44,316 [INFO]  Epoch[12] Validation-cross-entropy=0.163473
2019-08-08 14:11:44,321 [INFO]  Epoch[12] Validation-Most_widespread_ritual_frequency_for_audience-accuracy=0.950000
2019-08-08 14:11:44,665 [INFO]  Epoch[13] Batch [0-21]	Speed: 1038.88 samples/sec	cross-entropy=0.007298	Most_widespread_ritual_frequency_for_audience-accuracy=0.997159
2019-08-08 14:11:44,922 [INFO]  Epoch[13] Train-cross-entropy=0.012463
2019-08-08 14:11:44,925 [INFO]  Epoch[13] Train-Most_widespread_ritual_frequency_for_audience-accuracy=0.996875
2019-08-08 14:11:44,928 [INFO]  Epoch[13] Time cost=0.604
2019-08-08 14:11:44,940 [INFO]  Saved checkpoint to "model/Most_widespread_ritual_frequency_for_audience_imputer/model-0013.params"
2019-08-08 14:11:45,010 [INFO]  Epoch[13] Validation-cross-entropy=0.164907
2019-08-08 14:11:45,013 [INFO]  Epoch[13] Validation-Most_widespread_ritual_frequency_for_audience-accuracy=0.950000
2019-08-08 14:11:45,272 [INFO]  Epoch[14] Batch [0-21]	Speed: 1409.86 samples/sec	cross-entropy=0.006641	Most_widespread_ritual_frequency_for_audience-accuracy=0.997159
2019-08-08 14:11:45,490 [INFO]  Epoch[14] Train-cross-entropy=0.011337
2019-08-08 14:11:45,495 [INFO]  Epoch[14] Train-Most_widespread_ritual_frequency_for_audience-accuracy=0.996875
2019-08-08 14:11:45,499 [INFO]  Epoch[14] Time cost=0.483
2019-08-08 14:11:45,521 [INFO]  Saved checkpoint to "model/Most_widespread_ritual_frequency_for_audience_imputer/model-0014.params"
2019-08-08 14:11:45,585 [INFO]  Epoch[14] Validation-cross-entropy=0.160747
2019-08-08 14:11:45,588 [INFO]  Epoch[14] Validation-Most_widespread_ritual_frequency_for_audience-accuracy=0.950000
2019-08-08 14:11:45,908 [INFO]  Epoch[15] Batch [0-21]	Speed: 1126.14 samples/sec	cross-entropy=0.005994	Most_widespread_ritual_frequency_for_audience-accuracy=0.997159
2019-08-08 14:11:46,095 [INFO]  Epoch[15] Train-cross-entropy=0.010443
2019-08-08 14:11:46,098 [INFO]  Epoch[15] Train-Most_widespread_ritual_frequency_for_audience-accuracy=0.996875
2019-08-08 14:11:46,100 [INFO]  Epoch[15] Time cost=0.507
2019-08-08 14:11:46,108 [INFO]  Saved checkpoint to "model/Most_widespread_ritual_frequency_for_audience_imputer/model-0015.params"
2019-08-08 14:11:46,152 [INFO]  Epoch[15] Validation-cross-entropy=0.158873
2019-08-08 14:11:46,155 [INFO]  Epoch[15] Validation-Most_widespread_ritual_frequency_for_audience-accuracy=0.950000
2019-08-08 14:11:46,356 [INFO]  Epoch[16] Batch [0-21]	Speed: 1790.72 samples/sec	cross-entropy=0.005606	Most_widespread_ritual_frequency_for_audience-accuracy=0.997159
2019-08-08 14:11:46,541 [INFO]  Epoch[16] Train-cross-entropy=0.009472
2019-08-08 14:11:46,544 [INFO]  Epoch[16] Train-Most_widespread_ritual_frequency_for_audience-accuracy=0.996875
2019-08-08 14:11:46,547 [INFO]  Epoch[16] Time cost=0.390
2019-08-08 14:11:46,556 [INFO]  Saved checkpoint to "model/Most_widespread_ritual_frequency_for_audience_imputer/model-0016.params"
2019-08-08 14:11:46,602 [INFO]  Epoch[16] Validation-cross-entropy=0.160611
2019-08-08 14:11:46,606 [INFO]  Epoch[16] Validation-Most_widespread_ritual_frequency_for_audience-accuracy=0.950000
2019-08-08 14:11:46,802 [INFO]  Epoch[17] Batch [0-21]	Speed: 1836.23 samples/sec	cross-entropy=0.005140	Most_widespread_ritual_frequency_for_audience-accuracy=0.997159
2019-08-08 14:11:46,999 [INFO]  Epoch[17] Train-cross-entropy=0.008704
2019-08-08 14:11:47,002 [INFO]  Epoch[17] Train-Most_widespread_ritual_frequency_for_audience-accuracy=0.996875
2019-08-08 14:11:47,005 [INFO]  Epoch[17] Time cost=0.395
2019-08-08 14:11:47,012 [INFO]  Saved checkpoint to "model/Most_widespread_ritual_frequency_for_audience_imputer/model-0017.params"
2019-08-08 14:11:47,050 [INFO]  Epoch[17] Validation-cross-entropy=0.162677
2019-08-08 14:11:47,053 [INFO]  Epoch[17] Validation-Most_widespread_ritual_frequency_for_audience-accuracy=0.950000
2019-08-08 14:11:47,274 [INFO]  Epoch[18] Batch [0-21]	Speed: 1618.56 samples/sec	cross-entropy=0.004801	Most_widespread_ritual_frequency_for_audience-accuracy=0.997159
2019-08-08 14:11:47,477 [INFO]  Epoch[18] Train-cross-entropy=0.007959
2019-08-08 14:11:47,480 [INFO]  Epoch[18] Train-Most_widespread_ritual_frequency_for_audience-accuracy=0.996875
2019-08-08 14:11:47,482 [INFO]  Epoch[18] Time cost=0.427
2019-08-08 14:11:47,491 [INFO]  Saved checkpoint to "model/Most_widespread_ritual_frequency_for_audience_imputer/model-0018.params"
2019-08-08 14:11:47,526 [INFO]  Epoch[18] Validation-cross-entropy=0.162243
2019-08-08 14:11:47,529 [INFO]  Epoch[18] Validation-Most_widespread_ritual_frequency_for_audience-accuracy=0.950000
2019-08-08 14:11:47,741 [INFO]  Epoch[19] Batch [0-21]	Speed: 1675.19 samples/sec	cross-entropy=0.004484	Most_widespread_ritual_frequency_for_audience-accuracy=0.997159
2019-08-08 14:11:47,939 [INFO]  Epoch[19] Train-cross-entropy=0.007245
2019-08-08 14:11:47,942 [INFO]  Epoch[19] Train-Most_widespread_ritual_frequency_for_audience-accuracy=0.996875
2019-08-08 14:11:47,944 [INFO]  Epoch[19] Time cost=0.413
2019-08-08 14:11:47,953 [INFO]  Saved checkpoint to "model/Most_widespread_ritual_frequency_for_audience_imputer/model-0019.params"
2019-08-08 14:11:47,997 [INFO]  Epoch[19] Validation-cross-entropy=0.158733
2019-08-08 14:11:48,001 [INFO]  Epoch[19] Validation-Most_widespread_ritual_frequency_for_audience-accuracy=0.950000
2019-08-08 14:11:48,233 [INFO]  Epoch[20] Batch [0-21]	Speed: 1556.35 samples/sec	cross-entropy=0.004110	Most_widespread_ritual_frequency_for_audience-accuracy=0.997159
2019-08-08 14:11:48,411 [INFO]  Epoch[20] Train-cross-entropy=0.006624
2019-08-08 14:11:48,414 [INFO]  Epoch[20] Train-Most_widespread_ritual_frequency_for_audience-accuracy=0.996875
2019-08-08 14:11:48,417 [INFO]  Epoch[20] Time cost=0.414
2019-08-08 14:11:48,425 [INFO]  Saved checkpoint to "model/Most_widespread_ritual_frequency_for_audience_imputer/model-0020.params"
2019-08-08 14:11:48,458 [INFO]  Epoch[20] Validation-cross-entropy=0.163046
2019-08-08 14:11:48,460 [INFO]  Epoch[20] Validation-Most_widespread_ritual_frequency_for_audience-accuracy=0.950000
2019-08-08 14:11:48,674 [INFO]  Epoch[21] Batch [0-21]	Speed: 1681.23 samples/sec	cross-entropy=0.003735	Most_widespread_ritual_frequency_for_audience-accuracy=0.997159
2019-08-08 14:11:48,904 [INFO]  Epoch[21] Train-cross-entropy=0.005951
2019-08-08 14:11:48,909 [INFO]  Epoch[21] Train-Most_widespread_ritual_frequency_for_audience-accuracy=0.996875
2019-08-08 14:11:48,912 [INFO]  Epoch[21] Time cost=0.449
2019-08-08 14:11:48,923 [INFO]  Saved checkpoint to "model/Most_widespread_ritual_frequency_for_audience_imputer/model-0021.params"
2019-08-08 14:11:48,974 [INFO]  Epoch[21] Validation-cross-entropy=0.152134
2019-08-08 14:11:48,978 [INFO]  Epoch[21] Validation-Most_widespread_ritual_frequency_for_audience-accuracy=0.950000
2019-08-08 14:11:49,275 [INFO]  Epoch[22] Batch [0-21]	Speed: 1211.70 samples/sec	cross-entropy=0.003319	Most_widespread_ritual_frequency_for_audience-accuracy=1.000000
2019-08-08 14:11:49,560 [INFO]  Epoch[22] Train-cross-entropy=0.005341
2019-08-08 14:11:49,563 [INFO]  Epoch[22] Train-Most_widespread_ritual_frequency_for_audience-accuracy=0.996875
2019-08-08 14:11:49,568 [INFO]  Epoch[22] Time cost=0.586
2019-08-08 14:11:49,580 [INFO]  Saved checkpoint to "model/Most_widespread_ritual_frequency_for_audience_imputer/model-0022.params"
2019-08-08 14:11:49,636 [INFO]  Epoch[22] Validation-cross-entropy=0.153801
2019-08-08 14:11:49,639 [INFO]  Epoch[22] Validation-Most_widespread_ritual_frequency_for_audience-accuracy=0.950000
2019-08-08 14:11:49,917 [INFO]  Epoch[23] Batch [0-21]	Speed: 1318.04 samples/sec	cross-entropy=0.003074	Most_widespread_ritual_frequency_for_audience-accuracy=1.000000
2019-08-08 14:11:50,186 [INFO]  Epoch[23] Train-cross-entropy=0.004864
2019-08-08 14:11:50,190 [INFO]  Epoch[23] Train-Most_widespread_ritual_frequency_for_audience-accuracy=0.996875
2019-08-08 14:11:50,194 [INFO]  Epoch[23] Time cost=0.550
2019-08-08 14:11:50,203 [INFO]  Saved checkpoint to "model/Most_widespread_ritual_frequency_for_audience_imputer/model-0023.params"
2019-08-08 14:11:50,251 [INFO]  Epoch[23] Validation-cross-entropy=0.156394
2019-08-08 14:11:50,256 [INFO]  Epoch[23] Validation-Most_widespread_ritual_frequency_for_audience-accuracy=0.950000
2019-08-08 14:11:50,493 [INFO]  Epoch[24] Batch [0-21]	Speed: 1561.27 samples/sec	cross-entropy=0.002854	Most_widespread_ritual_frequency_for_audience-accuracy=1.000000
2019-08-08 14:11:50,679 [INFO]  Epoch[24] Train-cross-entropy=0.004373
2019-08-08 14:11:50,682 [INFO]  Epoch[24] Train-Most_widespread_ritual_frequency_for_audience-accuracy=0.996875
2019-08-08 14:11:50,685 [INFO]  Epoch[24] Time cost=0.425
2019-08-08 14:11:50,693 [INFO]  Saved checkpoint to "model/Most_widespread_ritual_frequency_for_audience_imputer/model-0024.params"
2019-08-08 14:11:50,734 [INFO]  Epoch[24] Validation-cross-entropy=0.165727
2019-08-08 14:11:50,736 [INFO]  Epoch[24] Validation-Most_widespread_ritual_frequency_for_audience-accuracy=0.950000
2019-08-08 14:11:50,956 [INFO]  Epoch[25] Batch [0-21]	Speed: 1619.68 samples/sec	cross-entropy=0.002540	Most_widespread_ritual_frequency_for_audience-accuracy=1.000000
2019-08-08 14:11:51,147 [INFO]  Epoch[25] Train-cross-entropy=0.003933
2019-08-08 14:11:51,149 [INFO]  Epoch[25] Train-Most_widespread_ritual_frequency_for_audience-accuracy=0.996875
2019-08-08 14:11:51,152 [INFO]  Epoch[25] Time cost=0.413
2019-08-08 14:11:51,160 [INFO]  Saved checkpoint to "model/Most_widespread_ritual_frequency_for_audience_imputer/model-0025.params"
2019-08-08 14:11:51,196 [INFO]  Epoch[25] Validation-cross-entropy=0.163644
2019-08-08 14:11:51,199 [INFO]  Epoch[25] Validation-Most_widespread_ritual_frequency_for_audience-accuracy=0.950000
2019-08-08 14:11:51,411 [INFO]  Epoch[26] Batch [0-21]	Speed: 1672.71 samples/sec	cross-entropy=0.002142	Most_widespread_ritual_frequency_for_audience-accuracy=1.000000
2019-08-08 14:11:51,603 [INFO]  Epoch[26] Train-cross-entropy=0.003403
2019-08-08 14:11:51,606 [INFO]  Epoch[26] Train-Most_widespread_ritual_frequency_for_audience-accuracy=1.000000
2019-08-08 14:11:51,608 [INFO]  Epoch[26] Time cost=0.407
2019-08-08 14:11:51,617 [INFO]  Saved checkpoint to "model/Most_widespread_ritual_frequency_for_audience_imputer/model-0026.params"
2019-08-08 14:11:51,655 [INFO]  No improvement detected for 5 epochs compared to 0.1521340323612094 last error obtained: 0.1588858114555478, stopping here
2019-08-08 14:11:51,659 [INFO]  
========== done (15.145313024520874 s) fit model
2019-08-08 14:11:54,971 [INFO]  CategoricalEncoder for column Most_widespread_ritual_frequency_for_ritual_specialist                                found only 99 occurrences of value not applicable
2019-08-08 14:11:54,975 [INFO]  CategoricalEncoder for column Most_widespread_ritual_frequency_for_ritual_specialist                                found only 95 occurrences of value seasonally
2019-08-08 14:11:54,980 [INFO]  CategoricalEncoder for column Most_widespread_ritual_frequency_for_ritual_specialist                                found only 75 occurrences of value yearly
2019-08-08 14:11:54,983 [INFO]  CategoricalEncoder for column Most_widespread_ritual_frequency_for_ritual_specialist                                found only 71 occurrences of value monthly
2019-08-08 14:11:54,987 [INFO]  CategoricalEncoder for column Most_widespread_ritual_frequency_for_ritual_specialist                                found only 9 occurrences of value once per generation
2019-08-08 14:11:54,990 [INFO]  CategoricalEncoder for column Most_widespread_ritual_frequency_for_ritual_specialist                                found only 3 occurrences of value seasonal
2019-08-08 14:11:57,369 [WARNING]  Test set does not contain any ocurrences of values [once per generation, seasonal] in column [Most_widespread_ritual_frequency_for_ritual_specialist], consider using a more representative test set.
2019-08-08 14:11:57,376 [INFO]  
========== start: fit model
2019-08-08 14:11:57,379 [WARNING]  Already bound, ignoring bind()
2019-08-08 14:11:57,568 [INFO]  Epoch[0] Batch [0-21]	Speed: 1926.71 samples/sec	cross-entropy=1.394875	Most_widespread_ritual_frequency_for_ritual_specialist-accuracy=0.488636
2019-08-08 14:11:57,732 [INFO]  Epoch[0] Train-cross-entropy=0.948370
2019-08-08 14:11:57,735 [INFO]  Epoch[0] Train-Most_widespread_ritual_frequency_for_ritual_specialist-accuracy=0.707237
2019-08-08 14:11:57,737 [INFO]  Epoch[0] Time cost=0.355
2019-08-08 14:11:57,746 [INFO]  Saved checkpoint to "model/Most_widespread_ritual_frequency_for_ritual_specialist_imputer/model-0000.params"
2019-08-08 14:11:57,783 [INFO]  Epoch[0] Validation-cross-entropy=0.755128
2019-08-08 14:11:57,786 [INFO]  Epoch[0] Validation-Most_widespread_ritual_frequency_for_ritual_specialist-accuracy=0.837500
2019-08-08 14:11:57,992 [INFO]  Epoch[1] Batch [0-21]	Speed: 1743.96 samples/sec	cross-entropy=0.563305	Most_widespread_ritual_frequency_for_ritual_specialist-accuracy=0.826705
2019-08-08 14:11:58,185 [INFO]  Epoch[1] Train-cross-entropy=0.457244
2019-08-08 14:11:58,187 [INFO]  Epoch[1] Train-Most_widespread_ritual_frequency_for_ritual_specialist-accuracy=0.858553
2019-08-08 14:11:58,190 [INFO]  Epoch[1] Time cost=0.402
2019-08-08 14:11:58,198 [INFO]  Saved checkpoint to "model/Most_widespread_ritual_frequency_for_ritual_specialist_imputer/model-0001.params"
2019-08-08 14:11:58,231 [INFO]  Epoch[1] Validation-cross-entropy=0.361760
2019-08-08 14:11:58,234 [INFO]  Epoch[1] Validation-Most_widespread_ritual_frequency_for_ritual_specialist-accuracy=0.937500
2019-08-08 14:11:58,443 [INFO]  Epoch[2] Batch [0-21]	Speed: 1699.73 samples/sec	cross-entropy=0.298041	Most_widespread_ritual_frequency_for_ritual_specialist-accuracy=0.923295
2019-08-08 14:11:58,648 [INFO]  Epoch[2] Train-cross-entropy=0.257523
2019-08-08 14:11:58,651 [INFO]  Epoch[2] Train-Most_widespread_ritual_frequency_for_ritual_specialist-accuracy=0.934211
2019-08-08 14:11:58,653 [INFO]  Epoch[2] Time cost=0.416
2019-08-08 14:11:58,662 [INFO]  Saved checkpoint to "model/Most_widespread_ritual_frequency_for_ritual_specialist_imputer/model-0002.params"
2019-08-08 14:11:58,698 [INFO]  Epoch[2] Validation-cross-entropy=0.210462
2019-08-08 14:11:58,702 [INFO]  Epoch[2] Validation-Most_widespread_ritual_frequency_for_ritual_specialist-accuracy=0.962500
2019-08-08 14:11:58,904 [INFO]  Epoch[3] Batch [0-21]	Speed: 1765.75 samples/sec	cross-entropy=0.179028	Most_widespread_ritual_frequency_for_ritual_specialist-accuracy=0.948864
2019-08-08 14:11:59,064 [INFO]  Epoch[3] Train-cross-entropy=0.163552
2019-08-08 14:11:59,067 [INFO]  Epoch[3] Train-Most_widespread_ritual_frequency_for_ritual_specialist-accuracy=0.950658
2019-08-08 14:11:59,069 [INFO]  Epoch[3] Time cost=0.364
2019-08-08 14:11:59,080 [INFO]  Saved checkpoint to "model/Most_widespread_ritual_frequency_for_ritual_specialist_imputer/model-0003.params"
2019-08-08 14:11:59,127 [INFO]  Epoch[3] Validation-cross-entropy=0.137820
2019-08-08 14:11:59,132 [INFO]  Epoch[3] Validation-Most_widespread_ritual_frequency_for_ritual_specialist-accuracy=0.987500
2019-08-08 14:11:59,336 [INFO]  Epoch[4] Batch [0-21]	Speed: 1818.14 samples/sec	cross-entropy=0.116868	Most_widespread_ritual_frequency_for_ritual_specialist-accuracy=0.971591
2019-08-08 14:11:59,503 [INFO]  Epoch[4] Train-cross-entropy=0.119210
2019-08-08 14:11:59,505 [INFO]  Epoch[4] Train-Most_widespread_ritual_frequency_for_ritual_specialist-accuracy=0.963816
2019-08-08 14:11:59,508 [INFO]  Epoch[4] Time cost=0.373
2019-08-08 14:11:59,516 [INFO]  Saved checkpoint to "model/Most_widespread_ritual_frequency_for_ritual_specialist_imputer/model-0004.params"
2019-08-08 14:11:59,571 [INFO]  Epoch[4] Validation-cross-entropy=0.099070
2019-08-08 14:11:59,575 [INFO]  Epoch[4] Validation-Most_widespread_ritual_frequency_for_ritual_specialist-accuracy=1.000000
2019-08-08 14:11:59,765 [INFO]  Epoch[5] Batch [0-21]	Speed: 1898.23 samples/sec	cross-entropy=0.083976	Most_widespread_ritual_frequency_for_ritual_specialist-accuracy=0.982955
2019-08-08 14:11:59,935 [INFO]  Epoch[5] Train-cross-entropy=0.094428
2019-08-08 14:11:59,938 [INFO]  Epoch[5] Train-Most_widespread_ritual_frequency_for_ritual_specialist-accuracy=0.967105
2019-08-08 14:11:59,940 [INFO]  Epoch[5] Time cost=0.362
2019-08-08 14:11:59,949 [INFO]  Saved checkpoint to "model/Most_widespread_ritual_frequency_for_ritual_specialist_imputer/model-0005.params"
2019-08-08 14:12:00,008 [INFO]  Epoch[5] Validation-cross-entropy=0.077770
2019-08-08 14:12:00,011 [INFO]  Epoch[5] Validation-Most_widespread_ritual_frequency_for_ritual_specialist-accuracy=1.000000
2019-08-08 14:12:00,234 [INFO]  Epoch[6] Batch [0-21]	Speed: 1640.76 samples/sec	cross-entropy=0.064995	Most_widespread_ritual_frequency_for_ritual_specialist-accuracy=0.985795
2019-08-08 14:12:00,401 [INFO]  Epoch[6] Train-cross-entropy=0.075864
2019-08-08 14:12:00,404 [INFO]  Epoch[6] Train-Most_widespread_ritual_frequency_for_ritual_specialist-accuracy=0.973684
2019-08-08 14:12:00,406 [INFO]  Epoch[6] Time cost=0.391
2019-08-08 14:12:00,415 [INFO]  Saved checkpoint to "model/Most_widespread_ritual_frequency_for_ritual_specialist_imputer/model-0006.params"
2019-08-08 14:12:00,461 [INFO]  Epoch[6] Validation-cross-entropy=0.061568
2019-08-08 14:12:00,464 [INFO]  Epoch[6] Validation-Most_widespread_ritual_frequency_for_ritual_specialist-accuracy=1.000000
2019-08-08 14:12:00,650 [INFO]  Epoch[7] Batch [0-21]	Speed: 1938.28 samples/sec	cross-entropy=0.049967	Most_widespread_ritual_frequency_for_ritual_specialist-accuracy=0.988636
2019-08-08 14:12:00,822 [INFO]  Epoch[7] Train-cross-entropy=0.061595
2019-08-08 14:12:00,825 [INFO]  Epoch[7] Train-Most_widespread_ritual_frequency_for_ritual_specialist-accuracy=0.976974
2019-08-08 14:12:00,827 [INFO]  Epoch[7] Time cost=0.360
2019-08-08 14:12:00,836 [INFO]  Saved checkpoint to "model/Most_widespread_ritual_frequency_for_ritual_specialist_imputer/model-0007.params"
2019-08-08 14:12:00,877 [INFO]  Epoch[7] Validation-cross-entropy=0.051895
2019-08-08 14:12:00,881 [INFO]  Epoch[7] Validation-Most_widespread_ritual_frequency_for_ritual_specialist-accuracy=1.000000
2019-08-08 14:12:01,088 [INFO]  Epoch[8] Batch [0-21]	Speed: 1734.33 samples/sec	cross-entropy=0.039713	Most_widespread_ritual_frequency_for_ritual_specialist-accuracy=0.994318
2019-08-08 14:12:01,267 [INFO]  Epoch[8] Train-cross-entropy=0.052073
2019-08-08 14:12:01,270 [INFO]  Epoch[8] Train-Most_widespread_ritual_frequency_for_ritual_specialist-accuracy=0.980263
2019-08-08 14:12:01,273 [INFO]  Epoch[8] Time cost=0.389
2019-08-08 14:12:01,282 [INFO]  Saved checkpoint to "model/Most_widespread_ritual_frequency_for_ritual_specialist_imputer/model-0008.params"
2019-08-08 14:12:01,317 [INFO]  Epoch[8] Validation-cross-entropy=0.045500
2019-08-08 14:12:01,319 [INFO]  Epoch[8] Validation-Most_widespread_ritual_frequency_for_ritual_specialist-accuracy=1.000000
2019-08-08 14:12:01,514 [INFO]  Epoch[9] Batch [0-21]	Speed: 1821.90 samples/sec	cross-entropy=0.033319	Most_widespread_ritual_frequency_for_ritual_specialist-accuracy=0.994318
2019-08-08 14:12:01,711 [INFO]  Epoch[9] Train-cross-entropy=0.045534
2019-08-08 14:12:01,714 [INFO]  Epoch[9] Train-Most_widespread_ritual_frequency_for_ritual_specialist-accuracy=0.983553
2019-08-08 14:12:01,716 [INFO]  Epoch[9] Time cost=0.395
2019-08-08 14:12:01,725 [INFO]  Saved checkpoint to "model/Most_widespread_ritual_frequency_for_ritual_specialist_imputer/model-0009.params"
2019-08-08 14:12:01,769 [INFO]  Epoch[9] Validation-cross-entropy=0.040363
2019-08-08 14:12:01,772 [INFO]  Epoch[9] Validation-Most_widespread_ritual_frequency_for_ritual_specialist-accuracy=1.000000
2019-08-08 14:12:01,976 [INFO]  Epoch[10] Batch [0-21]	Speed: 1743.97 samples/sec	cross-entropy=0.028526	Most_widespread_ritual_frequency_for_ritual_specialist-accuracy=0.994318
2019-08-08 14:12:02,139 [INFO]  Epoch[10] Train-cross-entropy=0.039851
2019-08-08 14:12:02,141 [INFO]  Epoch[10] Train-Most_widespread_ritual_frequency_for_ritual_specialist-accuracy=0.983553
2019-08-08 14:12:02,144 [INFO]  Epoch[10] Time cost=0.369
2019-08-08 14:12:02,152 [INFO]  Saved checkpoint to "model/Most_widespread_ritual_frequency_for_ritual_specialist_imputer/model-0010.params"
2019-08-08 14:12:02,189 [INFO]  Epoch[10] Validation-cross-entropy=0.035727
2019-08-08 14:12:02,191 [INFO]  Epoch[10] Validation-Most_widespread_ritual_frequency_for_ritual_specialist-accuracy=1.000000
2019-08-08 14:12:02,381 [INFO]  Epoch[11] Batch [0-21]	Speed: 1911.84 samples/sec	cross-entropy=0.024953	Most_widespread_ritual_frequency_for_ritual_specialist-accuracy=0.994318
2019-08-08 14:12:02,543 [INFO]  Epoch[11] Train-cross-entropy=0.035336
2019-08-08 14:12:02,546 [INFO]  Epoch[11] Train-Most_widespread_ritual_frequency_for_ritual_specialist-accuracy=0.986842
2019-08-08 14:12:02,548 [INFO]  Epoch[11] Time cost=0.354
2019-08-08 14:12:02,556 [INFO]  Saved checkpoint to "model/Most_widespread_ritual_frequency_for_ritual_specialist_imputer/model-0011.params"
2019-08-08 14:12:02,592 [INFO]  Epoch[11] Validation-cross-entropy=0.032147
2019-08-08 14:12:02,596 [INFO]  Epoch[11] Validation-Most_widespread_ritual_frequency_for_ritual_specialist-accuracy=1.000000
2019-08-08 14:12:02,804 [INFO]  Epoch[12] Batch [0-21]	Speed: 1737.04 samples/sec	cross-entropy=0.022193	Most_widespread_ritual_frequency_for_ritual_specialist-accuracy=0.997159
2019-08-08 14:12:02,970 [INFO]  Epoch[12] Train-cross-entropy=0.031141
2019-08-08 14:12:02,974 [INFO]  Epoch[12] Train-Most_widespread_ritual_frequency_for_ritual_specialist-accuracy=0.990132
2019-08-08 14:12:02,977 [INFO]  Epoch[12] Time cost=0.379
2019-08-08 14:12:02,987 [INFO]  Saved checkpoint to "model/Most_widespread_ritual_frequency_for_ritual_specialist_imputer/model-0012.params"
2019-08-08 14:12:03,018 [INFO]  Epoch[12] Validation-cross-entropy=0.030028
2019-08-08 14:12:03,021 [INFO]  Epoch[12] Validation-Most_widespread_ritual_frequency_for_ritual_specialist-accuracy=1.000000
2019-08-08 14:12:03,230 [INFO]  Epoch[13] Batch [0-21]	Speed: 1689.67 samples/sec	cross-entropy=0.020043	Most_widespread_ritual_frequency_for_ritual_specialist-accuracy=0.997159
2019-08-08 14:12:03,388 [INFO]  Epoch[13] Train-cross-entropy=0.027980
2019-08-08 14:12:03,391 [INFO]  Epoch[13] Train-Most_widespread_ritual_frequency_for_ritual_specialist-accuracy=0.990132
2019-08-08 14:12:03,393 [INFO]  Epoch[13] Time cost=0.370
2019-08-08 14:12:03,401 [INFO]  Saved checkpoint to "model/Most_widespread_ritual_frequency_for_ritual_specialist_imputer/model-0013.params"
2019-08-08 14:12:03,433 [INFO]  Epoch[13] Validation-cross-entropy=0.027985
2019-08-08 14:12:03,435 [INFO]  Epoch[13] Validation-Most_widespread_ritual_frequency_for_ritual_specialist-accuracy=1.000000
2019-08-08 14:12:03,622 [INFO]  Epoch[14] Batch [0-21]	Speed: 1913.34 samples/sec	cross-entropy=0.018323	Most_widespread_ritual_frequency_for_ritual_specialist-accuracy=0.997159
2019-08-08 14:12:03,783 [INFO]  Epoch[14] Train-cross-entropy=0.025434
2019-08-08 14:12:03,786 [INFO]  Epoch[14] Train-Most_widespread_ritual_frequency_for_ritual_specialist-accuracy=0.990132
2019-08-08 14:12:03,788 [INFO]  Epoch[14] Time cost=0.351
2019-08-08 14:12:03,796 [INFO]  Saved checkpoint to "model/Most_widespread_ritual_frequency_for_ritual_specialist_imputer/model-0014.params"
2019-08-08 14:12:03,828 [INFO]  Epoch[14] Validation-cross-entropy=0.025473
2019-08-08 14:12:03,831 [INFO]  Epoch[14] Validation-Most_widespread_ritual_frequency_for_ritual_specialist-accuracy=1.000000
2019-08-08 14:12:04,039 [INFO]  Epoch[15] Batch [0-21]	Speed: 1700.30 samples/sec	cross-entropy=0.017155	Most_widespread_ritual_frequency_for_ritual_specialist-accuracy=0.997159
2019-08-08 14:12:04,197 [INFO]  Epoch[15] Train-cross-entropy=0.023292
2019-08-08 14:12:04,201 [INFO]  Epoch[15] Train-Most_widespread_ritual_frequency_for_ritual_specialist-accuracy=0.990132
2019-08-08 14:12:04,203 [INFO]  Epoch[15] Time cost=0.370
2019-08-08 14:12:04,211 [INFO]  Saved checkpoint to "model/Most_widespread_ritual_frequency_for_ritual_specialist_imputer/model-0015.params"
2019-08-08 14:12:04,242 [INFO]  Epoch[15] Validation-cross-entropy=0.024136
2019-08-08 14:12:04,245 [INFO]  Epoch[15] Validation-Most_widespread_ritual_frequency_for_ritual_specialist-accuracy=1.000000
2019-08-08 14:12:04,439 [INFO]  Epoch[16] Batch [0-21]	Speed: 1867.47 samples/sec	cross-entropy=0.016058	Most_widespread_ritual_frequency_for_ritual_specialist-accuracy=0.997159
2019-08-08 14:12:04,613 [INFO]  Epoch[16] Train-cross-entropy=0.021711
2019-08-08 14:12:04,616 [INFO]  Epoch[16] Train-Most_widespread_ritual_frequency_for_ritual_specialist-accuracy=0.990132
2019-08-08 14:12:04,618 [INFO]  Epoch[16] Time cost=0.370
2019-08-08 14:12:04,626 [INFO]  Saved checkpoint to "model/Most_widespread_ritual_frequency_for_ritual_specialist_imputer/model-0016.params"
2019-08-08 14:12:04,663 [INFO]  Epoch[16] Validation-cross-entropy=0.022840
2019-08-08 14:12:04,666 [INFO]  Epoch[16] Validation-Most_widespread_ritual_frequency_for_ritual_specialist-accuracy=1.000000
2019-08-08 14:12:04,853 [INFO]  Epoch[17] Batch [0-21]	Speed: 1946.64 samples/sec	cross-entropy=0.015262	Most_widespread_ritual_frequency_for_ritual_specialist-accuracy=0.997159
2019-08-08 14:12:05,026 [INFO]  Epoch[17] Train-cross-entropy=0.020277
2019-08-08 14:12:05,029 [INFO]  Epoch[17] Train-Most_widespread_ritual_frequency_for_ritual_specialist-accuracy=0.990132
2019-08-08 14:12:05,032 [INFO]  Epoch[17] Time cost=0.363
2019-08-08 14:12:05,040 [INFO]  Saved checkpoint to "model/Most_widespread_ritual_frequency_for_ritual_specialist_imputer/model-0017.params"
2019-08-08 14:12:05,074 [INFO]  Epoch[17] Validation-cross-entropy=0.021805
2019-08-08 14:12:05,077 [INFO]  Epoch[17] Validation-Most_widespread_ritual_frequency_for_ritual_specialist-accuracy=1.000000
2019-08-08 14:12:05,273 [INFO]  Epoch[18] Batch [0-21]	Speed: 1811.01 samples/sec	cross-entropy=0.014400	Most_widespread_ritual_frequency_for_ritual_specialist-accuracy=0.997159
2019-08-08 14:12:05,437 [INFO]  Epoch[18] Train-cross-entropy=0.019039
2019-08-08 14:12:05,440 [INFO]  Epoch[18] Train-Most_widespread_ritual_frequency_for_ritual_specialist-accuracy=0.990132
2019-08-08 14:12:05,442 [INFO]  Epoch[18] Time cost=0.363
2019-08-08 14:12:05,450 [INFO]  Saved checkpoint to "model/Most_widespread_ritual_frequency_for_ritual_specialist_imputer/model-0018.params"
2019-08-08 14:12:05,485 [INFO]  Epoch[18] Validation-cross-entropy=0.020227
2019-08-08 14:12:05,487 [INFO]  Epoch[18] Validation-Most_widespread_ritual_frequency_for_ritual_specialist-accuracy=1.000000
2019-08-08 14:12:05,708 [INFO]  Epoch[19] Batch [0-21]	Speed: 1618.80 samples/sec	cross-entropy=0.013862	Most_widespread_ritual_frequency_for_ritual_specialist-accuracy=0.997159
2019-08-08 14:12:05,892 [INFO]  Epoch[19] Train-cross-entropy=0.018205
2019-08-08 14:12:05,895 [INFO]  Epoch[19] Train-Most_widespread_ritual_frequency_for_ritual_specialist-accuracy=0.990132
2019-08-08 14:12:05,897 [INFO]  Epoch[19] Time cost=0.408
2019-08-08 14:12:05,905 [INFO]  Saved checkpoint to "model/Most_widespread_ritual_frequency_for_ritual_specialist_imputer/model-0019.params"
2019-08-08 14:12:05,939 [INFO]  Epoch[19] Validation-cross-entropy=0.019313
2019-08-08 14:12:05,942 [INFO]  Epoch[19] Validation-Most_widespread_ritual_frequency_for_ritual_specialist-accuracy=1.000000
2019-08-08 14:12:06,176 [INFO]  Epoch[20] Batch [0-21]	Speed: 1559.01 samples/sec	cross-entropy=0.013249	Most_widespread_ritual_frequency_for_ritual_specialist-accuracy=0.997159
2019-08-08 14:12:06,343 [INFO]  Epoch[20] Train-cross-entropy=0.017418
2019-08-08 14:12:06,346 [INFO]  Epoch[20] Train-Most_widespread_ritual_frequency_for_ritual_specialist-accuracy=0.993421
2019-08-08 14:12:06,349 [INFO]  Epoch[20] Time cost=0.403
2019-08-08 14:12:06,361 [INFO]  Saved checkpoint to "model/Most_widespread_ritual_frequency_for_ritual_specialist_imputer/model-0020.params"
2019-08-08 14:12:06,410 [INFO]  Epoch[20] Validation-cross-entropy=0.018940
2019-08-08 14:12:06,413 [INFO]  Epoch[20] Validation-Most_widespread_ritual_frequency_for_ritual_specialist-accuracy=1.000000
2019-08-08 14:12:06,675 [INFO]  Epoch[21] Batch [0-21]	Speed: 1356.25 samples/sec	cross-entropy=0.012661	Most_widespread_ritual_frequency_for_ritual_specialist-accuracy=0.997159
2019-08-08 14:12:06,905 [INFO]  Epoch[21] Train-cross-entropy=0.016591
2019-08-08 14:12:06,909 [INFO]  Epoch[21] Train-Most_widespread_ritual_frequency_for_ritual_specialist-accuracy=0.993421
2019-08-08 14:12:06,912 [INFO]  Epoch[21] Time cost=0.496
2019-08-08 14:12:06,924 [INFO]  Saved checkpoint to "model/Most_widespread_ritual_frequency_for_ritual_specialist_imputer/model-0021.params"
2019-08-08 14:12:06,976 [INFO]  Epoch[21] Validation-cross-entropy=0.018399
2019-08-08 14:12:06,980 [INFO]  Epoch[21] Validation-Most_widespread_ritual_frequency_for_ritual_specialist-accuracy=1.000000
2019-08-08 14:12:07,225 [INFO]  Epoch[22] Batch [0-21]	Speed: 1486.35 samples/sec	cross-entropy=0.012109	Most_widespread_ritual_frequency_for_ritual_specialist-accuracy=0.997159
2019-08-08 14:12:07,409 [INFO]  Epoch[22] Train-cross-entropy=0.015683
2019-08-08 14:12:07,413 [INFO]  Epoch[22] Train-Most_widespread_ritual_frequency_for_ritual_specialist-accuracy=0.996711
2019-08-08 14:12:07,415 [INFO]  Epoch[22] Time cost=0.433
2019-08-08 14:12:07,424 [INFO]  Saved checkpoint to "model/Most_widespread_ritual_frequency_for_ritual_specialist_imputer/model-0022.params"
2019-08-08 14:12:07,464 [INFO]  Epoch[22] Validation-cross-entropy=0.017743
2019-08-08 14:12:07,467 [INFO]  Epoch[22] Validation-Most_widespread_ritual_frequency_for_ritual_specialist-accuracy=1.000000
2019-08-08 14:12:07,682 [INFO]  Epoch[23] Batch [0-21]	Speed: 1755.00 samples/sec	cross-entropy=0.011604	Most_widespread_ritual_frequency_for_ritual_specialist-accuracy=0.997159
2019-08-08 14:12:07,842 [INFO]  Epoch[23] Train-cross-entropy=0.015000
2019-08-08 14:12:07,845 [INFO]  Epoch[23] Train-Most_widespread_ritual_frequency_for_ritual_specialist-accuracy=0.996711
2019-08-08 14:12:07,848 [INFO]  Epoch[23] Time cost=0.378
2019-08-08 14:12:07,855 [INFO]  Saved checkpoint to "model/Most_widespread_ritual_frequency_for_ritual_specialist_imputer/model-0023.params"
2019-08-08 14:12:07,888 [INFO]  Epoch[23] Validation-cross-entropy=0.017494
2019-08-08 14:12:07,890 [INFO]  Epoch[23] Validation-Most_widespread_ritual_frequency_for_ritual_specialist-accuracy=1.000000
2019-08-08 14:12:08,109 [INFO]  Epoch[24] Batch [0-21]	Speed: 1642.84 samples/sec	cross-entropy=0.011111	Most_widespread_ritual_frequency_for_ritual_specialist-accuracy=0.997159
2019-08-08 14:12:08,267 [INFO]  Epoch[24] Train-cross-entropy=0.014270
2019-08-08 14:12:08,270 [INFO]  Epoch[24] Train-Most_widespread_ritual_frequency_for_ritual_specialist-accuracy=0.996711
2019-08-08 14:12:08,272 [INFO]  Epoch[24] Time cost=0.380
2019-08-08 14:12:08,281 [INFO]  Saved checkpoint to "model/Most_widespread_ritual_frequency_for_ritual_specialist_imputer/model-0024.params"
2019-08-08 14:12:08,316 [INFO]  Epoch[24] Validation-cross-entropy=0.017120
2019-08-08 14:12:08,319 [INFO]  Epoch[24] Validation-Most_widespread_ritual_frequency_for_ritual_specialist-accuracy=1.000000
2019-08-08 14:12:08,504 [INFO]  Epoch[25] Batch [0-21]	Speed: 1935.52 samples/sec	cross-entropy=0.010628	Most_widespread_ritual_frequency_for_ritual_specialist-accuracy=0.997159
2019-08-08 14:12:08,667 [INFO]  Epoch[25] Train-cross-entropy=0.013616
2019-08-08 14:12:08,670 [INFO]  Epoch[25] Train-Most_widespread_ritual_frequency_for_ritual_specialist-accuracy=0.996711
2019-08-08 14:12:08,672 [INFO]  Epoch[25] Time cost=0.351
2019-08-08 14:12:08,680 [INFO]  Saved checkpoint to "model/Most_widespread_ritual_frequency_for_ritual_specialist_imputer/model-0025.params"
2019-08-08 14:12:08,712 [INFO]  Epoch[25] Validation-cross-entropy=0.016775
2019-08-08 14:12:08,715 [INFO]  Epoch[25] Validation-Most_widespread_ritual_frequency_for_ritual_specialist-accuracy=1.000000
2019-08-08 14:12:08,904 [INFO]  Epoch[26] Batch [0-21]	Speed: 1876.75 samples/sec	cross-entropy=0.010206	Most_widespread_ritual_frequency_for_ritual_specialist-accuracy=0.997159
2019-08-08 14:12:09,075 [INFO]  Epoch[26] Train-cross-entropy=0.013050
2019-08-08 14:12:09,078 [INFO]  Epoch[26] Train-Most_widespread_ritual_frequency_for_ritual_specialist-accuracy=0.996711
2019-08-08 14:12:09,081 [INFO]  Epoch[26] Time cost=0.364
2019-08-08 14:12:09,089 [INFO]  Saved checkpoint to "model/Most_widespread_ritual_frequency_for_ritual_specialist_imputer/model-0026.params"
2019-08-08 14:12:09,120 [INFO]  Epoch[26] Validation-cross-entropy=0.016776
2019-08-08 14:12:09,123 [INFO]  Epoch[26] Validation-Most_widespread_ritual_frequency_for_ritual_specialist-accuracy=0.987500
2019-08-08 14:12:09,309 [INFO]  Epoch[27] Batch [0-21]	Speed: 1926.08 samples/sec	cross-entropy=0.009804	Most_widespread_ritual_frequency_for_ritual_specialist-accuracy=0.997159
2019-08-08 14:12:09,474 [INFO]  Epoch[27] Train-cross-entropy=0.012345
2019-08-08 14:12:09,477 [INFO]  Epoch[27] Train-Most_widespread_ritual_frequency_for_ritual_specialist-accuracy=0.996711
2019-08-08 14:12:09,480 [INFO]  Epoch[27] Time cost=0.355
2019-08-08 14:12:09,488 [INFO]  Saved checkpoint to "model/Most_widespread_ritual_frequency_for_ritual_specialist_imputer/model-0027.params"
2019-08-08 14:12:09,524 [INFO]  Epoch[27] Validation-cross-entropy=0.016595
2019-08-08 14:12:09,527 [INFO]  Epoch[27] Validation-Most_widespread_ritual_frequency_for_ritual_specialist-accuracy=0.987500
2019-08-08 14:12:09,720 [INFO]  Epoch[28] Batch [0-21]	Speed: 1841.88 samples/sec	cross-entropy=0.009427	Most_widespread_ritual_frequency_for_ritual_specialist-accuracy=0.997159
2019-08-08 14:12:09,879 [INFO]  Epoch[28] Train-cross-entropy=0.011927
2019-08-08 14:12:09,882 [INFO]  Epoch[28] Train-Most_widespread_ritual_frequency_for_ritual_specialist-accuracy=1.000000
2019-08-08 14:12:09,884 [INFO]  Epoch[28] Time cost=0.355
2019-08-08 14:12:09,892 [INFO]  Saved checkpoint to "model/Most_widespread_ritual_frequency_for_ritual_specialist_imputer/model-0028.params"
2019-08-08 14:12:09,926 [INFO]  Epoch[28] Validation-cross-entropy=0.016586
2019-08-08 14:12:09,930 [INFO]  Epoch[28] Validation-Most_widespread_ritual_frequency_for_ritual_specialist-accuracy=0.987500
2019-08-08 14:12:10,131 [INFO]  Epoch[29] Batch [0-21]	Speed: 1778.92 samples/sec	cross-entropy=0.009163	Most_widespread_ritual_frequency_for_ritual_specialist-accuracy=0.997159
2019-08-08 14:12:10,306 [INFO]  Epoch[29] Train-cross-entropy=0.011348
2019-08-08 14:12:10,309 [INFO]  Epoch[29] Train-Most_widespread_ritual_frequency_for_ritual_specialist-accuracy=1.000000
2019-08-08 14:12:10,311 [INFO]  Epoch[29] Time cost=0.378
2019-08-08 14:12:10,319 [INFO]  Saved checkpoint to "model/Most_widespread_ritual_frequency_for_ritual_specialist_imputer/model-0029.params"
2019-08-08 14:12:10,352 [INFO]  Epoch[29] Validation-cross-entropy=0.016735
2019-08-08 14:12:10,355 [INFO]  Epoch[29] Validation-Most_widespread_ritual_frequency_for_ritual_specialist-accuracy=0.987500
2019-08-08 14:12:10,549 [INFO]  Epoch[30] Batch [0-21]	Speed: 1839.62 samples/sec	cross-entropy=0.008826	Most_widespread_ritual_frequency_for_ritual_specialist-accuracy=0.997159
2019-08-08 14:12:10,710 [INFO]  Epoch[30] Train-cross-entropy=0.010833
2019-08-08 14:12:10,713 [INFO]  Epoch[30] Train-Most_widespread_ritual_frequency_for_ritual_specialist-accuracy=1.000000
2019-08-08 14:12:10,716 [INFO]  Epoch[30] Time cost=0.358
2019-08-08 14:12:10,724 [INFO]  Saved checkpoint to "model/Most_widespread_ritual_frequency_for_ritual_specialist_imputer/model-0030.params"
2019-08-08 14:12:10,768 [INFO]  Epoch[30] Validation-cross-entropy=0.016968
2019-08-08 14:12:10,771 [INFO]  Epoch[30] Validation-Most_widespread_ritual_frequency_for_ritual_specialist-accuracy=0.987500
2019-08-08 14:12:10,966 [INFO]  Epoch[31] Batch [0-21]	Speed: 1826.15 samples/sec	cross-entropy=0.008453	Most_widespread_ritual_frequency_for_ritual_specialist-accuracy=0.997159
2019-08-08 14:12:11,131 [INFO]  Epoch[31] Train-cross-entropy=0.010342
2019-08-08 14:12:11,134 [INFO]  Epoch[31] Train-Most_widespread_ritual_frequency_for_ritual_specialist-accuracy=1.000000
2019-08-08 14:12:11,136 [INFO]  Epoch[31] Time cost=0.363
2019-08-08 14:12:11,144 [INFO]  Saved checkpoint to "model/Most_widespread_ritual_frequency_for_ritual_specialist_imputer/model-0031.params"
2019-08-08 14:12:11,180 [INFO]  Epoch[31] Validation-cross-entropy=0.016860
2019-08-08 14:12:11,183 [INFO]  Epoch[31] Validation-Most_widespread_ritual_frequency_for_ritual_specialist-accuracy=0.987500
2019-08-08 14:12:11,377 [INFO]  Epoch[32] Batch [0-21]	Speed: 1868.55 samples/sec	cross-entropy=0.008154	Most_widespread_ritual_frequency_for_ritual_specialist-accuracy=0.997159
2019-08-08 14:12:11,545 [INFO]  Epoch[32] Train-cross-entropy=0.009897
2019-08-08 14:12:11,548 [INFO]  Epoch[32] Train-Most_widespread_ritual_frequency_for_ritual_specialist-accuracy=1.000000
2019-08-08 14:12:11,550 [INFO]  Epoch[32] Time cost=0.365
2019-08-08 14:12:11,558 [INFO]  Saved checkpoint to "model/Most_widespread_ritual_frequency_for_ritual_specialist_imputer/model-0032.params"
2019-08-08 14:12:11,592 [INFO]  No improvement detected for 5 epochs compared to 0.016594984114635735 last error obtained: 0.01688194809248671, stopping here
2019-08-08 14:12:11,595 [INFO]  
========== done (14.218927145004272 s) fit model
2019-08-08 14:12:14,752 [INFO]  CategoricalEncoder for column Most_widespread_ritual_frequency_per_participant                                found only 96 occurrences of value seasonally
2019-08-08 14:12:14,755 [INFO]  CategoricalEncoder for column Most_widespread_ritual_frequency_per_participant                                found only 92 occurrences of value yearly
2019-08-08 14:12:14,760 [INFO]  CategoricalEncoder for column Most_widespread_ritual_frequency_per_participant                                found only 63 occurrences of value monthly
2019-08-08 14:12:14,764 [INFO]  CategoricalEncoder for column Most_widespread_ritual_frequency_per_participant                                found only 31 occurrences of value once in a lifetime
2019-08-08 14:12:14,767 [INFO]  CategoricalEncoder for column Most_widespread_ritual_frequency_per_participant                                found only 10 occurrences of value once per generation
2019-08-08 14:12:14,771 [INFO]  CategoricalEncoder for column Most_widespread_ritual_frequency_per_participant                                found only 6 occurrences of value monthly/seasonal
2019-08-08 14:12:14,774 [INFO]  CategoricalEncoder for column Most_widespread_ritual_frequency_per_participant                                found only 3 occurrences of value seasonal
2019-08-08 14:12:16,899 [WARNING]  Test set does not contain any ocurrences of values [seasonal] in column [Most_widespread_ritual_frequency_per_participant], consider using a more representative test set.
2019-08-08 14:12:16,905 [INFO]  
========== start: fit model
2019-08-08 14:12:16,908 [WARNING]  Already bound, ignoring bind()
2019-08-08 14:12:17,133 [INFO]  Epoch[0] Batch [0-21]	Speed: 1611.33 samples/sec	cross-entropy=1.490215	Most_widespread_ritual_frequency_per_participant-accuracy=0.460227
2019-08-08 14:12:17,394 [INFO]  Epoch[0] Train-cross-entropy=1.011418
2019-08-08 14:12:17,397 [INFO]  Epoch[0] Train-Most_widespread_ritual_frequency_per_participant-accuracy=0.638158
2019-08-08 14:12:17,399 [INFO]  Epoch[0] Time cost=0.488
2019-08-08 14:12:17,407 [INFO]  Saved checkpoint to "model/Most_widespread_ritual_frequency_per_participant_imputer/model-0000.params"
2019-08-08 14:12:17,441 [INFO]  Epoch[0] Validation-cross-entropy=1.024941
2019-08-08 14:12:17,443 [INFO]  Epoch[0] Validation-Most_widespread_ritual_frequency_per_participant-accuracy=0.562500
2019-08-08 14:12:17,656 [INFO]  Epoch[1] Batch [0-21]	Speed: 1689.94 samples/sec	cross-entropy=0.593423	Most_widespread_ritual_frequency_per_participant-accuracy=0.803977
2019-08-08 14:12:17,908 [INFO]  Epoch[1] Train-cross-entropy=0.478030
2019-08-08 14:12:17,911 [INFO]  Epoch[1] Train-Most_widespread_ritual_frequency_per_participant-accuracy=0.855263
2019-08-08 14:12:17,914 [INFO]  Epoch[1] Time cost=0.468
2019-08-08 14:12:17,924 [INFO]  Saved checkpoint to "model/Most_widespread_ritual_frequency_per_participant_imputer/model-0001.params"
2019-08-08 14:12:17,958 [INFO]  Epoch[1] Validation-cross-entropy=0.503332
2019-08-08 14:12:17,962 [INFO]  Epoch[1] Validation-Most_widespread_ritual_frequency_per_participant-accuracy=0.875000
2019-08-08 14:12:18,198 [INFO]  Epoch[2] Batch [0-21]	Speed: 1531.47 samples/sec	cross-entropy=0.279739	Most_widespread_ritual_frequency_per_participant-accuracy=0.923295
2019-08-08 14:12:18,378 [INFO]  Epoch[2] Train-cross-entropy=0.267731
2019-08-08 14:12:18,381 [INFO]  Epoch[2] Train-Most_widespread_ritual_frequency_per_participant-accuracy=0.917763
2019-08-08 14:12:18,383 [INFO]  Epoch[2] Time cost=0.419
2019-08-08 14:12:18,392 [INFO]  Saved checkpoint to "model/Most_widespread_ritual_frequency_per_participant_imputer/model-0002.params"
2019-08-08 14:12:18,430 [INFO]  Epoch[2] Validation-cross-entropy=0.285972
2019-08-08 14:12:18,432 [INFO]  Epoch[2] Validation-Most_widespread_ritual_frequency_per_participant-accuracy=0.900000
2019-08-08 14:12:18,642 [INFO]  Epoch[3] Batch [0-21]	Speed: 1720.36 samples/sec	cross-entropy=0.157718	Most_widespread_ritual_frequency_per_participant-accuracy=0.948864
2019-08-08 14:12:18,839 [INFO]  Epoch[3] Train-cross-entropy=0.170799
2019-08-08 14:12:18,842 [INFO]  Epoch[3] Train-Most_widespread_ritual_frequency_per_participant-accuracy=0.940789
2019-08-08 14:12:18,844 [INFO]  Epoch[3] Time cost=0.409
2019-08-08 14:12:18,858 [INFO]  Saved checkpoint to "model/Most_widespread_ritual_frequency_per_participant_imputer/model-0003.params"
2019-08-08 14:12:18,901 [INFO]  Epoch[3] Validation-cross-entropy=0.203387
2019-08-08 14:12:18,904 [INFO]  Epoch[3] Validation-Most_widespread_ritual_frequency_per_participant-accuracy=0.925000
2019-08-08 14:12:19,152 [INFO]  Epoch[4] Batch [0-21]	Speed: 1427.39 samples/sec	cross-entropy=0.104521	Most_widespread_ritual_frequency_per_participant-accuracy=0.974432
2019-08-08 14:12:19,389 [INFO]  Epoch[4] Train-cross-entropy=0.115850
2019-08-08 14:12:19,392 [INFO]  Epoch[4] Train-Most_widespread_ritual_frequency_per_participant-accuracy=0.976974
2019-08-08 14:12:19,394 [INFO]  Epoch[4] Time cost=0.488
2019-08-08 14:12:19,404 [INFO]  Saved checkpoint to "model/Most_widespread_ritual_frequency_per_participant_imputer/model-0004.params"
2019-08-08 14:12:19,457 [INFO]  Epoch[4] Validation-cross-entropy=0.168277
2019-08-08 14:12:19,460 [INFO]  Epoch[4] Validation-Most_widespread_ritual_frequency_per_participant-accuracy=0.962500
2019-08-08 14:12:19,742 [INFO]  Epoch[5] Batch [0-21]	Speed: 1280.16 samples/sec	cross-entropy=0.074036	Most_widespread_ritual_frequency_per_participant-accuracy=0.985795
2019-08-08 14:12:19,922 [INFO]  Epoch[5] Train-cross-entropy=0.083959
2019-08-08 14:12:19,925 [INFO]  Epoch[5] Train-Most_widespread_ritual_frequency_per_participant-accuracy=0.983553
2019-08-08 14:12:19,927 [INFO]  Epoch[5] Time cost=0.464
2019-08-08 14:12:19,938 [INFO]  Saved checkpoint to "model/Most_widespread_ritual_frequency_per_participant_imputer/model-0005.params"
2019-08-08 14:12:19,981 [INFO]  Epoch[5] Validation-cross-entropy=0.144127
2019-08-08 14:12:19,984 [INFO]  Epoch[5] Validation-Most_widespread_ritual_frequency_per_participant-accuracy=0.950000
2019-08-08 14:12:20,205 [INFO]  Epoch[6] Batch [0-21]	Speed: 1610.78 samples/sec	cross-entropy=0.056958	Most_widespread_ritual_frequency_per_participant-accuracy=0.991477
2019-08-08 14:12:20,374 [INFO]  Epoch[6] Train-cross-entropy=0.065906
2019-08-08 14:12:20,377 [INFO]  Epoch[6] Train-Most_widespread_ritual_frequency_per_participant-accuracy=0.990132
2019-08-08 14:12:20,380 [INFO]  Epoch[6] Time cost=0.393
2019-08-08 14:12:20,387 [INFO]  Saved checkpoint to "model/Most_widespread_ritual_frequency_per_participant_imputer/model-0006.params"
2019-08-08 14:12:20,426 [INFO]  Epoch[6] Validation-cross-entropy=0.130024
2019-08-08 14:12:20,429 [INFO]  Epoch[6] Validation-Most_widespread_ritual_frequency_per_participant-accuracy=0.950000
2019-08-08 14:12:20,624 [INFO]  Epoch[7] Batch [0-21]	Speed: 1863.56 samples/sec	cross-entropy=0.047996	Most_widespread_ritual_frequency_per_participant-accuracy=0.988636
2019-08-08 14:12:20,792 [INFO]  Epoch[7] Train-cross-entropy=0.055257
2019-08-08 14:12:20,795 [INFO]  Epoch[7] Train-Most_widespread_ritual_frequency_per_participant-accuracy=0.990132
2019-08-08 14:12:20,798 [INFO]  Epoch[7] Time cost=0.367
2019-08-08 14:12:20,807 [INFO]  Saved checkpoint to "model/Most_widespread_ritual_frequency_per_participant_imputer/model-0007.params"
2019-08-08 14:12:20,843 [INFO]  Epoch[7] Validation-cross-entropy=0.127632
2019-08-08 14:12:20,847 [INFO]  Epoch[7] Validation-Most_widespread_ritual_frequency_per_participant-accuracy=0.950000
2019-08-08 14:12:21,068 [INFO]  Epoch[8] Batch [0-21]	Speed: 1698.89 samples/sec	cross-entropy=0.041122	Most_widespread_ritual_frequency_per_participant-accuracy=0.988636
2019-08-08 14:12:21,253 [INFO]  Epoch[8] Train-cross-entropy=0.046273
2019-08-08 14:12:21,255 [INFO]  Epoch[8] Train-Most_widespread_ritual_frequency_per_participant-accuracy=0.993421
2019-08-08 14:12:21,258 [INFO]  Epoch[8] Time cost=0.404
2019-08-08 14:12:21,266 [INFO]  Saved checkpoint to "model/Most_widespread_ritual_frequency_per_participant_imputer/model-0008.params"
2019-08-08 14:12:21,306 [INFO]  Epoch[8] Validation-cross-entropy=0.124803
2019-08-08 14:12:21,309 [INFO]  Epoch[8] Validation-Most_widespread_ritual_frequency_per_participant-accuracy=0.962500
2019-08-08 14:12:21,508 [INFO]  Epoch[9] Batch [0-21]	Speed: 1822.78 samples/sec	cross-entropy=0.036565	Most_widespread_ritual_frequency_per_participant-accuracy=0.994318
2019-08-08 14:12:21,711 [INFO]  Epoch[9] Train-cross-entropy=0.041080
2019-08-08 14:12:21,714 [INFO]  Epoch[9] Train-Most_widespread_ritual_frequency_per_participant-accuracy=0.993421
2019-08-08 14:12:21,717 [INFO]  Epoch[9] Time cost=0.405
2019-08-08 14:12:21,726 [INFO]  Saved checkpoint to "model/Most_widespread_ritual_frequency_per_participant_imputer/model-0009.params"
2019-08-08 14:12:21,758 [INFO]  Epoch[9] Validation-cross-entropy=0.131406
2019-08-08 14:12:21,761 [INFO]  Epoch[9] Validation-Most_widespread_ritual_frequency_per_participant-accuracy=0.962500
2019-08-08 14:12:22,005 [INFO]  Epoch[10] Batch [0-21]	Speed: 1516.78 samples/sec	cross-entropy=0.032802	Most_widespread_ritual_frequency_per_participant-accuracy=0.994318
2019-08-08 14:12:22,206 [INFO]  Epoch[10] Train-cross-entropy=0.037662
2019-08-08 14:12:22,209 [INFO]  Epoch[10] Train-Most_widespread_ritual_frequency_per_participant-accuracy=0.993421
2019-08-08 14:12:22,211 [INFO]  Epoch[10] Time cost=0.444
2019-08-08 14:12:22,220 [INFO]  Saved checkpoint to "model/Most_widespread_ritual_frequency_per_participant_imputer/model-0010.params"
2019-08-08 14:12:22,256 [INFO]  Epoch[10] Validation-cross-entropy=0.124993
2019-08-08 14:12:22,259 [INFO]  Epoch[10] Validation-Most_widespread_ritual_frequency_per_participant-accuracy=0.962500
2019-08-08 14:12:22,455 [INFO]  Epoch[11] Batch [0-21]	Speed: 1848.97 samples/sec	cross-entropy=0.029094	Most_widespread_ritual_frequency_per_participant-accuracy=0.994318
2019-08-08 14:12:22,624 [INFO]  Epoch[11] Train-cross-entropy=0.035498
2019-08-08 14:12:22,627 [INFO]  Epoch[11] Train-Most_widespread_ritual_frequency_per_participant-accuracy=0.993421
2019-08-08 14:12:22,630 [INFO]  Epoch[11] Time cost=0.369
2019-08-08 14:12:22,638 [INFO]  Saved checkpoint to "model/Most_widespread_ritual_frequency_per_participant_imputer/model-0011.params"
2019-08-08 14:12:22,681 [INFO]  Epoch[11] Validation-cross-entropy=0.102307
2019-08-08 14:12:22,685 [INFO]  Epoch[11] Validation-Most_widespread_ritual_frequency_per_participant-accuracy=0.975000
2019-08-08 14:12:22,901 [INFO]  Epoch[12] Batch [0-21]	Speed: 1706.68 samples/sec	cross-entropy=0.025457	Most_widespread_ritual_frequency_per_participant-accuracy=0.994318
2019-08-08 14:12:23,113 [INFO]  Epoch[12] Train-cross-entropy=0.033371
2019-08-08 14:12:23,117 [INFO]  Epoch[12] Train-Most_widespread_ritual_frequency_per_participant-accuracy=0.993421
2019-08-08 14:12:23,120 [INFO]  Epoch[12] Time cost=0.430
2019-08-08 14:12:23,131 [INFO]  Saved checkpoint to "model/Most_widespread_ritual_frequency_per_participant_imputer/model-0012.params"
2019-08-08 14:12:23,188 [INFO]  Epoch[12] Validation-cross-entropy=0.086622
2019-08-08 14:12:23,190 [INFO]  Epoch[12] Validation-Most_widespread_ritual_frequency_per_participant-accuracy=0.975000
2019-08-08 14:12:23,435 [INFO]  Epoch[13] Batch [0-21]	Speed: 1495.18 samples/sec	cross-entropy=0.023678	Most_widespread_ritual_frequency_per_participant-accuracy=0.994318
2019-08-08 14:12:23,634 [INFO]  Epoch[13] Train-cross-entropy=0.032650
2019-08-08 14:12:23,637 [INFO]  Epoch[13] Train-Most_widespread_ritual_frequency_per_participant-accuracy=0.990132
2019-08-08 14:12:23,639 [INFO]  Epoch[13] Time cost=0.447
2019-08-08 14:12:23,648 [INFO]  Saved checkpoint to "model/Most_widespread_ritual_frequency_per_participant_imputer/model-0013.params"
2019-08-08 14:12:23,702 [INFO]  Epoch[13] Validation-cross-entropy=0.030690
2019-08-08 14:12:23,709 [INFO]  Epoch[13] Validation-Most_widespread_ritual_frequency_per_participant-accuracy=1.000000
2019-08-08 14:12:23,968 [INFO]  Epoch[14] Batch [0-21]	Speed: 1438.91 samples/sec	cross-entropy=0.019649	Most_widespread_ritual_frequency_per_participant-accuracy=0.994318
2019-08-08 14:12:24,201 [INFO]  Epoch[14] Train-cross-entropy=0.029199
2019-08-08 14:12:24,204 [INFO]  Epoch[14] Train-Most_widespread_ritual_frequency_per_participant-accuracy=0.993421
2019-08-08 14:12:24,207 [INFO]  Epoch[14] Time cost=0.491
2019-08-08 14:12:24,215 [INFO]  Saved checkpoint to "model/Most_widespread_ritual_frequency_per_participant_imputer/model-0014.params"
2019-08-08 14:12:24,256 [INFO]  Epoch[14] Validation-cross-entropy=0.043190
2019-08-08 14:12:24,259 [INFO]  Epoch[14] Validation-Most_widespread_ritual_frequency_per_participant-accuracy=1.000000
2019-08-08 14:12:24,491 [INFO]  Epoch[15] Batch [0-21]	Speed: 1546.86 samples/sec	cross-entropy=0.020225	Most_widespread_ritual_frequency_per_participant-accuracy=0.994318
2019-08-08 14:12:24,690 [INFO]  Epoch[15] Train-cross-entropy=0.024700
2019-08-08 14:12:24,693 [INFO]  Epoch[15] Train-Most_widespread_ritual_frequency_per_participant-accuracy=0.993421
2019-08-08 14:12:24,696 [INFO]  Epoch[15] Time cost=0.434
2019-08-08 14:12:24,704 [INFO]  Saved checkpoint to "model/Most_widespread_ritual_frequency_per_participant_imputer/model-0015.params"
2019-08-08 14:12:24,756 [INFO]  Epoch[15] Validation-cross-entropy=0.019093
2019-08-08 14:12:24,763 [INFO]  Epoch[15] Validation-Most_widespread_ritual_frequency_per_participant-accuracy=1.000000
2019-08-08 14:12:25,000 [INFO]  Epoch[16] Batch [0-21]	Speed: 1557.42 samples/sec	cross-entropy=0.015599	Most_widespread_ritual_frequency_per_participant-accuracy=0.994318
2019-08-08 14:12:25,189 [INFO]  Epoch[16] Train-cross-entropy=0.016528
2019-08-08 14:12:25,192 [INFO]  Epoch[16] Train-Most_widespread_ritual_frequency_per_participant-accuracy=0.996711
2019-08-08 14:12:25,194 [INFO]  Epoch[16] Time cost=0.428
2019-08-08 14:12:25,203 [INFO]  Saved checkpoint to "model/Most_widespread_ritual_frequency_per_participant_imputer/model-0016.params"
2019-08-08 14:12:25,254 [INFO]  Epoch[16] Validation-cross-entropy=0.013159
2019-08-08 14:12:25,258 [INFO]  Epoch[16] Validation-Most_widespread_ritual_frequency_per_participant-accuracy=1.000000
2019-08-08 14:12:25,491 [INFO]  Epoch[17] Batch [0-21]	Speed: 1535.11 samples/sec	cross-entropy=0.012863	Most_widespread_ritual_frequency_per_participant-accuracy=0.994318
2019-08-08 14:12:25,697 [INFO]  Epoch[17] Train-cross-entropy=0.013781
2019-08-08 14:12:25,700 [INFO]  Epoch[17] Train-Most_widespread_ritual_frequency_per_participant-accuracy=1.000000
2019-08-08 14:12:25,702 [INFO]  Epoch[17] Time cost=0.441
2019-08-08 14:12:25,710 [INFO]  Saved checkpoint to "model/Most_widespread_ritual_frequency_per_participant_imputer/model-0017.params"
2019-08-08 14:12:25,750 [INFO]  Epoch[17] Validation-cross-entropy=0.009712
2019-08-08 14:12:25,753 [INFO]  Epoch[17] Validation-Most_widespread_ritual_frequency_per_participant-accuracy=1.000000
2019-08-08 14:12:25,997 [INFO]  Epoch[18] Batch [0-21]	Speed: 1456.35 samples/sec	cross-entropy=0.010534	Most_widespread_ritual_frequency_per_participant-accuracy=0.997159
2019-08-08 14:12:26,180 [INFO]  Epoch[18] Train-cross-entropy=0.012237
2019-08-08 14:12:26,183 [INFO]  Epoch[18] Train-Most_widespread_ritual_frequency_per_participant-accuracy=1.000000
2019-08-08 14:12:26,185 [INFO]  Epoch[18] Time cost=0.430
2019-08-08 14:12:26,194 [INFO]  Saved checkpoint to "model/Most_widespread_ritual_frequency_per_participant_imputer/model-0018.params"
2019-08-08 14:12:26,231 [INFO]  Epoch[18] Validation-cross-entropy=0.008258
2019-08-08 14:12:26,234 [INFO]  Epoch[18] Validation-Most_widespread_ritual_frequency_per_participant-accuracy=1.000000
2019-08-08 14:12:26,429 [INFO]  Epoch[19] Batch [0-21]	Speed: 1847.46 samples/sec	cross-entropy=0.009363	Most_widespread_ritual_frequency_per_participant-accuracy=0.997159
2019-08-08 14:12:26,606 [INFO]  Epoch[19] Train-cross-entropy=0.011237
2019-08-08 14:12:26,609 [INFO]  Epoch[19] Train-Most_widespread_ritual_frequency_per_participant-accuracy=1.000000
2019-08-08 14:12:26,611 [INFO]  Epoch[19] Time cost=0.375
2019-08-08 14:12:26,620 [INFO]  Saved checkpoint to "model/Most_widespread_ritual_frequency_per_participant_imputer/model-0019.params"
2019-08-08 14:12:26,654 [INFO]  Epoch[19] Validation-cross-entropy=0.007218
2019-08-08 14:12:26,657 [INFO]  Epoch[19] Validation-Most_widespread_ritual_frequency_per_participant-accuracy=1.000000
2019-08-08 14:12:26,865 [INFO]  Epoch[20] Batch [0-21]	Speed: 1728.43 samples/sec	cross-entropy=0.008577	Most_widespread_ritual_frequency_per_participant-accuracy=0.997159
2019-08-08 14:12:27,045 [INFO]  Epoch[20] Train-cross-entropy=0.010462
2019-08-08 14:12:27,048 [INFO]  Epoch[20] Train-Most_widespread_ritual_frequency_per_participant-accuracy=1.000000
2019-08-08 14:12:27,050 [INFO]  Epoch[20] Time cost=0.391
2019-08-08 14:12:27,059 [INFO]  Saved checkpoint to "model/Most_widespread_ritual_frequency_per_participant_imputer/model-0020.params"
2019-08-08 14:12:27,101 [INFO]  Epoch[20] Validation-cross-entropy=0.006517
2019-08-08 14:12:27,104 [INFO]  Epoch[20] Validation-Most_widespread_ritual_frequency_per_participant-accuracy=1.000000
2019-08-08 14:12:27,297 [INFO]  Epoch[21] Batch [0-21]	Speed: 1877.36 samples/sec	cross-entropy=0.007960	Most_widespread_ritual_frequency_per_participant-accuracy=1.000000
2019-08-08 14:12:27,468 [INFO]  Epoch[21] Train-cross-entropy=0.009756
2019-08-08 14:12:27,471 [INFO]  Epoch[21] Train-Most_widespread_ritual_frequency_per_participant-accuracy=1.000000
2019-08-08 14:12:27,474 [INFO]  Epoch[21] Time cost=0.367
2019-08-08 14:12:27,482 [INFO]  Saved checkpoint to "model/Most_widespread_ritual_frequency_per_participant_imputer/model-0021.params"
2019-08-08 14:12:27,517 [INFO]  Epoch[21] Validation-cross-entropy=0.005912
2019-08-08 14:12:27,520 [INFO]  Epoch[21] Validation-Most_widespread_ritual_frequency_per_participant-accuracy=1.000000
2019-08-08 14:12:27,716 [INFO]  Epoch[22] Batch [0-21]	Speed: 1858.09 samples/sec	cross-entropy=0.007413	Most_widespread_ritual_frequency_per_participant-accuracy=1.000000
2019-08-08 14:12:27,887 [INFO]  Epoch[22] Train-cross-entropy=0.009097
2019-08-08 14:12:27,890 [INFO]  Epoch[22] Train-Most_widespread_ritual_frequency_per_participant-accuracy=1.000000
2019-08-08 14:12:27,893 [INFO]  Epoch[22] Time cost=0.370
2019-08-08 14:12:27,902 [INFO]  Saved checkpoint to "model/Most_widespread_ritual_frequency_per_participant_imputer/model-0022.params"
2019-08-08 14:12:27,935 [INFO]  Epoch[22] Validation-cross-entropy=0.005370
2019-08-08 14:12:27,938 [INFO]  Epoch[22] Validation-Most_widespread_ritual_frequency_per_participant-accuracy=1.000000
2019-08-08 14:12:28,141 [INFO]  Epoch[23] Batch [0-21]	Speed: 1760.79 samples/sec	cross-entropy=0.006875	Most_widespread_ritual_frequency_per_participant-accuracy=1.000000
2019-08-08 14:12:28,328 [INFO]  Epoch[23] Train-cross-entropy=0.008507
2019-08-08 14:12:28,331 [INFO]  Epoch[23] Train-Most_widespread_ritual_frequency_per_participant-accuracy=1.000000
2019-08-08 14:12:28,333 [INFO]  Epoch[23] Time cost=0.393
2019-08-08 14:12:28,341 [INFO]  Saved checkpoint to "model/Most_widespread_ritual_frequency_per_participant_imputer/model-0023.params"
2019-08-08 14:12:28,380 [INFO]  Epoch[23] Validation-cross-entropy=0.004931
2019-08-08 14:12:28,382 [INFO]  Epoch[23] Validation-Most_widespread_ritual_frequency_per_participant-accuracy=1.000000
2019-08-08 14:12:28,607 [INFO]  Epoch[24] Batch [0-21]	Speed: 1602.43 samples/sec	cross-entropy=0.006440	Most_widespread_ritual_frequency_per_participant-accuracy=1.000000
2019-08-08 14:12:28,829 [INFO]  Epoch[24] Train-cross-entropy=0.007997
2019-08-08 14:12:28,832 [INFO]  Epoch[24] Train-Most_widespread_ritual_frequency_per_participant-accuracy=1.000000
2019-08-08 14:12:28,835 [INFO]  Epoch[24] Time cost=0.450
2019-08-08 14:12:28,847 [INFO]  Saved checkpoint to "model/Most_widespread_ritual_frequency_per_participant_imputer/model-0024.params"
2019-08-08 14:12:28,886 [INFO]  Epoch[24] Validation-cross-entropy=0.004546
2019-08-08 14:12:28,889 [INFO]  Epoch[24] Validation-Most_widespread_ritual_frequency_per_participant-accuracy=1.000000
2019-08-08 14:12:29,127 [INFO]  Epoch[25] Batch [0-21]	Speed: 1476.28 samples/sec	cross-entropy=0.005987	Most_widespread_ritual_frequency_per_participant-accuracy=1.000000
2019-08-08 14:12:29,317 [INFO]  Epoch[25] Train-cross-entropy=0.007486
2019-08-08 14:12:29,319 [INFO]  Epoch[25] Train-Most_widespread_ritual_frequency_per_participant-accuracy=1.000000
2019-08-08 14:12:29,321 [INFO]  Epoch[25] Time cost=0.430
2019-08-08 14:12:29,331 [INFO]  Saved checkpoint to "model/Most_widespread_ritual_frequency_per_participant_imputer/model-0025.params"
2019-08-08 14:12:29,385 [INFO]  Epoch[25] Validation-cross-entropy=0.004215
2019-08-08 14:12:29,388 [INFO]  Epoch[25] Validation-Most_widespread_ritual_frequency_per_participant-accuracy=1.000000
2019-08-08 14:12:29,607 [INFO]  Epoch[26] Batch [0-21]	Speed: 1654.81 samples/sec	cross-entropy=0.005591	Most_widespread_ritual_frequency_per_participant-accuracy=1.000000
2019-08-08 14:12:29,810 [INFO]  Epoch[26] Train-cross-entropy=0.007030
2019-08-08 14:12:29,817 [INFO]  Epoch[26] Train-Most_widespread_ritual_frequency_per_participant-accuracy=1.000000
2019-08-08 14:12:29,819 [INFO]  Epoch[26] Time cost=0.428
2019-08-08 14:12:29,828 [INFO]  Saved checkpoint to "model/Most_widespread_ritual_frequency_per_participant_imputer/model-0026.params"
2019-08-08 14:12:29,870 [INFO]  Epoch[26] Validation-cross-entropy=0.003925
2019-08-08 14:12:29,875 [INFO]  Epoch[26] Validation-Most_widespread_ritual_frequency_per_participant-accuracy=1.000000
2019-08-08 14:12:30,135 [INFO]  Epoch[27] Batch [0-21]	Speed: 1407.43 samples/sec	cross-entropy=0.005223	Most_widespread_ritual_frequency_per_participant-accuracy=1.000000
2019-08-08 14:12:30,367 [INFO]  Epoch[27] Train-cross-entropy=0.006580
2019-08-08 14:12:30,369 [INFO]  Epoch[27] Train-Most_widespread_ritual_frequency_per_participant-accuracy=1.000000
2019-08-08 14:12:30,372 [INFO]  Epoch[27] Time cost=0.492
2019-08-08 14:12:30,380 [INFO]  Saved checkpoint to "model/Most_widespread_ritual_frequency_per_participant_imputer/model-0027.params"
2019-08-08 14:12:30,421 [INFO]  Epoch[27] Validation-cross-entropy=0.003709
2019-08-08 14:12:30,426 [INFO]  Epoch[27] Validation-Most_widespread_ritual_frequency_per_participant-accuracy=1.000000
2019-08-08 14:12:30,679 [INFO]  Epoch[28] Batch [0-21]	Speed: 1440.64 samples/sec	cross-entropy=0.004955	Most_widespread_ritual_frequency_per_participant-accuracy=1.000000
2019-08-08 14:12:30,885 [INFO]  Epoch[28] Train-cross-entropy=0.006199
2019-08-08 14:12:30,888 [INFO]  Epoch[28] Train-Most_widespread_ritual_frequency_per_participant-accuracy=1.000000
2019-08-08 14:12:30,890 [INFO]  Epoch[28] Time cost=0.460
2019-08-08 14:12:30,900 [INFO]  Saved checkpoint to "model/Most_widespread_ritual_frequency_per_participant_imputer/model-0028.params"
2019-08-08 14:12:30,947 [INFO]  Epoch[28] Validation-cross-entropy=0.003490
2019-08-08 14:12:30,949 [INFO]  Epoch[28] Validation-Most_widespread_ritual_frequency_per_participant-accuracy=1.000000
2019-08-08 14:12:31,185 [INFO]  Epoch[29] Batch [0-21]	Speed: 1518.97 samples/sec	cross-entropy=0.004598	Most_widespread_ritual_frequency_per_participant-accuracy=1.000000
2019-08-08 14:12:31,414 [INFO]  Epoch[29] Train-cross-entropy=0.005792
2019-08-08 14:12:31,417 [INFO]  Epoch[29] Train-Most_widespread_ritual_frequency_per_participant-accuracy=1.000000
2019-08-08 14:12:31,419 [INFO]  Epoch[29] Time cost=0.467
2019-08-08 14:12:31,428 [INFO]  Saved checkpoint to "model/Most_widespread_ritual_frequency_per_participant_imputer/model-0029.params"
2019-08-08 14:12:31,461 [INFO]  Epoch[29] Validation-cross-entropy=0.003336
2019-08-08 14:12:31,464 [INFO]  Epoch[29] Validation-Most_widespread_ritual_frequency_per_participant-accuracy=1.000000
2019-08-08 14:12:31,709 [INFO]  Epoch[30] Batch [0-21]	Speed: 1475.15 samples/sec	cross-entropy=0.004328	Most_widespread_ritual_frequency_per_participant-accuracy=1.000000
2019-08-08 14:12:31,902 [INFO]  Epoch[30] Train-cross-entropy=0.005473
2019-08-08 14:12:31,905 [INFO]  Epoch[30] Train-Most_widespread_ritual_frequency_per_participant-accuracy=1.000000
2019-08-08 14:12:31,907 [INFO]  Epoch[30] Time cost=0.441
2019-08-08 14:12:31,916 [INFO]  Saved checkpoint to "model/Most_widespread_ritual_frequency_per_participant_imputer/model-0030.params"
2019-08-08 14:12:31,958 [INFO]  Epoch[30] Validation-cross-entropy=0.003174
2019-08-08 14:12:31,960 [INFO]  Epoch[30] Validation-Most_widespread_ritual_frequency_per_participant-accuracy=1.000000
2019-08-08 14:12:32,211 [INFO]  Epoch[31] Batch [0-21]	Speed: 1456.92 samples/sec	cross-entropy=0.004022	Most_widespread_ritual_frequency_per_participant-accuracy=1.000000
2019-08-08 14:12:32,402 [INFO]  Epoch[31] Train-cross-entropy=0.005143
2019-08-08 14:12:32,407 [INFO]  Epoch[31] Train-Most_widespread_ritual_frequency_per_participant-accuracy=1.000000
2019-08-08 14:12:32,411 [INFO]  Epoch[31] Time cost=0.447
2019-08-08 14:12:32,421 [INFO]  Saved checkpoint to "model/Most_widespread_ritual_frequency_per_participant_imputer/model-0031.params"
2019-08-08 14:12:32,474 [INFO]  Epoch[31] Validation-cross-entropy=0.003054
2019-08-08 14:12:32,477 [INFO]  Epoch[31] Validation-Most_widespread_ritual_frequency_per_participant-accuracy=1.000000
2019-08-08 14:12:32,689 [INFO]  Epoch[32] Batch [0-21]	Speed: 1739.27 samples/sec	cross-entropy=0.003778	Most_widespread_ritual_frequency_per_participant-accuracy=1.000000
2019-08-08 14:12:32,866 [INFO]  Epoch[32] Train-cross-entropy=0.004841
2019-08-08 14:12:32,869 [INFO]  Epoch[32] Train-Most_widespread_ritual_frequency_per_participant-accuracy=1.000000
2019-08-08 14:12:32,872 [INFO]  Epoch[32] Time cost=0.391
2019-08-08 14:12:32,881 [INFO]  Saved checkpoint to "model/Most_widespread_ritual_frequency_per_participant_imputer/model-0032.params"
2019-08-08 14:12:32,916 [INFO]  Epoch[32] Validation-cross-entropy=0.002968
2019-08-08 14:12:32,919 [INFO]  Epoch[32] Validation-Most_widespread_ritual_frequency_per_participant-accuracy=1.000000
2019-08-08 14:12:33,167 [INFO]  Epoch[33] Batch [0-21]	Speed: 1458.60 samples/sec	cross-entropy=0.003544	Most_widespread_ritual_frequency_per_participant-accuracy=1.000000
2019-08-08 14:12:33,371 [INFO]  Epoch[33] Train-cross-entropy=0.004560
2019-08-08 14:12:33,374 [INFO]  Epoch[33] Train-Most_widespread_ritual_frequency_per_participant-accuracy=1.000000
2019-08-08 14:12:33,376 [INFO]  Epoch[33] Time cost=0.455
2019-08-08 14:12:33,385 [INFO]  Saved checkpoint to "model/Most_widespread_ritual_frequency_per_participant_imputer/model-0033.params"
2019-08-08 14:12:33,420 [INFO]  Epoch[33] Validation-cross-entropy=0.002899
2019-08-08 14:12:33,425 [INFO]  Epoch[33] Validation-Most_widespread_ritual_frequency_per_participant-accuracy=1.000000
2019-08-08 14:12:33,654 [INFO]  Epoch[34] Batch [0-21]	Speed: 1602.34 samples/sec	cross-entropy=0.003310	Most_widespread_ritual_frequency_per_participant-accuracy=1.000000
2019-08-08 14:12:33,836 [INFO]  Epoch[34] Train-cross-entropy=0.004289
2019-08-08 14:12:33,839 [INFO]  Epoch[34] Train-Most_widespread_ritual_frequency_per_participant-accuracy=1.000000
2019-08-08 14:12:33,841 [INFO]  Epoch[34] Time cost=0.413
2019-08-08 14:12:33,850 [INFO]  Saved checkpoint to "model/Most_widespread_ritual_frequency_per_participant_imputer/model-0034.params"
2019-08-08 14:12:33,885 [INFO]  Epoch[34] Validation-cross-entropy=0.002865
2019-08-08 14:12:33,888 [INFO]  Epoch[34] Validation-Most_widespread_ritual_frequency_per_participant-accuracy=1.000000
2019-08-08 14:12:34,081 [INFO]  Epoch[35] Batch [0-21]	Speed: 1845.11 samples/sec	cross-entropy=0.003104	Most_widespread_ritual_frequency_per_participant-accuracy=1.000000
2019-08-08 14:12:34,252 [INFO]  Epoch[35] Train-cross-entropy=0.004046
2019-08-08 14:12:34,255 [INFO]  Epoch[35] Train-Most_widespread_ritual_frequency_per_participant-accuracy=1.000000
2019-08-08 14:12:34,257 [INFO]  Epoch[35] Time cost=0.367
2019-08-08 14:12:34,266 [INFO]  Saved checkpoint to "model/Most_widespread_ritual_frequency_per_participant_imputer/model-0035.params"
2019-08-08 14:12:34,306 [INFO]  Epoch[35] Validation-cross-entropy=0.002849
2019-08-08 14:12:34,310 [INFO]  Epoch[35] Validation-Most_widespread_ritual_frequency_per_participant-accuracy=1.000000
2019-08-08 14:12:34,504 [INFO]  Epoch[36] Batch [0-21]	Speed: 1892.63 samples/sec	cross-entropy=0.002896	Most_widespread_ritual_frequency_per_participant-accuracy=1.000000
2019-08-08 14:12:34,680 [INFO]  Epoch[36] Train-cross-entropy=0.003816
2019-08-08 14:12:34,683 [INFO]  Epoch[36] Train-Most_widespread_ritual_frequency_per_participant-accuracy=1.000000
2019-08-08 14:12:34,686 [INFO]  Epoch[36] Time cost=0.372
2019-08-08 14:12:34,695 [INFO]  Saved checkpoint to "model/Most_widespread_ritual_frequency_per_participant_imputer/model-0036.params"
2019-08-08 14:12:34,729 [INFO]  Epoch[36] Validation-cross-entropy=0.002818
2019-08-08 14:12:34,733 [INFO]  Epoch[36] Validation-Most_widespread_ritual_frequency_per_participant-accuracy=1.000000
2019-08-08 14:12:34,932 [INFO]  Epoch[37] Batch [0-21]	Speed: 1788.92 samples/sec	cross-entropy=0.002719	Most_widespread_ritual_frequency_per_participant-accuracy=1.000000
2019-08-08 14:12:35,116 [INFO]  Epoch[37] Train-cross-entropy=0.003599
2019-08-08 14:12:35,119 [INFO]  Epoch[37] Train-Most_widespread_ritual_frequency_per_participant-accuracy=1.000000
2019-08-08 14:12:35,121 [INFO]  Epoch[37] Time cost=0.386
2019-08-08 14:12:35,129 [INFO]  Saved checkpoint to "model/Most_widespread_ritual_frequency_per_participant_imputer/model-0037.params"
2019-08-08 14:12:35,169 [INFO]  Epoch[37] Validation-cross-entropy=0.002829
2019-08-08 14:12:35,172 [INFO]  Epoch[37] Validation-Most_widespread_ritual_frequency_per_participant-accuracy=1.000000
2019-08-08 14:12:35,373 [INFO]  Epoch[38] Batch [0-21]	Speed: 1799.42 samples/sec	cross-entropy=0.002560	Most_widespread_ritual_frequency_per_participant-accuracy=1.000000
2019-08-08 14:12:35,543 [INFO]  Epoch[38] Train-cross-entropy=0.003397
2019-08-08 14:12:35,546 [INFO]  Epoch[38] Train-Most_widespread_ritual_frequency_per_participant-accuracy=1.000000
2019-08-08 14:12:35,549 [INFO]  Epoch[38] Time cost=0.374
2019-08-08 14:12:35,557 [INFO]  Saved checkpoint to "model/Most_widespread_ritual_frequency_per_participant_imputer/model-0038.params"
2019-08-08 14:12:35,597 [INFO]  Epoch[38] Validation-cross-entropy=0.002868
2019-08-08 14:12:35,599 [INFO]  Epoch[38] Validation-Most_widespread_ritual_frequency_per_participant-accuracy=1.000000
2019-08-08 14:12:35,795 [INFO]  Epoch[39] Batch [0-21]	Speed: 1847.26 samples/sec	cross-entropy=0.002401	Most_widespread_ritual_frequency_per_participant-accuracy=1.000000
2019-08-08 14:12:35,964 [INFO]  Epoch[39] Train-cross-entropy=0.003213
2019-08-08 14:12:35,967 [INFO]  Epoch[39] Train-Most_widespread_ritual_frequency_per_participant-accuracy=1.000000
2019-08-08 14:12:35,970 [INFO]  Epoch[39] Time cost=0.368
2019-08-08 14:12:35,979 [INFO]  Saved checkpoint to "model/Most_widespread_ritual_frequency_per_participant_imputer/model-0039.params"
2019-08-08 14:12:36,011 [INFO]  Epoch[39] Validation-cross-entropy=0.002885
2019-08-08 14:12:36,014 [INFO]  Epoch[39] Validation-Most_widespread_ritual_frequency_per_participant-accuracy=1.000000
2019-08-08 14:12:36,234 [INFO]  Epoch[40] Batch [0-21]	Speed: 1610.02 samples/sec	cross-entropy=0.002244	Most_widespread_ritual_frequency_per_participant-accuracy=1.000000
2019-08-08 14:12:36,402 [INFO]  Epoch[40] Train-cross-entropy=0.003018
2019-08-08 14:12:36,404 [INFO]  Epoch[40] Train-Most_widespread_ritual_frequency_per_participant-accuracy=1.000000
2019-08-08 14:12:36,407 [INFO]  Epoch[40] Time cost=0.390
2019-08-08 14:12:36,415 [INFO]  Saved checkpoint to "model/Most_widespread_ritual_frequency_per_participant_imputer/model-0040.params"
2019-08-08 14:12:36,451 [INFO]  Epoch[40] Validation-cross-entropy=0.002974
2019-08-08 14:12:36,454 [INFO]  Epoch[40] Validation-Most_widespread_ritual_frequency_per_participant-accuracy=1.000000
2019-08-08 14:12:36,666 [INFO]  Epoch[41] Batch [0-21]	Speed: 1684.40 samples/sec	cross-entropy=0.002139	Most_widespread_ritual_frequency_per_participant-accuracy=1.000000
2019-08-08 14:12:36,840 [INFO]  Epoch[41] Train-cross-entropy=0.002881
2019-08-08 14:12:36,843 [INFO]  Epoch[41] Train-Most_widespread_ritual_frequency_per_participant-accuracy=1.000000
2019-08-08 14:12:36,846 [INFO]  Epoch[41] Time cost=0.389
2019-08-08 14:12:36,855 [INFO]  Saved checkpoint to "model/Most_widespread_ritual_frequency_per_participant_imputer/model-0041.params"
2019-08-08 14:12:36,890 [INFO]  No improvement detected for 5 epochs compared to 0.0028175038984045385 last error obtained: 0.003016274457331747, stopping here
2019-08-08 14:12:36,893 [INFO]  
========== done (19.98789095878601 s) fit model
