2019-08-01 18:00:05,939 [INFO]  
========== start: fit model
2019-08-01 18:00:05,944 [WARNING]  Already bound, ignoring bind()
2019-08-01 18:00:06,123 [INFO]  Epoch[0] Batch [0-28]	Speed: 2638.62 samples/sec	cross-entropy=6.512049	Polity_population-accuracy=0.000000
2019-08-01 18:00:06,279 [INFO]  Epoch[0] Train-cross-entropy=10.581504
2019-08-01 18:00:06,280 [INFO]  Epoch[0] Train-Polity_population-accuracy=0.000000
2019-08-01 18:00:06,280 [INFO]  Epoch[0] Time cost=0.334
2019-08-01 18:00:06,284 [INFO]  Saved checkpoint to "model/Polity_population_imputer/model-0000.params"
2019-08-01 18:00:06,321 [INFO]  Epoch[0] Validation-cross-entropy=9.992453
2019-08-01 18:00:06,322 [INFO]  Epoch[0] Validation-Polity_population-accuracy=0.000000
2019-08-01 18:00:06,508 [INFO]  Epoch[1] Batch [0-28]	Speed: 2496.65 samples/sec	cross-entropy=1.486489	Polity_population-accuracy=0.000000
2019-08-01 18:00:06,687 [INFO]  Epoch[1] Train-cross-entropy=4.574139
2019-08-01 18:00:06,688 [INFO]  Epoch[1] Train-Polity_population-accuracy=0.000000
2019-08-01 18:00:06,688 [INFO]  Epoch[1] Time cost=0.366
2019-08-01 18:00:06,691 [INFO]  Saved checkpoint to "model/Polity_population_imputer/model-0001.params"
2019-08-01 18:00:06,726 [INFO]  Epoch[1] Validation-cross-entropy=2.326965
2019-08-01 18:00:06,726 [INFO]  Epoch[1] Validation-Polity_population-accuracy=0.000000
2019-08-01 18:00:06,912 [INFO]  Epoch[2] Batch [0-28]	Speed: 2504.92 samples/sec	cross-entropy=0.890954	Polity_population-accuracy=0.000000
2019-08-01 18:00:07,085 [INFO]  Epoch[2] Train-cross-entropy=1.043805
2019-08-01 18:00:07,086 [INFO]  Epoch[2] Train-Polity_population-accuracy=0.000000
2019-08-01 18:00:07,087 [INFO]  Epoch[2] Time cost=0.360
2019-08-01 18:00:07,091 [INFO]  Saved checkpoint to "model/Polity_population_imputer/model-0002.params"
2019-08-01 18:00:07,142 [INFO]  Epoch[2] Validation-cross-entropy=1.126528
2019-08-01 18:00:07,144 [INFO]  Epoch[2] Validation-Polity_population-accuracy=0.000000
2019-08-01 18:00:07,393 [INFO]  Epoch[3] Batch [0-28]	Speed: 1912.11 samples/sec	cross-entropy=0.728865	Polity_population-accuracy=0.000000
2019-08-01 18:00:07,552 [INFO]  Epoch[3] Train-cross-entropy=0.696855
2019-08-01 18:00:07,553 [INFO]  Epoch[3] Train-Polity_population-accuracy=0.000000
2019-08-01 18:00:07,553 [INFO]  Epoch[3] Time cost=0.408
2019-08-01 18:00:07,557 [INFO]  Saved checkpoint to "model/Polity_population_imputer/model-0003.params"
2019-08-01 18:00:07,593 [INFO]  Epoch[3] Validation-cross-entropy=2.769061
2019-08-01 18:00:07,593 [INFO]  Epoch[3] Validation-Polity_population-accuracy=0.000000
2019-08-01 18:00:07,771 [INFO]  Epoch[4] Batch [0-28]	Speed: 2619.65 samples/sec	cross-entropy=1.209216	Polity_population-accuracy=0.000000
2019-08-01 18:00:07,926 [INFO]  Epoch[4] Train-cross-entropy=0.665890
2019-08-01 18:00:07,927 [INFO]  Epoch[4] Train-Polity_population-accuracy=0.000000
2019-08-01 18:00:07,927 [INFO]  Epoch[4] Time cost=0.333
2019-08-01 18:00:07,930 [INFO]  Saved checkpoint to "model/Polity_population_imputer/model-0004.params"
2019-08-01 18:00:07,965 [INFO]  Epoch[4] Validation-cross-entropy=1.316698
2019-08-01 18:00:07,966 [INFO]  Epoch[4] Validation-Polity_population-accuracy=0.000000
2019-08-01 18:00:08,147 [INFO]  Epoch[5] Batch [0-28]	Speed: 2574.52 samples/sec	cross-entropy=0.771531	Polity_population-accuracy=0.000000
2019-08-01 18:00:08,319 [INFO]  Epoch[5] Train-cross-entropy=0.375973
2019-08-01 18:00:08,319 [INFO]  Epoch[5] Train-Polity_population-accuracy=0.000000
2019-08-01 18:00:08,320 [INFO]  Epoch[5] Time cost=0.353
2019-08-01 18:00:08,323 [INFO]  Saved checkpoint to "model/Polity_population_imputer/model-0005.params"
2019-08-01 18:00:08,360 [INFO]  Epoch[5] Validation-cross-entropy=0.351528
2019-08-01 18:00:08,361 [INFO]  Epoch[5] Validation-Polity_population-accuracy=0.000000
2019-08-01 18:00:08,538 [INFO]  Epoch[6] Batch [0-28]	Speed: 2623.98 samples/sec	cross-entropy=0.219498	Polity_population-accuracy=0.000000
2019-08-01 18:00:08,694 [INFO]  Epoch[6] Train-cross-entropy=0.144503
2019-08-01 18:00:08,695 [INFO]  Epoch[6] Train-Polity_population-accuracy=0.000000
2019-08-01 18:00:08,695 [INFO]  Epoch[6] Time cost=0.334
2019-08-01 18:00:08,699 [INFO]  Saved checkpoint to "model/Polity_population_imputer/model-0006.params"
2019-08-01 18:00:08,737 [INFO]  Epoch[6] Validation-cross-entropy=0.363837
2019-08-01 18:00:08,737 [INFO]  Epoch[6] Validation-Polity_population-accuracy=0.000000
2019-08-01 18:00:08,996 [INFO]  Epoch[7] Batch [0-28]	Speed: 1787.34 samples/sec	cross-entropy=0.092493	Polity_population-accuracy=0.000000
2019-08-01 18:00:09,259 [INFO]  Epoch[7] Train-cross-entropy=0.054653
2019-08-01 18:00:09,260 [INFO]  Epoch[7] Train-Polity_population-accuracy=0.000000
2019-08-01 18:00:09,260 [INFO]  Epoch[7] Time cost=0.522
2019-08-01 18:00:09,264 [INFO]  Saved checkpoint to "model/Polity_population_imputer/model-0007.params"
2019-08-01 18:00:09,301 [INFO]  Epoch[7] Validation-cross-entropy=0.184069
2019-08-01 18:00:09,302 [INFO]  Epoch[7] Validation-Polity_population-accuracy=0.000000
2019-08-01 18:00:09,503 [INFO]  Epoch[8] Batch [0-28]	Speed: 2306.77 samples/sec	cross-entropy=0.052527	Polity_population-accuracy=0.000000
2019-08-01 18:00:09,701 [INFO]  Epoch[8] Train-cross-entropy=0.041415
2019-08-01 18:00:09,702 [INFO]  Epoch[8] Train-Polity_population-accuracy=0.000000
2019-08-01 18:00:09,702 [INFO]  Epoch[8] Time cost=0.400
2019-08-01 18:00:09,705 [INFO]  Saved checkpoint to "model/Polity_population_imputer/model-0008.params"
2019-08-01 18:00:09,746 [INFO]  Epoch[8] Validation-cross-entropy=0.151846
2019-08-01 18:00:09,746 [INFO]  Epoch[8] Validation-Polity_population-accuracy=0.000000
2019-08-01 18:00:09,928 [INFO]  Epoch[9] Batch [0-28]	Speed: 2555.53 samples/sec	cross-entropy=0.036982	Polity_population-accuracy=0.000000
2019-08-01 18:00:10,099 [INFO]  Epoch[9] Train-cross-entropy=0.032964
2019-08-01 18:00:10,099 [INFO]  Epoch[9] Train-Polity_population-accuracy=0.000000
2019-08-01 18:00:10,100 [INFO]  Epoch[9] Time cost=0.353
2019-08-01 18:00:10,103 [INFO]  Saved checkpoint to "model/Polity_population_imputer/model-0009.params"
2019-08-01 18:00:10,140 [INFO]  Epoch[9] Validation-cross-entropy=0.140041
2019-08-01 18:00:10,141 [INFO]  Epoch[9] Validation-Polity_population-accuracy=0.000000
2019-08-01 18:00:10,325 [INFO]  Epoch[10] Batch [0-28]	Speed: 2526.37 samples/sec	cross-entropy=0.031063	Polity_population-accuracy=0.000000
2019-08-01 18:00:10,497 [INFO]  Epoch[10] Train-cross-entropy=0.031686
2019-08-01 18:00:10,498 [INFO]  Epoch[10] Train-Polity_population-accuracy=0.000000
2019-08-01 18:00:10,498 [INFO]  Epoch[10] Time cost=0.357
2019-08-01 18:00:10,501 [INFO]  Saved checkpoint to "model/Polity_population_imputer/model-0010.params"
2019-08-01 18:00:10,543 [INFO]  Epoch[10] Validation-cross-entropy=0.154462
2019-08-01 18:00:10,544 [INFO]  Epoch[10] Validation-Polity_population-accuracy=0.000000
2019-08-01 18:00:10,770 [INFO]  Epoch[11] Batch [0-28]	Speed: 2052.17 samples/sec	cross-entropy=0.031329	Polity_population-accuracy=0.000000
2019-08-01 18:00:10,937 [INFO]  Epoch[11] Train-cross-entropy=0.041046
2019-08-01 18:00:10,938 [INFO]  Epoch[11] Train-Polity_population-accuracy=0.000000
2019-08-01 18:00:10,941 [INFO]  Epoch[11] Time cost=0.397
2019-08-01 18:00:10,945 [INFO]  Saved checkpoint to "model/Polity_population_imputer/model-0011.params"
2019-08-01 18:00:10,990 [INFO]  Epoch[11] Validation-cross-entropy=0.185212
2019-08-01 18:00:10,991 [INFO]  Epoch[11] Validation-Polity_population-accuracy=0.000000
2019-08-01 18:00:11,189 [INFO]  Epoch[12] Batch [0-28]	Speed: 2359.89 samples/sec	cross-entropy=0.071694	Polity_population-accuracy=0.000000
2019-08-01 18:00:11,375 [INFO]  Epoch[12] Train-cross-entropy=0.097151
2019-08-01 18:00:11,376 [INFO]  Epoch[12] Train-Polity_population-accuracy=0.000000
2019-08-01 18:00:11,376 [INFO]  Epoch[12] Time cost=0.384
2019-08-01 18:00:11,380 [INFO]  Saved checkpoint to "model/Polity_population_imputer/model-0012.params"
2019-08-01 18:00:11,415 [INFO]  Epoch[12] Validation-cross-entropy=0.266670
2019-08-01 18:00:11,416 [INFO]  Epoch[12] Validation-Polity_population-accuracy=0.000000
2019-08-01 18:00:11,626 [INFO]  Epoch[13] Batch [0-28]	Speed: 2198.50 samples/sec	cross-entropy=0.171468	Polity_population-accuracy=0.000000
2019-08-01 18:00:11,797 [INFO]  Epoch[13] Train-cross-entropy=0.314233
2019-08-01 18:00:11,798 [INFO]  Epoch[13] Train-Polity_population-accuracy=0.000000
2019-08-01 18:00:11,798 [INFO]  Epoch[13] Time cost=0.382
2019-08-01 18:00:11,802 [INFO]  Saved checkpoint to "model/Polity_population_imputer/model-0013.params"
2019-08-01 18:00:11,852 [INFO]  No improvement detected for 5 epochs compared to 0.1518460139632225 last error obtained: 0.673202633857727, stopping here
2019-08-01 18:00:11,853 [INFO]  
========== done (5.913225173950195 s) fit model
2019-08-01 18:00:17,260 [INFO]  
========== start: fit model
2019-08-01 18:00:17,261 [WARNING]  Already bound, ignoring bind()
2019-08-01 18:00:17,419 [INFO]  Epoch[0] Batch [0-25]	Speed: 2670.85 samples/sec	cross-entropy=7.855320	Polity_territory-accuracy=0.000000
2019-08-01 18:00:17,569 [INFO]  Epoch[0] Train-cross-entropy=11.427628
2019-08-01 18:00:17,570 [INFO]  Epoch[0] Train-Polity_territory-accuracy=0.000000
2019-08-01 18:00:17,570 [INFO]  Epoch[0] Time cost=0.308
2019-08-01 18:00:17,573 [INFO]  Saved checkpoint to "model/Polity_territory_imputer/model-0000.params"
2019-08-01 18:00:17,611 [INFO]  Epoch[0] Validation-cross-entropy=1.297588
2019-08-01 18:00:17,612 [INFO]  Epoch[0] Validation-Polity_territory-accuracy=0.000000
2019-08-01 18:00:17,772 [INFO]  Epoch[1] Batch [0-25]	Speed: 2606.59 samples/sec	cross-entropy=2.277568	Polity_territory-accuracy=0.000000
2019-08-01 18:00:17,920 [INFO]  Epoch[1] Train-cross-entropy=1.164304
2019-08-01 18:00:17,921 [INFO]  Epoch[1] Train-Polity_territory-accuracy=0.000000
2019-08-01 18:00:17,922 [INFO]  Epoch[1] Time cost=0.309
2019-08-01 18:00:17,925 [INFO]  Saved checkpoint to "model/Polity_territory_imputer/model-0001.params"
2019-08-01 18:00:17,964 [INFO]  Epoch[1] Validation-cross-entropy=0.541203
2019-08-01 18:00:17,965 [INFO]  Epoch[1] Validation-Polity_territory-accuracy=0.000000
2019-08-01 18:00:18,130 [INFO]  Epoch[2] Batch [0-25]	Speed: 2542.51 samples/sec	cross-entropy=0.736160	Polity_territory-accuracy=0.000000
2019-08-01 18:00:18,248 [INFO]  
========== done (0.9875104427337646 s) fit model
2019-08-01 18:03:29,572 [INFO]  
========== start: fit model
2019-08-01 18:03:29,572 [INFO]  
========== start: fit model
2019-08-01 18:03:29,572 [WARNING]  Already bound, ignoring bind()
2019-08-01 18:03:29,572 [WARNING]  Already bound, ignoring bind()
2019-08-01 18:03:29,730 [INFO]  Epoch[0] Batch [0-25]	Speed: 2681.18 samples/sec	cross-entropy=7.952922	Polity_territory-accuracy=0.000000
2019-08-01 18:03:29,730 [INFO]  Epoch[0] Batch [0-25]	Speed: 2681.18 samples/sec	cross-entropy=7.952922	Polity_territory-accuracy=0.000000
2019-08-01 18:03:29,876 [INFO]  Epoch[0] Train-cross-entropy=12.048719
2019-08-01 18:03:29,876 [INFO]  Epoch[0] Train-cross-entropy=12.048719
2019-08-01 18:03:29,876 [INFO]  Epoch[0] Train-Polity_territory-accuracy=0.000000
2019-08-01 18:03:29,876 [INFO]  Epoch[0] Train-Polity_territory-accuracy=0.000000
2019-08-01 18:03:29,877 [INFO]  Epoch[0] Time cost=0.303
2019-08-01 18:03:29,877 [INFO]  Epoch[0] Time cost=0.303
2019-08-01 18:03:29,880 [INFO]  Saved checkpoint to "model/Polity_territory_imputer/model-0000.params"
2019-08-01 18:03:29,880 [INFO]  Saved checkpoint to "model/Polity_territory_imputer/model-0000.params"
2019-08-01 18:03:29,917 [INFO]  Epoch[0] Validation-cross-entropy=0.978130
2019-08-01 18:03:29,917 [INFO]  Epoch[0] Validation-cross-entropy=0.978130
2019-08-01 18:03:29,917 [INFO]  Epoch[0] Validation-Polity_territory-accuracy=0.000000
2019-08-01 18:03:29,917 [INFO]  Epoch[0] Validation-Polity_territory-accuracy=0.000000
2019-08-01 18:03:30,073 [INFO]  Epoch[1] Batch [0-25]	Speed: 2679.59 samples/sec	cross-entropy=1.940855	Polity_territory-accuracy=0.000000
2019-08-01 18:03:30,073 [INFO]  Epoch[1] Batch [0-25]	Speed: 2679.59 samples/sec	cross-entropy=1.940855	Polity_territory-accuracy=0.000000
2019-08-01 18:03:30,221 [INFO]  Epoch[1] Train-cross-entropy=0.958603
2019-08-01 18:03:30,221 [INFO]  Epoch[1] Train-cross-entropy=0.958603
2019-08-01 18:03:30,221 [INFO]  Epoch[1] Train-Polity_territory-accuracy=0.000000
2019-08-01 18:03:30,221 [INFO]  Epoch[1] Train-Polity_territory-accuracy=0.000000
2019-08-01 18:03:30,222 [INFO]  Epoch[1] Time cost=0.304
2019-08-01 18:03:30,222 [INFO]  Epoch[1] Time cost=0.304
2019-08-01 18:03:30,225 [INFO]  Saved checkpoint to "model/Polity_territory_imputer/model-0001.params"
2019-08-01 18:03:30,225 [INFO]  Saved checkpoint to "model/Polity_territory_imputer/model-0001.params"
2019-08-01 18:03:30,260 [INFO]  Epoch[1] Validation-cross-entropy=0.772367
2019-08-01 18:03:30,260 [INFO]  Epoch[1] Validation-cross-entropy=0.772367
2019-08-01 18:03:30,261 [INFO]  Epoch[1] Validation-Polity_territory-accuracy=0.000000
2019-08-01 18:03:30,261 [INFO]  Epoch[1] Validation-Polity_territory-accuracy=0.000000
2019-08-01 18:03:30,429 [INFO]  Epoch[2] Batch [0-25]	Speed: 2505.74 samples/sec	cross-entropy=0.908191	Polity_territory-accuracy=0.000000
2019-08-01 18:03:30,429 [INFO]  Epoch[2] Batch [0-25]	Speed: 2505.74 samples/sec	cross-entropy=0.908191	Polity_territory-accuracy=0.000000
2019-08-01 18:03:30,573 [INFO]  Epoch[2] Train-cross-entropy=0.599564
2019-08-01 18:03:30,573 [INFO]  Epoch[2] Train-cross-entropy=0.599564
2019-08-01 18:03:30,574 [INFO]  Epoch[2] Train-Polity_territory-accuracy=0.000000
2019-08-01 18:03:30,574 [INFO]  Epoch[2] Train-Polity_territory-accuracy=0.000000
2019-08-01 18:03:30,574 [INFO]  Epoch[2] Time cost=0.312
2019-08-01 18:03:30,574 [INFO]  Epoch[2] Time cost=0.312
2019-08-01 18:03:30,577 [INFO]  Saved checkpoint to "model/Polity_territory_imputer/model-0002.params"
2019-08-01 18:03:30,577 [INFO]  Saved checkpoint to "model/Polity_territory_imputer/model-0002.params"
2019-08-01 18:03:30,613 [INFO]  Epoch[2] Validation-cross-entropy=0.357505
2019-08-01 18:03:30,613 [INFO]  Epoch[2] Validation-cross-entropy=0.357505
2019-08-01 18:03:30,614 [INFO]  Epoch[2] Validation-Polity_territory-accuracy=0.000000
2019-08-01 18:03:30,614 [INFO]  Epoch[2] Validation-Polity_territory-accuracy=0.000000
2019-08-01 18:03:30,771 [INFO]  Epoch[3] Batch [0-25]	Speed: 2676.08 samples/sec	cross-entropy=0.581007	Polity_territory-accuracy=0.000000
2019-08-01 18:03:30,771 [INFO]  Epoch[3] Batch [0-25]	Speed: 2676.08 samples/sec	cross-entropy=0.581007	Polity_territory-accuracy=0.000000
2019-08-01 18:03:30,913 [INFO]  Epoch[3] Train-cross-entropy=0.313690
2019-08-01 18:03:30,913 [INFO]  Epoch[3] Train-cross-entropy=0.313690
2019-08-01 18:03:30,913 [INFO]  Epoch[3] Train-Polity_territory-accuracy=0.000000
2019-08-01 18:03:30,913 [INFO]  Epoch[3] Train-Polity_territory-accuracy=0.000000
2019-08-01 18:03:30,914 [INFO]  Epoch[3] Time cost=0.299
2019-08-01 18:03:30,914 [INFO]  Epoch[3] Time cost=0.299
2019-08-01 18:03:30,918 [INFO]  Saved checkpoint to "model/Polity_territory_imputer/model-0003.params"
2019-08-01 18:03:30,918 [INFO]  Saved checkpoint to "model/Polity_territory_imputer/model-0003.params"
2019-08-01 18:03:30,954 [INFO]  Epoch[3] Validation-cross-entropy=0.437572
2019-08-01 18:03:30,954 [INFO]  Epoch[3] Validation-cross-entropy=0.437572
2019-08-01 18:03:30,955 [INFO]  Epoch[3] Validation-Polity_territory-accuracy=0.000000
2019-08-01 18:03:30,955 [INFO]  Epoch[3] Validation-Polity_territory-accuracy=0.000000
2019-08-01 18:03:31,113 [INFO]  Epoch[4] Batch [0-25]	Speed: 2647.08 samples/sec	cross-entropy=0.370565	Polity_territory-accuracy=0.000000
2019-08-01 18:03:31,113 [INFO]  Epoch[4] Batch [0-25]	Speed: 2647.08 samples/sec	cross-entropy=0.370565	Polity_territory-accuracy=0.000000
2019-08-01 18:03:31,254 [INFO]  Epoch[4] Train-cross-entropy=0.138615
2019-08-01 18:03:31,254 [INFO]  Epoch[4] Train-cross-entropy=0.138615
2019-08-01 18:03:31,257 [INFO]  Epoch[4] Train-Polity_territory-accuracy=0.000000
2019-08-01 18:03:31,257 [INFO]  Epoch[4] Train-Polity_territory-accuracy=0.000000
2019-08-01 18:03:31,258 [INFO]  Epoch[4] Time cost=0.303
2019-08-01 18:03:31,258 [INFO]  Epoch[4] Time cost=0.303
2019-08-01 18:03:31,261 [INFO]  Saved checkpoint to "model/Polity_territory_imputer/model-0004.params"
2019-08-01 18:03:31,261 [INFO]  Saved checkpoint to "model/Polity_territory_imputer/model-0004.params"
2019-08-01 18:03:31,299 [INFO]  Epoch[4] Validation-cross-entropy=0.192105
2019-08-01 18:03:31,299 [INFO]  Epoch[4] Validation-cross-entropy=0.192105
2019-08-01 18:03:31,300 [INFO]  Epoch[4] Validation-Polity_territory-accuracy=0.000000
2019-08-01 18:03:31,300 [INFO]  Epoch[4] Validation-Polity_territory-accuracy=0.000000
2019-08-01 18:03:31,461 [INFO]  Epoch[5] Batch [0-25]	Speed: 2580.95 samples/sec	cross-entropy=0.220507	Polity_territory-accuracy=0.000000
2019-08-01 18:03:31,461 [INFO]  Epoch[5] Batch [0-25]	Speed: 2580.95 samples/sec	cross-entropy=0.220507	Polity_territory-accuracy=0.000000
2019-08-01 18:03:31,618 [INFO]  Epoch[5] Train-cross-entropy=0.121359
2019-08-01 18:03:31,618 [INFO]  Epoch[5] Train-cross-entropy=0.121359
2019-08-01 18:03:31,619 [INFO]  Epoch[5] Train-Polity_territory-accuracy=0.000000
2019-08-01 18:03:31,619 [INFO]  Epoch[5] Train-Polity_territory-accuracy=0.000000
2019-08-01 18:03:31,620 [INFO]  Epoch[5] Time cost=0.319
2019-08-01 18:03:31,620 [INFO]  Epoch[5] Time cost=0.319
2019-08-01 18:03:31,623 [INFO]  Saved checkpoint to "model/Polity_territory_imputer/model-0005.params"
2019-08-01 18:03:31,623 [INFO]  Saved checkpoint to "model/Polity_territory_imputer/model-0005.params"
2019-08-01 18:03:31,664 [INFO]  Epoch[5] Validation-cross-entropy=0.188288
2019-08-01 18:03:31,664 [INFO]  Epoch[5] Validation-cross-entropy=0.188288
2019-08-01 18:03:31,665 [INFO]  Epoch[5] Validation-Polity_territory-accuracy=0.000000
2019-08-01 18:03:31,665 [INFO]  Epoch[5] Validation-Polity_territory-accuracy=0.000000
2019-08-01 18:03:31,848 [INFO]  Epoch[6] Batch [0-25]	Speed: 2276.99 samples/sec	cross-entropy=0.210799	Polity_territory-accuracy=0.000000
2019-08-01 18:03:31,848 [INFO]  Epoch[6] Batch [0-25]	Speed: 2276.99 samples/sec	cross-entropy=0.210799	Polity_territory-accuracy=0.000000
2019-08-01 18:03:32,016 [INFO]  Epoch[6] Train-cross-entropy=0.125170
2019-08-01 18:03:32,016 [INFO]  Epoch[6] Train-cross-entropy=0.125170
2019-08-01 18:03:32,017 [INFO]  Epoch[6] Train-Polity_territory-accuracy=0.000000
2019-08-01 18:03:32,017 [INFO]  Epoch[6] Train-Polity_territory-accuracy=0.000000
2019-08-01 18:03:32,017 [INFO]  Epoch[6] Time cost=0.352
2019-08-01 18:03:32,017 [INFO]  Epoch[6] Time cost=0.352
2019-08-01 18:03:32,020 [INFO]  Saved checkpoint to "model/Polity_territory_imputer/model-0006.params"
2019-08-01 18:03:32,020 [INFO]  Saved checkpoint to "model/Polity_territory_imputer/model-0006.params"
2019-08-01 18:03:32,056 [INFO]  Epoch[6] Validation-cross-entropy=0.127814
2019-08-01 18:03:32,056 [INFO]  Epoch[6] Validation-cross-entropy=0.127814
2019-08-01 18:03:32,056 [INFO]  Epoch[6] Validation-Polity_territory-accuracy=0.000000
2019-08-01 18:03:32,056 [INFO]  Epoch[6] Validation-Polity_territory-accuracy=0.000000
2019-08-01 18:03:32,211 [INFO]  Epoch[7] Batch [0-25]	Speed: 2700.97 samples/sec	cross-entropy=0.188467	Polity_territory-accuracy=0.000000
2019-08-01 18:03:32,211 [INFO]  Epoch[7] Batch [0-25]	Speed: 2700.97 samples/sec	cross-entropy=0.188467	Polity_territory-accuracy=0.000000
2019-08-01 18:03:32,356 [INFO]  Epoch[7] Train-cross-entropy=0.125945
2019-08-01 18:03:32,356 [INFO]  Epoch[7] Train-cross-entropy=0.125945
2019-08-01 18:03:32,356 [INFO]  Epoch[7] Train-Polity_territory-accuracy=0.000000
2019-08-01 18:03:32,356 [INFO]  Epoch[7] Train-Polity_territory-accuracy=0.000000
2019-08-01 18:03:32,357 [INFO]  Epoch[7] Time cost=0.300
2019-08-01 18:03:32,357 [INFO]  Epoch[7] Time cost=0.300
2019-08-01 18:03:32,360 [INFO]  Saved checkpoint to "model/Polity_territory_imputer/model-0007.params"
2019-08-01 18:03:32,360 [INFO]  Saved checkpoint to "model/Polity_territory_imputer/model-0007.params"
2019-08-01 18:03:32,396 [INFO]  Epoch[7] Validation-cross-entropy=0.108159
2019-08-01 18:03:32,396 [INFO]  Epoch[7] Validation-cross-entropy=0.108159
2019-08-01 18:03:32,396 [INFO]  Epoch[7] Validation-Polity_territory-accuracy=0.000000
2019-08-01 18:03:32,396 [INFO]  Epoch[7] Validation-Polity_territory-accuracy=0.000000
2019-08-01 18:03:32,563 [INFO]  Epoch[8] Batch [0-25]	Speed: 2503.11 samples/sec	cross-entropy=0.141110	Polity_territory-accuracy=0.000000
2019-08-01 18:03:32,563 [INFO]  Epoch[8] Batch [0-25]	Speed: 2503.11 samples/sec	cross-entropy=0.141110	Polity_territory-accuracy=0.000000
2019-08-01 18:03:32,717 [INFO]  Epoch[8] Train-cross-entropy=0.123347
2019-08-01 18:03:32,717 [INFO]  Epoch[8] Train-cross-entropy=0.123347
2019-08-01 18:03:32,717 [INFO]  Epoch[8] Train-Polity_territory-accuracy=0.000000
2019-08-01 18:03:32,717 [INFO]  Epoch[8] Train-Polity_territory-accuracy=0.000000
2019-08-01 18:03:32,718 [INFO]  Epoch[8] Time cost=0.321
2019-08-01 18:03:32,718 [INFO]  Epoch[8] Time cost=0.321
2019-08-01 18:03:32,721 [INFO]  Saved checkpoint to "model/Polity_territory_imputer/model-0008.params"
2019-08-01 18:03:32,721 [INFO]  Saved checkpoint to "model/Polity_territory_imputer/model-0008.params"
2019-08-01 18:03:32,757 [INFO]  Epoch[8] Validation-cross-entropy=0.105889
2019-08-01 18:03:32,757 [INFO]  Epoch[8] Validation-cross-entropy=0.105889
2019-08-01 18:03:32,758 [INFO]  Epoch[8] Validation-Polity_territory-accuracy=0.000000
2019-08-01 18:03:32,758 [INFO]  Epoch[8] Validation-Polity_territory-accuracy=0.000000
2019-08-01 18:03:32,923 [INFO]  Epoch[9] Batch [0-25]	Speed: 2521.02 samples/sec	cross-entropy=0.130787	Polity_territory-accuracy=0.000000
2019-08-01 18:03:32,923 [INFO]  Epoch[9] Batch [0-25]	Speed: 2521.02 samples/sec	cross-entropy=0.130787	Polity_territory-accuracy=0.000000
2019-08-01 18:03:33,089 [INFO]  Epoch[9] Train-cross-entropy=0.108083
2019-08-01 18:03:33,089 [INFO]  Epoch[9] Train-cross-entropy=0.108083
2019-08-01 18:03:33,090 [INFO]  Epoch[9] Train-Polity_territory-accuracy=0.000000
2019-08-01 18:03:33,090 [INFO]  Epoch[9] Train-Polity_territory-accuracy=0.000000
2019-08-01 18:03:33,091 [INFO]  Epoch[9] Time cost=0.332
2019-08-01 18:03:33,091 [INFO]  Epoch[9] Time cost=0.332
2019-08-01 18:03:33,094 [INFO]  Saved checkpoint to "model/Polity_territory_imputer/model-0009.params"
2019-08-01 18:03:33,094 [INFO]  Saved checkpoint to "model/Polity_territory_imputer/model-0009.params"
2019-08-01 18:03:33,130 [INFO]  Epoch[9] Validation-cross-entropy=0.075674
2019-08-01 18:03:33,130 [INFO]  Epoch[9] Validation-cross-entropy=0.075674
2019-08-01 18:03:33,131 [INFO]  Epoch[9] Validation-Polity_territory-accuracy=0.000000
2019-08-01 18:03:33,131 [INFO]  Epoch[9] Validation-Polity_territory-accuracy=0.000000
2019-08-01 18:03:33,317 [INFO]  Epoch[10] Batch [0-25]	Speed: 2227.59 samples/sec	cross-entropy=0.100629	Polity_territory-accuracy=0.000000
2019-08-01 18:03:33,317 [INFO]  Epoch[10] Batch [0-25]	Speed: 2227.59 samples/sec	cross-entropy=0.100629	Polity_territory-accuracy=0.000000
2019-08-01 18:03:33,469 [INFO]  Epoch[10] Train-cross-entropy=0.077516
2019-08-01 18:03:33,469 [INFO]  Epoch[10] Train-cross-entropy=0.077516
2019-08-01 18:03:33,470 [INFO]  Epoch[10] Train-Polity_territory-accuracy=0.000000
2019-08-01 18:03:33,470 [INFO]  Epoch[10] Train-Polity_territory-accuracy=0.000000
2019-08-01 18:03:33,470 [INFO]  Epoch[10] Time cost=0.339
2019-08-01 18:03:33,470 [INFO]  Epoch[10] Time cost=0.339
2019-08-01 18:03:33,473 [INFO]  Saved checkpoint to "model/Polity_territory_imputer/model-0010.params"
2019-08-01 18:03:33,473 [INFO]  Saved checkpoint to "model/Polity_territory_imputer/model-0010.params"
2019-08-01 18:03:33,515 [INFO]  Epoch[10] Validation-cross-entropy=0.056940
2019-08-01 18:03:33,515 [INFO]  Epoch[10] Validation-cross-entropy=0.056940
2019-08-01 18:03:33,516 [INFO]  Epoch[10] Validation-Polity_territory-accuracy=0.000000
2019-08-01 18:03:33,516 [INFO]  Epoch[10] Validation-Polity_territory-accuracy=0.000000
2019-08-01 18:03:33,700 [INFO]  Epoch[11] Batch [0-25]	Speed: 2244.91 samples/sec	cross-entropy=0.064067	Polity_territory-accuracy=0.000000
2019-08-01 18:03:33,700 [INFO]  Epoch[11] Batch [0-25]	Speed: 2244.91 samples/sec	cross-entropy=0.064067	Polity_territory-accuracy=0.000000
2019-08-01 18:03:33,856 [INFO]  Epoch[11] Train-cross-entropy=0.046808
2019-08-01 18:03:33,856 [INFO]  Epoch[11] Train-cross-entropy=0.046808
2019-08-01 18:03:33,857 [INFO]  Epoch[11] Train-Polity_territory-accuracy=0.000000
2019-08-01 18:03:33,857 [INFO]  Epoch[11] Train-Polity_territory-accuracy=0.000000
2019-08-01 18:03:33,857 [INFO]  Epoch[11] Time cost=0.341
2019-08-01 18:03:33,857 [INFO]  Epoch[11] Time cost=0.341
2019-08-01 18:03:33,860 [INFO]  Saved checkpoint to "model/Polity_territory_imputer/model-0011.params"
2019-08-01 18:03:33,860 [INFO]  Saved checkpoint to "model/Polity_territory_imputer/model-0011.params"
2019-08-01 18:03:33,896 [INFO]  Epoch[11] Validation-cross-entropy=0.059236
2019-08-01 18:03:33,896 [INFO]  Epoch[11] Validation-cross-entropy=0.059236
2019-08-01 18:03:33,897 [INFO]  Epoch[11] Validation-Polity_territory-accuracy=0.000000
2019-08-01 18:03:33,897 [INFO]  Epoch[11] Validation-Polity_territory-accuracy=0.000000
2019-08-01 18:03:34,064 [INFO]  Epoch[12] Batch [0-25]	Speed: 2499.10 samples/sec	cross-entropy=0.049274	Polity_territory-accuracy=0.000000
2019-08-01 18:03:34,064 [INFO]  Epoch[12] Batch [0-25]	Speed: 2499.10 samples/sec	cross-entropy=0.049274	Polity_territory-accuracy=0.000000
2019-08-01 18:03:34,218 [INFO]  Epoch[12] Train-cross-entropy=0.041965
2019-08-01 18:03:34,218 [INFO]  Epoch[12] Train-cross-entropy=0.041965
2019-08-01 18:03:34,219 [INFO]  Epoch[12] Train-Polity_territory-accuracy=0.000000
2019-08-01 18:03:34,219 [INFO]  Epoch[12] Train-Polity_territory-accuracy=0.000000
2019-08-01 18:03:34,219 [INFO]  Epoch[12] Time cost=0.322
2019-08-01 18:03:34,219 [INFO]  Epoch[12] Time cost=0.322
2019-08-01 18:03:34,223 [INFO]  Saved checkpoint to "model/Polity_territory_imputer/model-0012.params"
2019-08-01 18:03:34,223 [INFO]  Saved checkpoint to "model/Polity_territory_imputer/model-0012.params"
2019-08-01 18:03:34,258 [INFO]  Epoch[12] Validation-cross-entropy=0.068895
2019-08-01 18:03:34,258 [INFO]  Epoch[12] Validation-cross-entropy=0.068895
2019-08-01 18:03:34,259 [INFO]  Epoch[12] Validation-Polity_territory-accuracy=0.000000
2019-08-01 18:03:34,259 [INFO]  Epoch[12] Validation-Polity_territory-accuracy=0.000000
2019-08-01 18:03:34,414 [INFO]  Epoch[13] Batch [0-25]	Speed: 2704.22 samples/sec	cross-entropy=0.048173	Polity_territory-accuracy=0.000000
2019-08-01 18:03:34,414 [INFO]  Epoch[13] Batch [0-25]	Speed: 2704.22 samples/sec	cross-entropy=0.048173	Polity_territory-accuracy=0.000000
2019-08-01 18:03:34,555 [INFO]  Epoch[13] Train-cross-entropy=0.049884
2019-08-01 18:03:34,555 [INFO]  Epoch[13] Train-cross-entropy=0.049884
2019-08-01 18:03:34,556 [INFO]  Epoch[13] Train-Polity_territory-accuracy=0.000000
2019-08-01 18:03:34,556 [INFO]  Epoch[13] Train-Polity_territory-accuracy=0.000000
2019-08-01 18:03:34,556 [INFO]  Epoch[13] Time cost=0.296
2019-08-01 18:03:34,556 [INFO]  Epoch[13] Time cost=0.296
2019-08-01 18:03:34,559 [INFO]  Saved checkpoint to "model/Polity_territory_imputer/model-0013.params"
2019-08-01 18:03:34,559 [INFO]  Saved checkpoint to "model/Polity_territory_imputer/model-0013.params"
2019-08-01 18:03:34,594 [INFO]  Epoch[13] Validation-cross-entropy=0.099807
2019-08-01 18:03:34,594 [INFO]  Epoch[13] Validation-cross-entropy=0.099807
2019-08-01 18:03:34,595 [INFO]  Epoch[13] Validation-Polity_territory-accuracy=0.000000
2019-08-01 18:03:34,595 [INFO]  Epoch[13] Validation-Polity_territory-accuracy=0.000000
2019-08-01 18:03:34,754 [INFO]  Epoch[14] Batch [0-25]	Speed: 2647.35 samples/sec	cross-entropy=0.054544	Polity_territory-accuracy=0.000000
2019-08-01 18:03:34,754 [INFO]  Epoch[14] Batch [0-25]	Speed: 2647.35 samples/sec	cross-entropy=0.054544	Polity_territory-accuracy=0.000000
2019-08-01 18:03:34,896 [INFO]  Epoch[14] Train-cross-entropy=0.075819
2019-08-01 18:03:34,896 [INFO]  Epoch[14] Train-cross-entropy=0.075819
2019-08-01 18:03:34,896 [INFO]  Epoch[14] Train-Polity_territory-accuracy=0.000000
2019-08-01 18:03:34,896 [INFO]  Epoch[14] Train-Polity_territory-accuracy=0.000000
2019-08-01 18:03:34,897 [INFO]  Epoch[14] Time cost=0.301
2019-08-01 18:03:34,897 [INFO]  Epoch[14] Time cost=0.301
2019-08-01 18:03:34,900 [INFO]  Saved checkpoint to "model/Polity_territory_imputer/model-0014.params"
2019-08-01 18:03:34,900 [INFO]  Saved checkpoint to "model/Polity_territory_imputer/model-0014.params"
2019-08-01 18:03:34,943 [INFO]  Epoch[14] Validation-cross-entropy=0.152033
2019-08-01 18:03:34,943 [INFO]  Epoch[14] Validation-cross-entropy=0.152033
2019-08-01 18:03:34,943 [INFO]  Epoch[14] Validation-Polity_territory-accuracy=0.000000
2019-08-01 18:03:34,943 [INFO]  Epoch[14] Validation-Polity_territory-accuracy=0.000000
2019-08-01 18:03:35,110 [INFO]  Epoch[15] Batch [0-25]	Speed: 2528.04 samples/sec	cross-entropy=0.083605	Polity_territory-accuracy=0.000000
2019-08-01 18:03:35,110 [INFO]  Epoch[15] Batch [0-25]	Speed: 2528.04 samples/sec	cross-entropy=0.083605	Polity_territory-accuracy=0.000000
2019-08-01 18:03:35,258 [INFO]  Epoch[15] Train-cross-entropy=0.109070
2019-08-01 18:03:35,258 [INFO]  Epoch[15] Train-cross-entropy=0.109070
2019-08-01 18:03:35,259 [INFO]  Epoch[15] Train-Polity_territory-accuracy=0.000000
2019-08-01 18:03:35,259 [INFO]  Epoch[15] Train-Polity_territory-accuracy=0.000000
2019-08-01 18:03:35,259 [INFO]  Epoch[15] Time cost=0.315
2019-08-01 18:03:35,259 [INFO]  Epoch[15] Time cost=0.315
2019-08-01 18:03:35,262 [INFO]  Saved checkpoint to "model/Polity_territory_imputer/model-0015.params"
2019-08-01 18:03:35,262 [INFO]  Saved checkpoint to "model/Polity_territory_imputer/model-0015.params"
2019-08-01 18:03:35,304 [INFO]  No improvement detected for 5 epochs compared to 0.05693950162579616 last error obtained: 0.30820249517758685, stopping here
2019-08-01 18:03:35,304 [INFO]  No improvement detected for 5 epochs compared to 0.05693950162579616 last error obtained: 0.30820249517758685, stopping here
2019-08-01 18:03:35,305 [INFO]  
========== done (5.733659505844116 s) fit model
2019-08-01 18:03:35,305 [INFO]  
========== done (5.733659505844116 s) fit model
2019-08-01 18:03:40,370 [INFO]  
========== start: fit model
2019-08-01 18:03:40,370 [INFO]  
========== start: fit model
2019-08-01 18:03:40,370 [WARNING]  Already bound, ignoring bind()
2019-08-01 18:03:40,370 [WARNING]  Already bound, ignoring bind()
2019-08-01 18:03:40,508 [INFO]  Epoch[0] Batch [0-22]	Speed: 2710.96 samples/sec	cross-entropy=8.354118	Population_of_the_largest_settlement-accuracy=0.000000
2019-08-01 18:03:40,508 [INFO]  Epoch[0] Batch [0-22]	Speed: 2710.96 samples/sec	cross-entropy=8.354118	Population_of_the_largest_settlement-accuracy=0.000000
2019-08-01 18:03:40,632 [INFO]  Epoch[0] Train-cross-entropy=3.626746
2019-08-01 18:03:40,632 [INFO]  Epoch[0] Train-cross-entropy=3.626746
2019-08-01 18:03:40,633 [INFO]  Epoch[0] Train-Population_of_the_largest_settlement-accuracy=0.000000
2019-08-01 18:03:40,633 [INFO]  Epoch[0] Train-Population_of_the_largest_settlement-accuracy=0.000000
2019-08-01 18:03:40,633 [INFO]  Epoch[0] Time cost=0.261
2019-08-01 18:03:40,633 [INFO]  Epoch[0] Time cost=0.261
2019-08-01 18:03:40,636 [INFO]  Saved checkpoint to "model/Population_of_the_largest_settlement_imputer/model-0000.params"
2019-08-01 18:03:40,636 [INFO]  Saved checkpoint to "model/Population_of_the_largest_settlement_imputer/model-0000.params"
2019-08-01 18:03:40,669 [INFO]  Epoch[0] Validation-cross-entropy=2.068967
2019-08-01 18:03:40,669 [INFO]  Epoch[0] Validation-cross-entropy=2.068967
2019-08-01 18:03:40,670 [INFO]  Epoch[0] Validation-Population_of_the_largest_settlement-accuracy=0.000000
2019-08-01 18:03:40,670 [INFO]  Epoch[0] Validation-Population_of_the_largest_settlement-accuracy=0.000000
2019-08-01 18:03:40,831 [INFO]  Epoch[1] Batch [0-22]	Speed: 2303.48 samples/sec	cross-entropy=0.917836	Population_of_the_largest_settlement-accuracy=0.000000
2019-08-01 18:03:40,831 [INFO]  Epoch[1] Batch [0-22]	Speed: 2303.48 samples/sec	cross-entropy=0.917836	Population_of_the_largest_settlement-accuracy=0.000000
2019-08-01 18:03:40,957 [INFO]  Epoch[1] Train-cross-entropy=1.306103
2019-08-01 18:03:40,957 [INFO]  Epoch[1] Train-cross-entropy=1.306103
2019-08-01 18:03:40,958 [INFO]  Epoch[1] Train-Population_of_the_largest_settlement-accuracy=0.000000
2019-08-01 18:03:40,958 [INFO]  Epoch[1] Train-Population_of_the_largest_settlement-accuracy=0.000000
2019-08-01 18:03:40,958 [INFO]  Epoch[1] Time cost=0.287
2019-08-01 18:03:40,958 [INFO]  Epoch[1] Time cost=0.287
2019-08-01 18:03:40,961 [INFO]  Saved checkpoint to "model/Population_of_the_largest_settlement_imputer/model-0001.params"
2019-08-01 18:03:40,961 [INFO]  Saved checkpoint to "model/Population_of_the_largest_settlement_imputer/model-0001.params"
2019-08-01 18:03:40,992 [INFO]  Epoch[1] Validation-cross-entropy=0.819456
2019-08-01 18:03:40,992 [INFO]  Epoch[1] Validation-cross-entropy=0.819456
2019-08-01 18:03:40,993 [INFO]  Epoch[1] Validation-Population_of_the_largest_settlement-accuracy=0.000000
2019-08-01 18:03:40,993 [INFO]  Epoch[1] Validation-Population_of_the_largest_settlement-accuracy=0.000000
2019-08-01 18:03:41,140 [INFO]  Epoch[2] Batch [0-22]	Speed: 2529.56 samples/sec	cross-entropy=0.818979	Population_of_the_largest_settlement-accuracy=0.000000
2019-08-01 18:03:41,140 [INFO]  Epoch[2] Batch [0-22]	Speed: 2529.56 samples/sec	cross-entropy=0.818979	Population_of_the_largest_settlement-accuracy=0.000000
2019-08-01 18:03:41,268 [INFO]  Epoch[2] Train-cross-entropy=0.706424
2019-08-01 18:03:41,268 [INFO]  Epoch[2] Train-cross-entropy=0.706424
2019-08-01 18:03:41,269 [INFO]  Epoch[2] Train-Population_of_the_largest_settlement-accuracy=0.000000
2019-08-01 18:03:41,269 [INFO]  Epoch[2] Train-Population_of_the_largest_settlement-accuracy=0.000000
2019-08-01 18:03:41,269 [INFO]  Epoch[2] Time cost=0.275
2019-08-01 18:03:41,269 [INFO]  Epoch[2] Time cost=0.275
2019-08-01 18:03:41,272 [INFO]  Saved checkpoint to "model/Population_of_the_largest_settlement_imputer/model-0002.params"
2019-08-01 18:03:41,272 [INFO]  Saved checkpoint to "model/Population_of_the_largest_settlement_imputer/model-0002.params"
2019-08-01 18:03:41,301 [INFO]  Epoch[2] Validation-cross-entropy=0.407428
2019-08-01 18:03:41,301 [INFO]  Epoch[2] Validation-cross-entropy=0.407428
2019-08-01 18:03:41,302 [INFO]  Epoch[2] Validation-Population_of_the_largest_settlement-accuracy=0.000000
2019-08-01 18:03:41,302 [INFO]  Epoch[2] Validation-Population_of_the_largest_settlement-accuracy=0.000000
2019-08-01 18:03:41,445 [INFO]  Epoch[3] Batch [0-22]	Speed: 2624.59 samples/sec	cross-entropy=0.388143	Population_of_the_largest_settlement-accuracy=0.000000
2019-08-01 18:03:41,445 [INFO]  Epoch[3] Batch [0-22]	Speed: 2624.59 samples/sec	cross-entropy=0.388143	Population_of_the_largest_settlement-accuracy=0.000000
2019-08-01 18:03:41,567 [INFO]  Epoch[3] Train-cross-entropy=0.573373
2019-08-01 18:03:41,567 [INFO]  Epoch[3] Train-cross-entropy=0.573373
2019-08-01 18:03:41,568 [INFO]  Epoch[3] Train-Population_of_the_largest_settlement-accuracy=0.000000
2019-08-01 18:03:41,568 [INFO]  Epoch[3] Train-Population_of_the_largest_settlement-accuracy=0.000000
2019-08-01 18:03:41,568 [INFO]  Epoch[3] Time cost=0.265
2019-08-01 18:03:41,568 [INFO]  Epoch[3] Time cost=0.265
2019-08-01 18:03:41,571 [INFO]  Saved checkpoint to "model/Population_of_the_largest_settlement_imputer/model-0003.params"
2019-08-01 18:03:41,571 [INFO]  Saved checkpoint to "model/Population_of_the_largest_settlement_imputer/model-0003.params"
2019-08-01 18:03:41,599 [INFO]  Epoch[3] Validation-cross-entropy=0.307237
2019-08-01 18:03:41,599 [INFO]  Epoch[3] Validation-cross-entropy=0.307237
2019-08-01 18:03:41,601 [INFO]  Epoch[3] Validation-Population_of_the_largest_settlement-accuracy=0.000000
2019-08-01 18:03:41,601 [INFO]  Epoch[3] Validation-Population_of_the_largest_settlement-accuracy=0.000000
2019-08-01 18:03:41,744 [INFO]  Epoch[4] Batch [0-22]	Speed: 2618.26 samples/sec	cross-entropy=0.208916	Population_of_the_largest_settlement-accuracy=0.000000
2019-08-01 18:03:41,744 [INFO]  Epoch[4] Batch [0-22]	Speed: 2618.26 samples/sec	cross-entropy=0.208916	Population_of_the_largest_settlement-accuracy=0.000000
2019-08-01 18:03:41,888 [INFO]  Epoch[4] Train-cross-entropy=0.372584
2019-08-01 18:03:41,888 [INFO]  Epoch[4] Train-cross-entropy=0.372584
2019-08-01 18:03:41,888 [INFO]  Epoch[4] Train-Population_of_the_largest_settlement-accuracy=0.000000
2019-08-01 18:03:41,888 [INFO]  Epoch[4] Train-Population_of_the_largest_settlement-accuracy=0.000000
2019-08-01 18:03:41,889 [INFO]  Epoch[4] Time cost=0.287
2019-08-01 18:03:41,889 [INFO]  Epoch[4] Time cost=0.287
2019-08-01 18:03:41,892 [INFO]  Saved checkpoint to "model/Population_of_the_largest_settlement_imputer/model-0004.params"
2019-08-01 18:03:41,892 [INFO]  Saved checkpoint to "model/Population_of_the_largest_settlement_imputer/model-0004.params"
2019-08-01 18:03:41,921 [INFO]  Epoch[4] Validation-cross-entropy=0.209477
2019-08-01 18:03:41,921 [INFO]  Epoch[4] Validation-cross-entropy=0.209477
2019-08-01 18:03:41,922 [INFO]  Epoch[4] Validation-Population_of_the_largest_settlement-accuracy=0.000000
2019-08-01 18:03:41,922 [INFO]  Epoch[4] Validation-Population_of_the_largest_settlement-accuracy=0.000000
2019-08-01 18:03:42,063 [INFO]  Epoch[5] Batch [0-22]	Speed: 2689.27 samples/sec	cross-entropy=0.300655	Population_of_the_largest_settlement-accuracy=0.000000
2019-08-01 18:03:42,063 [INFO]  Epoch[5] Batch [0-22]	Speed: 2689.27 samples/sec	cross-entropy=0.300655	Population_of_the_largest_settlement-accuracy=0.000000
2019-08-01 18:03:42,188 [INFO]  Epoch[5] Train-cross-entropy=0.248764
2019-08-01 18:03:42,188 [INFO]  Epoch[5] Train-cross-entropy=0.248764
2019-08-01 18:03:42,189 [INFO]  Epoch[5] Train-Population_of_the_largest_settlement-accuracy=0.000000
2019-08-01 18:03:42,189 [INFO]  Epoch[5] Train-Population_of_the_largest_settlement-accuracy=0.000000
2019-08-01 18:03:42,189 [INFO]  Epoch[5] Time cost=0.266
2019-08-01 18:03:42,189 [INFO]  Epoch[5] Time cost=0.266
2019-08-01 18:03:42,192 [INFO]  Saved checkpoint to "model/Population_of_the_largest_settlement_imputer/model-0005.params"
2019-08-01 18:03:42,192 [INFO]  Saved checkpoint to "model/Population_of_the_largest_settlement_imputer/model-0005.params"
2019-08-01 18:03:42,226 [INFO]  Epoch[5] Validation-cross-entropy=0.206192
2019-08-01 18:03:42,226 [INFO]  Epoch[5] Validation-cross-entropy=0.206192
2019-08-01 18:03:42,227 [INFO]  Epoch[5] Validation-Population_of_the_largest_settlement-accuracy=0.000000
2019-08-01 18:03:42,227 [INFO]  Epoch[5] Validation-Population_of_the_largest_settlement-accuracy=0.000000
2019-08-01 18:03:42,393 [INFO]  Epoch[6] Batch [0-22]	Speed: 2228.28 samples/sec	cross-entropy=0.135650	Population_of_the_largest_settlement-accuracy=0.000000
2019-08-01 18:03:42,393 [INFO]  Epoch[6] Batch [0-22]	Speed: 2228.28 samples/sec	cross-entropy=0.135650	Population_of_the_largest_settlement-accuracy=0.000000
2019-08-01 18:03:42,514 [INFO]  Epoch[6] Train-cross-entropy=0.168596
2019-08-01 18:03:42,514 [INFO]  Epoch[6] Train-cross-entropy=0.168596
2019-08-01 18:03:42,515 [INFO]  Epoch[6] Train-Population_of_the_largest_settlement-accuracy=0.000000
2019-08-01 18:03:42,515 [INFO]  Epoch[6] Train-Population_of_the_largest_settlement-accuracy=0.000000
2019-08-01 18:03:42,516 [INFO]  Epoch[6] Time cost=0.288
2019-08-01 18:03:42,516 [INFO]  Epoch[6] Time cost=0.288
2019-08-01 18:03:42,519 [INFO]  Saved checkpoint to "model/Population_of_the_largest_settlement_imputer/model-0006.params"
2019-08-01 18:03:42,519 [INFO]  Saved checkpoint to "model/Population_of_the_largest_settlement_imputer/model-0006.params"
2019-08-01 18:03:42,547 [INFO]  Epoch[6] Validation-cross-entropy=0.203181
2019-08-01 18:03:42,547 [INFO]  Epoch[6] Validation-cross-entropy=0.203181
2019-08-01 18:03:42,549 [INFO]  Epoch[6] Validation-Population_of_the_largest_settlement-accuracy=0.000000
2019-08-01 18:03:42,549 [INFO]  Epoch[6] Validation-Population_of_the_largest_settlement-accuracy=0.000000
2019-08-01 18:03:42,692 [INFO]  Epoch[7] Batch [0-22]	Speed: 2625.33 samples/sec	cross-entropy=0.167196	Population_of_the_largest_settlement-accuracy=0.000000
2019-08-01 18:03:42,692 [INFO]  Epoch[7] Batch [0-22]	Speed: 2625.33 samples/sec	cross-entropy=0.167196	Population_of_the_largest_settlement-accuracy=0.000000
2019-08-01 18:03:42,814 [INFO]  Epoch[7] Train-cross-entropy=0.136572
2019-08-01 18:03:42,814 [INFO]  Epoch[7] Train-cross-entropy=0.136572
2019-08-01 18:03:42,815 [INFO]  Epoch[7] Train-Population_of_the_largest_settlement-accuracy=0.000000
2019-08-01 18:03:42,815 [INFO]  Epoch[7] Train-Population_of_the_largest_settlement-accuracy=0.000000
2019-08-01 18:03:42,816 [INFO]  Epoch[7] Time cost=0.266
2019-08-01 18:03:42,816 [INFO]  Epoch[7] Time cost=0.266
2019-08-01 18:03:42,819 [INFO]  Saved checkpoint to "model/Population_of_the_largest_settlement_imputer/model-0007.params"
2019-08-01 18:03:42,819 [INFO]  Saved checkpoint to "model/Population_of_the_largest_settlement_imputer/model-0007.params"
2019-08-01 18:03:42,848 [INFO]  Epoch[7] Validation-cross-entropy=0.126869
2019-08-01 18:03:42,848 [INFO]  Epoch[7] Validation-cross-entropy=0.126869
2019-08-01 18:03:42,850 [INFO]  Epoch[7] Validation-Population_of_the_largest_settlement-accuracy=0.000000
2019-08-01 18:03:42,850 [INFO]  Epoch[7] Validation-Population_of_the_largest_settlement-accuracy=0.000000
2019-08-01 18:03:43,011 [INFO]  Epoch[8] Batch [0-22]	Speed: 2321.92 samples/sec	cross-entropy=0.103139	Population_of_the_largest_settlement-accuracy=0.000000
2019-08-01 18:03:43,011 [INFO]  Epoch[8] Batch [0-22]	Speed: 2321.92 samples/sec	cross-entropy=0.103139	Population_of_the_largest_settlement-accuracy=0.000000
2019-08-01 18:03:43,147 [INFO]  Epoch[8] Train-cross-entropy=0.096799
2019-08-01 18:03:43,147 [INFO]  Epoch[8] Train-cross-entropy=0.096799
2019-08-01 18:03:43,147 [INFO]  Epoch[8] Train-Population_of_the_largest_settlement-accuracy=0.000000
2019-08-01 18:03:43,147 [INFO]  Epoch[8] Train-Population_of_the_largest_settlement-accuracy=0.000000
2019-08-01 18:03:43,148 [INFO]  Epoch[8] Time cost=0.297
2019-08-01 18:03:43,148 [INFO]  Epoch[8] Time cost=0.297
2019-08-01 18:03:43,151 [INFO]  Saved checkpoint to "model/Population_of_the_largest_settlement_imputer/model-0008.params"
2019-08-01 18:03:43,151 [INFO]  Saved checkpoint to "model/Population_of_the_largest_settlement_imputer/model-0008.params"
2019-08-01 18:03:43,180 [INFO]  Epoch[8] Validation-cross-entropy=0.114629
2019-08-01 18:03:43,180 [INFO]  Epoch[8] Validation-cross-entropy=0.114629
2019-08-01 18:03:43,182 [INFO]  Epoch[8] Validation-Population_of_the_largest_settlement-accuracy=0.000000
2019-08-01 18:03:43,182 [INFO]  Epoch[8] Validation-Population_of_the_largest_settlement-accuracy=0.000000
2019-08-01 18:03:43,323 [INFO]  Epoch[9] Batch [0-22]	Speed: 2647.43 samples/sec	cross-entropy=0.099627	Population_of_the_largest_settlement-accuracy=0.000000
2019-08-01 18:03:43,323 [INFO]  Epoch[9] Batch [0-22]	Speed: 2647.43 samples/sec	cross-entropy=0.099627	Population_of_the_largest_settlement-accuracy=0.000000
2019-08-01 18:03:43,448 [INFO]  Epoch[9] Train-cross-entropy=0.064292
2019-08-01 18:03:43,448 [INFO]  Epoch[9] Train-cross-entropy=0.064292
2019-08-01 18:03:43,448 [INFO]  Epoch[9] Train-Population_of_the_largest_settlement-accuracy=0.000000
2019-08-01 18:03:43,448 [INFO]  Epoch[9] Train-Population_of_the_largest_settlement-accuracy=0.000000
2019-08-01 18:03:43,449 [INFO]  Epoch[9] Time cost=0.266
2019-08-01 18:03:43,449 [INFO]  Epoch[9] Time cost=0.266
2019-08-01 18:03:43,452 [INFO]  Saved checkpoint to "model/Population_of_the_largest_settlement_imputer/model-0009.params"
2019-08-01 18:03:43,452 [INFO]  Saved checkpoint to "model/Population_of_the_largest_settlement_imputer/model-0009.params"
2019-08-01 18:03:43,490 [INFO]  Epoch[9] Validation-cross-entropy=0.093650
2019-08-01 18:03:43,490 [INFO]  Epoch[9] Validation-cross-entropy=0.093650
2019-08-01 18:03:43,491 [INFO]  Epoch[9] Validation-Population_of_the_largest_settlement-accuracy=0.000000
2019-08-01 18:03:43,491 [INFO]  Epoch[9] Validation-Population_of_the_largest_settlement-accuracy=0.000000
2019-08-01 18:03:43,646 [INFO]  Epoch[10] Batch [0-22]	Speed: 2414.84 samples/sec	cross-entropy=0.062519	Population_of_the_largest_settlement-accuracy=0.000000
2019-08-01 18:03:43,646 [INFO]  Epoch[10] Batch [0-22]	Speed: 2414.84 samples/sec	cross-entropy=0.062519	Population_of_the_largest_settlement-accuracy=0.000000
2019-08-01 18:03:43,794 [INFO]  Epoch[10] Train-cross-entropy=0.049019
2019-08-01 18:03:43,794 [INFO]  Epoch[10] Train-cross-entropy=0.049019
2019-08-01 18:03:43,795 [INFO]  Epoch[10] Train-Population_of_the_largest_settlement-accuracy=0.000000
2019-08-01 18:03:43,795 [INFO]  Epoch[10] Train-Population_of_the_largest_settlement-accuracy=0.000000
2019-08-01 18:03:43,795 [INFO]  Epoch[10] Time cost=0.304
2019-08-01 18:03:43,795 [INFO]  Epoch[10] Time cost=0.304
2019-08-01 18:03:43,799 [INFO]  Saved checkpoint to "model/Population_of_the_largest_settlement_imputer/model-0010.params"
2019-08-01 18:03:43,799 [INFO]  Saved checkpoint to "model/Population_of_the_largest_settlement_imputer/model-0010.params"
2019-08-01 18:03:43,836 [INFO]  Epoch[10] Validation-cross-entropy=0.091330
2019-08-01 18:03:43,836 [INFO]  Epoch[10] Validation-cross-entropy=0.091330
2019-08-01 18:03:43,837 [INFO]  Epoch[10] Validation-Population_of_the_largest_settlement-accuracy=0.000000
2019-08-01 18:03:43,837 [INFO]  Epoch[10] Validation-Population_of_the_largest_settlement-accuracy=0.000000
2019-08-01 18:03:43,979 [INFO]  Epoch[11] Batch [0-22]	Speed: 2606.76 samples/sec	cross-entropy=0.081918	Population_of_the_largest_settlement-accuracy=0.000000
2019-08-01 18:03:43,979 [INFO]  Epoch[11] Batch [0-22]	Speed: 2606.76 samples/sec	cross-entropy=0.081918	Population_of_the_largest_settlement-accuracy=0.000000
2019-08-01 18:03:44,102 [INFO]  Epoch[11] Train-cross-entropy=0.059698
2019-08-01 18:03:44,102 [INFO]  Epoch[11] Train-cross-entropy=0.059698
2019-08-01 18:03:44,103 [INFO]  Epoch[11] Train-Population_of_the_largest_settlement-accuracy=0.000000
2019-08-01 18:03:44,103 [INFO]  Epoch[11] Train-Population_of_the_largest_settlement-accuracy=0.000000
2019-08-01 18:03:44,104 [INFO]  Epoch[11] Time cost=0.266
2019-08-01 18:03:44,104 [INFO]  Epoch[11] Time cost=0.266
2019-08-01 18:03:44,107 [INFO]  Saved checkpoint to "model/Population_of_the_largest_settlement_imputer/model-0011.params"
2019-08-01 18:03:44,107 [INFO]  Saved checkpoint to "model/Population_of_the_largest_settlement_imputer/model-0011.params"
2019-08-01 18:03:44,141 [INFO]  Epoch[11] Validation-cross-entropy=0.109446
2019-08-01 18:03:44,141 [INFO]  Epoch[11] Validation-cross-entropy=0.109446
2019-08-01 18:03:44,142 [INFO]  Epoch[11] Validation-Population_of_the_largest_settlement-accuracy=0.000000
2019-08-01 18:03:44,142 [INFO]  Epoch[11] Validation-Population_of_the_largest_settlement-accuracy=0.000000
2019-08-01 18:03:44,303 [INFO]  Epoch[12] Batch [0-22]	Speed: 2304.79 samples/sec	cross-entropy=0.075331	Population_of_the_largest_settlement-accuracy=0.000000
2019-08-01 18:03:44,303 [INFO]  Epoch[12] Batch [0-22]	Speed: 2304.79 samples/sec	cross-entropy=0.075331	Population_of_the_largest_settlement-accuracy=0.000000
2019-08-01 18:03:44,425 [INFO]  Epoch[12] Train-cross-entropy=0.061742
2019-08-01 18:03:44,425 [INFO]  Epoch[12] Train-cross-entropy=0.061742
2019-08-01 18:03:44,426 [INFO]  Epoch[12] Train-Population_of_the_largest_settlement-accuracy=0.000000
2019-08-01 18:03:44,426 [INFO]  Epoch[12] Train-Population_of_the_largest_settlement-accuracy=0.000000
2019-08-01 18:03:44,427 [INFO]  Epoch[12] Time cost=0.284
2019-08-01 18:03:44,427 [INFO]  Epoch[12] Time cost=0.284
2019-08-01 18:03:44,430 [INFO]  Saved checkpoint to "model/Population_of_the_largest_settlement_imputer/model-0012.params"
2019-08-01 18:03:44,430 [INFO]  Saved checkpoint to "model/Population_of_the_largest_settlement_imputer/model-0012.params"
2019-08-01 18:03:44,464 [INFO]  Epoch[12] Validation-cross-entropy=0.097828
2019-08-01 18:03:44,464 [INFO]  Epoch[12] Validation-cross-entropy=0.097828
2019-08-01 18:03:44,464 [INFO]  Epoch[12] Validation-Population_of_the_largest_settlement-accuracy=0.000000
2019-08-01 18:03:44,464 [INFO]  Epoch[12] Validation-Population_of_the_largest_settlement-accuracy=0.000000
2019-08-01 18:03:44,603 [INFO]  Epoch[13] Batch [0-22]	Speed: 2656.75 samples/sec	cross-entropy=0.076276	Population_of_the_largest_settlement-accuracy=0.000000
2019-08-01 18:03:44,603 [INFO]  Epoch[13] Batch [0-22]	Speed: 2656.75 samples/sec	cross-entropy=0.076276	Population_of_the_largest_settlement-accuracy=0.000000
2019-08-01 18:03:44,728 [INFO]  Epoch[13] Train-cross-entropy=0.049917
2019-08-01 18:03:44,728 [INFO]  Epoch[13] Train-cross-entropy=0.049917
2019-08-01 18:03:44,729 [INFO]  Epoch[13] Train-Population_of_the_largest_settlement-accuracy=0.000000
2019-08-01 18:03:44,729 [INFO]  Epoch[13] Train-Population_of_the_largest_settlement-accuracy=0.000000
2019-08-01 18:03:44,730 [INFO]  Epoch[13] Time cost=0.265
2019-08-01 18:03:44,730 [INFO]  Epoch[13] Time cost=0.265
2019-08-01 18:03:44,733 [INFO]  Saved checkpoint to "model/Population_of_the_largest_settlement_imputer/model-0013.params"
2019-08-01 18:03:44,733 [INFO]  Saved checkpoint to "model/Population_of_the_largest_settlement_imputer/model-0013.params"
2019-08-01 18:03:44,766 [INFO]  Epoch[13] Validation-cross-entropy=0.082666
2019-08-01 18:03:44,766 [INFO]  Epoch[13] Validation-cross-entropy=0.082666
2019-08-01 18:03:44,767 [INFO]  Epoch[13] Validation-Population_of_the_largest_settlement-accuracy=0.000000
2019-08-01 18:03:44,767 [INFO]  Epoch[13] Validation-Population_of_the_largest_settlement-accuracy=0.000000
2019-08-01 18:03:44,922 [INFO]  Epoch[14] Batch [0-22]	Speed: 2396.30 samples/sec	cross-entropy=0.051795	Population_of_the_largest_settlement-accuracy=0.000000
2019-08-01 18:03:44,922 [INFO]  Epoch[14] Batch [0-22]	Speed: 2396.30 samples/sec	cross-entropy=0.051795	Population_of_the_largest_settlement-accuracy=0.000000
2019-08-01 18:03:45,040 [INFO]  Epoch[14] Train-cross-entropy=0.035603
2019-08-01 18:03:45,040 [INFO]  Epoch[14] Train-cross-entropy=0.035603
2019-08-01 18:03:45,041 [INFO]  Epoch[14] Train-Population_of_the_largest_settlement-accuracy=0.000000
2019-08-01 18:03:45,041 [INFO]  Epoch[14] Train-Population_of_the_largest_settlement-accuracy=0.000000
2019-08-01 18:03:45,041 [INFO]  Epoch[14] Time cost=0.274
2019-08-01 18:03:45,041 [INFO]  Epoch[14] Time cost=0.274
2019-08-01 18:03:45,044 [INFO]  Saved checkpoint to "model/Population_of_the_largest_settlement_imputer/model-0014.params"
2019-08-01 18:03:45,044 [INFO]  Saved checkpoint to "model/Population_of_the_largest_settlement_imputer/model-0014.params"
2019-08-01 18:03:45,072 [INFO]  Epoch[14] Validation-cross-entropy=0.088578
2019-08-01 18:03:45,072 [INFO]  Epoch[14] Validation-cross-entropy=0.088578
2019-08-01 18:03:45,073 [INFO]  Epoch[14] Validation-Population_of_the_largest_settlement-accuracy=0.000000
2019-08-01 18:03:45,073 [INFO]  Epoch[14] Validation-Population_of_the_largest_settlement-accuracy=0.000000
2019-08-01 18:03:45,219 [INFO]  Epoch[15] Batch [0-22]	Speed: 2570.42 samples/sec	cross-entropy=0.069487	Population_of_the_largest_settlement-accuracy=0.000000
2019-08-01 18:03:45,219 [INFO]  Epoch[15] Batch [0-22]	Speed: 2570.42 samples/sec	cross-entropy=0.069487	Population_of_the_largest_settlement-accuracy=0.000000
2019-08-01 18:03:45,341 [INFO]  Epoch[15] Train-cross-entropy=0.039272
2019-08-01 18:03:45,341 [INFO]  Epoch[15] Train-cross-entropy=0.039272
2019-08-01 18:03:45,342 [INFO]  Epoch[15] Train-Population_of_the_largest_settlement-accuracy=0.000000
2019-08-01 18:03:45,342 [INFO]  Epoch[15] Train-Population_of_the_largest_settlement-accuracy=0.000000
2019-08-01 18:03:45,342 [INFO]  Epoch[15] Time cost=0.269
2019-08-01 18:03:45,342 [INFO]  Epoch[15] Time cost=0.269
2019-08-01 18:03:45,345 [INFO]  Saved checkpoint to "model/Population_of_the_largest_settlement_imputer/model-0015.params"
2019-08-01 18:03:45,345 [INFO]  Saved checkpoint to "model/Population_of_the_largest_settlement_imputer/model-0015.params"
2019-08-01 18:03:45,374 [INFO]  Epoch[15] Validation-cross-entropy=0.053180
2019-08-01 18:03:45,374 [INFO]  Epoch[15] Validation-cross-entropy=0.053180
2019-08-01 18:03:45,375 [INFO]  Epoch[15] Validation-Population_of_the_largest_settlement-accuracy=0.000000
2019-08-01 18:03:45,375 [INFO]  Epoch[15] Validation-Population_of_the_largest_settlement-accuracy=0.000000
2019-08-01 18:03:45,518 [INFO]  Epoch[16] Batch [0-22]	Speed: 2626.47 samples/sec	cross-entropy=0.035459	Population_of_the_largest_settlement-accuracy=0.000000
2019-08-01 18:03:45,518 [INFO]  Epoch[16] Batch [0-22]	Speed: 2626.47 samples/sec	cross-entropy=0.035459	Population_of_the_largest_settlement-accuracy=0.000000
2019-08-01 18:03:45,657 [INFO]  Epoch[16] Train-cross-entropy=0.064567
2019-08-01 18:03:45,657 [INFO]  Epoch[16] Train-cross-entropy=0.064567
2019-08-01 18:03:45,658 [INFO]  Epoch[16] Train-Population_of_the_largest_settlement-accuracy=0.000000
2019-08-01 18:03:45,658 [INFO]  Epoch[16] Train-Population_of_the_largest_settlement-accuracy=0.000000
2019-08-01 18:03:45,658 [INFO]  Epoch[16] Time cost=0.282
2019-08-01 18:03:45,658 [INFO]  Epoch[16] Time cost=0.282
2019-08-01 18:03:45,661 [INFO]  Saved checkpoint to "model/Population_of_the_largest_settlement_imputer/model-0016.params"
2019-08-01 18:03:45,661 [INFO]  Saved checkpoint to "model/Population_of_the_largest_settlement_imputer/model-0016.params"
2019-08-01 18:03:45,697 [INFO]  Epoch[16] Validation-cross-entropy=0.096623
2019-08-01 18:03:45,697 [INFO]  Epoch[16] Validation-cross-entropy=0.096623
2019-08-01 18:03:45,698 [INFO]  Epoch[16] Validation-Population_of_the_largest_settlement-accuracy=0.000000
2019-08-01 18:03:45,698 [INFO]  Epoch[16] Validation-Population_of_the_largest_settlement-accuracy=0.000000
2019-08-01 18:03:45,835 [INFO]  Epoch[17] Batch [0-22]	Speed: 2685.81 samples/sec	cross-entropy=0.133761	Population_of_the_largest_settlement-accuracy=0.000000
2019-08-01 18:03:45,835 [INFO]  Epoch[17] Batch [0-22]	Speed: 2685.81 samples/sec	cross-entropy=0.133761	Population_of_the_largest_settlement-accuracy=0.000000
2019-08-01 18:03:45,961 [INFO]  Epoch[17] Train-cross-entropy=0.079451
2019-08-01 18:03:45,961 [INFO]  Epoch[17] Train-cross-entropy=0.079451
2019-08-01 18:03:45,962 [INFO]  Epoch[17] Train-Population_of_the_largest_settlement-accuracy=0.000000
2019-08-01 18:03:45,962 [INFO]  Epoch[17] Train-Population_of_the_largest_settlement-accuracy=0.000000
2019-08-01 18:03:45,962 [INFO]  Epoch[17] Time cost=0.264
2019-08-01 18:03:45,962 [INFO]  Epoch[17] Time cost=0.264
2019-08-01 18:03:45,966 [INFO]  Saved checkpoint to "model/Population_of_the_largest_settlement_imputer/model-0017.params"
2019-08-01 18:03:45,966 [INFO]  Saved checkpoint to "model/Population_of_the_largest_settlement_imputer/model-0017.params"
2019-08-01 18:03:45,992 [INFO]  Epoch[17] Validation-cross-entropy=0.069963
2019-08-01 18:03:45,992 [INFO]  Epoch[17] Validation-cross-entropy=0.069963
2019-08-01 18:03:45,994 [INFO]  Epoch[17] Validation-Population_of_the_largest_settlement-accuracy=0.000000
2019-08-01 18:03:45,994 [INFO]  Epoch[17] Validation-Population_of_the_largest_settlement-accuracy=0.000000
2019-08-01 18:03:46,135 [INFO]  Epoch[18] Batch [0-22]	Speed: 2661.18 samples/sec	cross-entropy=0.101383	Population_of_the_largest_settlement-accuracy=0.000000
2019-08-01 18:03:46,135 [INFO]  Epoch[18] Batch [0-22]	Speed: 2661.18 samples/sec	cross-entropy=0.101383	Population_of_the_largest_settlement-accuracy=0.000000
2019-08-01 18:03:46,259 [INFO]  Epoch[18] Train-cross-entropy=0.114233
2019-08-01 18:03:46,259 [INFO]  Epoch[18] Train-cross-entropy=0.114233
2019-08-01 18:03:46,260 [INFO]  Epoch[18] Train-Population_of_the_largest_settlement-accuracy=0.000000
2019-08-01 18:03:46,260 [INFO]  Epoch[18] Train-Population_of_the_largest_settlement-accuracy=0.000000
2019-08-01 18:03:46,260 [INFO]  Epoch[18] Time cost=0.265
2019-08-01 18:03:46,260 [INFO]  Epoch[18] Time cost=0.265
2019-08-01 18:03:46,263 [INFO]  Saved checkpoint to "model/Population_of_the_largest_settlement_imputer/model-0018.params"
2019-08-01 18:03:46,263 [INFO]  Saved checkpoint to "model/Population_of_the_largest_settlement_imputer/model-0018.params"
2019-08-01 18:03:46,291 [INFO]  Epoch[18] Validation-cross-entropy=0.138556
2019-08-01 18:03:46,291 [INFO]  Epoch[18] Validation-cross-entropy=0.138556
2019-08-01 18:03:46,292 [INFO]  Epoch[18] Validation-Population_of_the_largest_settlement-accuracy=0.000000
2019-08-01 18:03:46,292 [INFO]  Epoch[18] Validation-Population_of_the_largest_settlement-accuracy=0.000000
2019-08-01 18:03:46,433 [INFO]  Epoch[19] Batch [0-22]	Speed: 2667.80 samples/sec	cross-entropy=0.203606	Population_of_the_largest_settlement-accuracy=0.000000
2019-08-01 18:03:46,433 [INFO]  Epoch[19] Batch [0-22]	Speed: 2667.80 samples/sec	cross-entropy=0.203606	Population_of_the_largest_settlement-accuracy=0.000000
2019-08-01 18:03:46,553 [INFO]  Epoch[19] Train-cross-entropy=0.104624
2019-08-01 18:03:46,553 [INFO]  Epoch[19] Train-cross-entropy=0.104624
2019-08-01 18:03:46,554 [INFO]  Epoch[19] Train-Population_of_the_largest_settlement-accuracy=0.000000
2019-08-01 18:03:46,554 [INFO]  Epoch[19] Train-Population_of_the_largest_settlement-accuracy=0.000000
2019-08-01 18:03:46,555 [INFO]  Epoch[19] Time cost=0.262
2019-08-01 18:03:46,555 [INFO]  Epoch[19] Time cost=0.262
2019-08-01 18:03:46,558 [INFO]  Saved checkpoint to "model/Population_of_the_largest_settlement_imputer/model-0019.params"
2019-08-01 18:03:46,558 [INFO]  Saved checkpoint to "model/Population_of_the_largest_settlement_imputer/model-0019.params"
2019-08-01 18:03:46,593 [INFO]  Epoch[19] Validation-cross-entropy=0.066684
2019-08-01 18:03:46,593 [INFO]  Epoch[19] Validation-cross-entropy=0.066684
2019-08-01 18:03:46,594 [INFO]  Epoch[19] Validation-Population_of_the_largest_settlement-accuracy=0.000000
2019-08-01 18:03:46,594 [INFO]  Epoch[19] Validation-Population_of_the_largest_settlement-accuracy=0.000000
2019-08-01 18:03:46,745 [INFO]  Epoch[20] Batch [0-22]	Speed: 2466.97 samples/sec	cross-entropy=0.079673	Population_of_the_largest_settlement-accuracy=0.000000
2019-08-01 18:03:46,745 [INFO]  Epoch[20] Batch [0-22]	Speed: 2466.97 samples/sec	cross-entropy=0.079673	Population_of_the_largest_settlement-accuracy=0.000000
2019-08-01 18:03:46,870 [INFO]  Epoch[20] Train-cross-entropy=0.075898
2019-08-01 18:03:46,870 [INFO]  Epoch[20] Train-cross-entropy=0.075898
2019-08-01 18:03:46,871 [INFO]  Epoch[20] Train-Population_of_the_largest_settlement-accuracy=0.000000
2019-08-01 18:03:46,871 [INFO]  Epoch[20] Train-Population_of_the_largest_settlement-accuracy=0.000000
2019-08-01 18:03:46,871 [INFO]  Epoch[20] Time cost=0.276
2019-08-01 18:03:46,871 [INFO]  Epoch[20] Time cost=0.276
2019-08-01 18:03:46,874 [INFO]  Saved checkpoint to "model/Population_of_the_largest_settlement_imputer/model-0020.params"
2019-08-01 18:03:46,874 [INFO]  Saved checkpoint to "model/Population_of_the_largest_settlement_imputer/model-0020.params"
2019-08-01 18:03:46,903 [INFO]  No improvement detected for 5 epochs compared to 0.05317965596914291 last error obtained: 0.10414546020328999, stopping here
2019-08-01 18:03:46,903 [INFO]  No improvement detected for 5 epochs compared to 0.05317965596914291 last error obtained: 0.10414546020328999, stopping here
2019-08-01 18:03:46,904 [INFO]  
========== done (6.534115314483643 s) fit model
2019-08-01 18:03:46,904 [INFO]  
========== done (6.534115314483643 s) fit model
