2020-02-24 19:49:18,774 [INFO]  
========== start: fit model
2020-02-24 19:49:18,775 [WARNING]  Already bound, ignoring bind()
2020-02-24 19:49:18,877 [INFO]  Epoch[0] Batch [0-11]	Speed: 2391.62 samples/sec	cross-entropy=12.499963	CC_Money-accuracy=0.000000
2020-02-24 19:49:18,947 [INFO]  Epoch[0] Train-cross-entropy=9.418056
2020-02-24 19:49:18,948 [INFO]  Epoch[0] Train-CC_Money-accuracy=0.000000
2020-02-24 19:49:18,948 [INFO]  Epoch[0] Time cost=0.162
2020-02-24 19:49:18,973 [INFO]  Saved checkpoint to "model/CC_Money_imputer0/model-0000.params"
2020-02-24 19:49:18,984 [INFO]  Epoch[0] Validation-cross-entropy=5.446226
2020-02-24 19:49:18,986 [INFO]  Epoch[0] Validation-CC_Money-accuracy=0.000000
2020-02-24 19:49:19,076 [INFO]  Epoch[1] Batch [0-11]	Speed: 2221.06 samples/sec	cross-entropy=6.459280	CC_Money-accuracy=0.000000
2020-02-24 19:49:19,147 [INFO]  Epoch[1] Train-cross-entropy=4.562531
2020-02-24 19:49:19,147 [INFO]  Epoch[1] Train-CC_Money-accuracy=0.000000
2020-02-24 19:49:19,147 [INFO]  Epoch[1] Time cost=0.160
2020-02-24 19:49:19,172 [INFO]  Saved checkpoint to "model/CC_Money_imputer0/model-0001.params"
2020-02-24 19:49:19,182 [INFO]  Epoch[1] Validation-cross-entropy=3.686920
2020-02-24 19:49:19,183 [INFO]  Epoch[1] Validation-CC_Money-accuracy=0.000000
2020-02-24 19:49:19,272 [INFO]  Epoch[2] Batch [0-11]	Speed: 2253.08 samples/sec	cross-entropy=4.999429	CC_Money-accuracy=0.000000
2020-02-24 19:49:19,343 [INFO]  Epoch[2] Train-cross-entropy=3.381618
2020-02-24 19:49:19,344 [INFO]  Epoch[2] Train-CC_Money-accuracy=0.000000
2020-02-24 19:49:19,344 [INFO]  Epoch[2] Time cost=0.161
2020-02-24 19:49:19,369 [INFO]  Saved checkpoint to "model/CC_Money_imputer0/model-0002.params"
2020-02-24 19:49:19,381 [INFO]  Epoch[2] Validation-cross-entropy=2.776221
2020-02-24 19:49:19,383 [INFO]  Epoch[2] Validation-CC_Money-accuracy=0.000000
2020-02-24 19:49:19,469 [INFO]  Epoch[3] Batch [0-11]	Speed: 2247.92 samples/sec	cross-entropy=4.369648	CC_Money-accuracy=0.000000
2020-02-24 19:49:19,542 [INFO]  Epoch[3] Train-cross-entropy=2.932362
2020-02-24 19:49:19,542 [INFO]  Epoch[3] Train-CC_Money-accuracy=0.000000
2020-02-24 19:49:19,542 [INFO]  Epoch[3] Time cost=0.159
2020-02-24 19:49:19,567 [INFO]  Saved checkpoint to "model/CC_Money_imputer0/model-0003.params"
2020-02-24 19:49:19,578 [INFO]  Epoch[3] Validation-cross-entropy=2.509752
2020-02-24 19:49:19,579 [INFO]  Epoch[3] Validation-CC_Money-accuracy=0.000000
2020-02-24 19:49:19,655 [INFO]  Epoch[4] Batch [0-11]	Speed: 2611.91 samples/sec	cross-entropy=4.076018	CC_Money-accuracy=0.000000
2020-02-24 19:49:19,715 [INFO]  Epoch[4] Train-cross-entropy=2.767503
2020-02-24 19:49:19,716 [INFO]  Epoch[4] Train-CC_Money-accuracy=0.000000
2020-02-24 19:49:19,716 [INFO]  Epoch[4] Time cost=0.136
2020-02-24 19:49:19,737 [INFO]  Saved checkpoint to "model/CC_Money_imputer0/model-0004.params"
2020-02-24 19:49:19,752 [INFO]  Epoch[4] Validation-cross-entropy=2.437290
2020-02-24 19:49:19,753 [INFO]  Epoch[4] Validation-CC_Money-accuracy=0.000000
2020-02-24 19:49:19,829 [INFO]  Epoch[5] Batch [0-11]	Speed: 2599.44 samples/sec	cross-entropy=3.928055	CC_Money-accuracy=0.000000
2020-02-24 19:49:19,889 [INFO]  Epoch[5] Train-cross-entropy=2.713975
2020-02-24 19:49:19,889 [INFO]  Epoch[5] Train-CC_Money-accuracy=0.000000
2020-02-24 19:49:19,890 [INFO]  Epoch[5] Time cost=0.137
2020-02-24 19:49:19,910 [INFO]  Saved checkpoint to "model/CC_Money_imputer0/model-0005.params"
2020-02-24 19:49:19,925 [INFO]  Epoch[5] Validation-cross-entropy=2.432575
2020-02-24 19:49:19,926 [INFO]  Epoch[5] Validation-CC_Money-accuracy=0.000000
2020-02-24 19:49:20,016 [INFO]  Epoch[6] Batch [0-11]	Speed: 2186.11 samples/sec	cross-entropy=3.836899	CC_Money-accuracy=0.000000
2020-02-24 19:49:20,087 [INFO]  Epoch[6] Train-cross-entropy=2.681270
2020-02-24 19:49:20,087 [INFO]  Epoch[6] Train-CC_Money-accuracy=0.000000
2020-02-24 19:49:20,088 [INFO]  Epoch[6] Time cost=0.162
2020-02-24 19:49:20,113 [INFO]  Saved checkpoint to "model/CC_Money_imputer0/model-0006.params"
2020-02-24 19:49:20,126 [INFO]  Epoch[6] Validation-cross-entropy=2.454531
2020-02-24 19:49:20,127 [INFO]  Epoch[6] Validation-CC_Money-accuracy=0.000000
2020-02-24 19:49:20,217 [INFO]  Epoch[7] Batch [0-11]	Speed: 2191.96 samples/sec	cross-entropy=3.776320	CC_Money-accuracy=0.000000
2020-02-24 19:49:20,287 [INFO]  Epoch[7] Train-cross-entropy=2.651742
2020-02-24 19:49:20,287 [INFO]  Epoch[7] Train-CC_Money-accuracy=0.000000
2020-02-24 19:49:20,288 [INFO]  Epoch[7] Time cost=0.160
2020-02-24 19:49:20,310 [INFO]  Saved checkpoint to "model/CC_Money_imputer0/model-0007.params"
2020-02-24 19:49:20,323 [INFO]  Epoch[7] Validation-cross-entropy=2.484051
2020-02-24 19:49:20,324 [INFO]  Epoch[7] Validation-CC_Money-accuracy=0.000000
2020-02-24 19:49:20,411 [INFO]  Epoch[8] Batch [0-11]	Speed: 2276.97 samples/sec	cross-entropy=3.730710	CC_Money-accuracy=0.000000
2020-02-24 19:49:20,480 [INFO]  Epoch[8] Train-cross-entropy=2.628111
2020-02-24 19:49:20,480 [INFO]  Epoch[8] Train-CC_Money-accuracy=0.000000
2020-02-24 19:49:20,481 [INFO]  Epoch[8] Time cost=0.156
2020-02-24 19:49:20,504 [INFO]  Saved checkpoint to "model/CC_Money_imputer0/model-0008.params"
2020-02-24 19:49:20,518 [INFO]  Epoch[8] Validation-cross-entropy=2.518798
2020-02-24 19:49:20,518 [INFO]  Epoch[8] Validation-CC_Money-accuracy=0.000000
2020-02-24 19:49:20,606 [INFO]  Epoch[9] Batch [0-11]	Speed: 2269.07 samples/sec	cross-entropy=3.690510	CC_Money-accuracy=0.000000
2020-02-24 19:49:20,675 [INFO]  Epoch[9] Train-cross-entropy=2.607726
2020-02-24 19:49:20,676 [INFO]  Epoch[9] Train-CC_Money-accuracy=0.000000
2020-02-24 19:49:20,676 [INFO]  Epoch[9] Time cost=0.157
2020-02-24 19:49:20,699 [INFO]  Saved checkpoint to "model/CC_Money_imputer0/model-0009.params"
2020-02-24 19:49:20,711 [INFO]  No improvement detected for 5 epochs compared to 2.43728968501091 last error obtained: 2.554034332434336, stopping here
2020-02-24 19:49:20,712 [INFO]  
========== done (1.9382126331329346 s) fit model
2020-02-24 19:50:10,230 [INFO]  
========== start: fit model
2020-02-24 19:50:10,230 [INFO]  
========== start: fit model
2020-02-24 19:50:10,232 [WARNING]  Already bound, ignoring bind()
2020-02-24 19:50:10,232 [WARNING]  Already bound, ignoring bind()
2020-02-24 19:50:10,439 [INFO]  Epoch[0] Batch [0-40]	Speed: 3220.64 samples/sec	cross-entropy=3.707218	Knowledge/information_buildings-accuracy=0.000000
2020-02-24 19:50:10,439 [INFO]  Epoch[0] Batch [0-40]	Speed: 3220.64 samples/sec	cross-entropy=3.707218	Knowledge/information_buildings-accuracy=0.000000
2020-02-24 19:50:10,724 [INFO]  Epoch[0] Train-cross-entropy=2.035863
2020-02-24 19:50:10,724 [INFO]  Epoch[0] Train-cross-entropy=2.035863
2020-02-24 19:50:10,726 [INFO]  Epoch[0] Train-Knowledge/information_buildings-accuracy=0.000000
2020-02-24 19:50:10,726 [INFO]  Epoch[0] Train-Knowledge/information_buildings-accuracy=0.000000
2020-02-24 19:50:10,729 [INFO]  Epoch[0] Time cost=0.494
2020-02-24 19:50:10,729 [INFO]  Epoch[0] Time cost=0.494
2020-02-24 19:50:10,734 [INFO]  Saved checkpoint to "model/Knowledgeinformation_buildings_imputer/model-0000.params"
2020-02-24 19:50:10,734 [INFO]  Saved checkpoint to "model/Knowledgeinformation_buildings_imputer/model-0000.params"
2020-02-24 19:50:10,779 [INFO]  Epoch[0] Validation-cross-entropy=1.956889
2020-02-24 19:50:10,779 [INFO]  Epoch[0] Validation-cross-entropy=1.956889
2020-02-24 19:50:10,781 [INFO]  Epoch[0] Validation-Knowledge/information_buildings-accuracy=0.000000
2020-02-24 19:50:10,781 [INFO]  Epoch[0] Validation-Knowledge/information_buildings-accuracy=0.000000
2020-02-24 19:50:11,025 [INFO]  Epoch[1] Batch [0-40]	Speed: 2703.17 samples/sec	cross-entropy=1.353375	Knowledge/information_buildings-accuracy=0.000000
2020-02-24 19:50:11,025 [INFO]  Epoch[1] Batch [0-40]	Speed: 2703.17 samples/sec	cross-entropy=1.353375	Knowledge/information_buildings-accuracy=0.000000
2020-02-24 19:50:11,225 [INFO]  Epoch[1] Train-cross-entropy=1.284427
2020-02-24 19:50:11,225 [INFO]  Epoch[1] Train-cross-entropy=1.284427
2020-02-24 19:50:11,227 [INFO]  Epoch[1] Train-Knowledge/information_buildings-accuracy=0.000000
2020-02-24 19:50:11,227 [INFO]  Epoch[1] Train-Knowledge/information_buildings-accuracy=0.000000
2020-02-24 19:50:11,229 [INFO]  Epoch[1] Time cost=0.446
2020-02-24 19:50:11,229 [INFO]  Epoch[1] Time cost=0.446
2020-02-24 19:50:11,233 [INFO]  Saved checkpoint to "model/Knowledgeinformation_buildings_imputer/model-0001.params"
2020-02-24 19:50:11,233 [INFO]  Saved checkpoint to "model/Knowledgeinformation_buildings_imputer/model-0001.params"
2020-02-24 19:50:11,271 [INFO]  Epoch[1] Validation-cross-entropy=0.737428
2020-02-24 19:50:11,271 [INFO]  Epoch[1] Validation-cross-entropy=0.737428
2020-02-24 19:50:11,273 [INFO]  Epoch[1] Validation-Knowledge/information_buildings-accuracy=0.000000
2020-02-24 19:50:11,273 [INFO]  Epoch[1] Validation-Knowledge/information_buildings-accuracy=0.000000
2020-02-24 19:50:11,472 [INFO]  Epoch[2] Batch [0-40]	Speed: 3325.02 samples/sec	cross-entropy=0.722219	Knowledge/information_buildings-accuracy=0.000000
2020-02-24 19:50:11,472 [INFO]  Epoch[2] Batch [0-40]	Speed: 3325.02 samples/sec	cross-entropy=0.722219	Knowledge/information_buildings-accuracy=0.000000
2020-02-24 19:50:11,655 [INFO]  Epoch[2] Train-cross-entropy=0.882439
2020-02-24 19:50:11,655 [INFO]  Epoch[2] Train-cross-entropy=0.882439
2020-02-24 19:50:11,657 [INFO]  Epoch[2] Train-Knowledge/information_buildings-accuracy=0.000000
2020-02-24 19:50:11,657 [INFO]  Epoch[2] Train-Knowledge/information_buildings-accuracy=0.000000
2020-02-24 19:50:11,659 [INFO]  Epoch[2] Time cost=0.385
2020-02-24 19:50:11,659 [INFO]  Epoch[2] Time cost=0.385
2020-02-24 19:50:11,662 [INFO]  Saved checkpoint to "model/Knowledgeinformation_buildings_imputer/model-0002.params"
2020-02-24 19:50:11,662 [INFO]  Saved checkpoint to "model/Knowledgeinformation_buildings_imputer/model-0002.params"
2020-02-24 19:50:11,713 [INFO]  Epoch[2] Validation-cross-entropy=0.478201
2020-02-24 19:50:11,713 [INFO]  Epoch[2] Validation-cross-entropy=0.478201
2020-02-24 19:50:11,714 [INFO]  Epoch[2] Validation-Knowledge/information_buildings-accuracy=0.000000
2020-02-24 19:50:11,714 [INFO]  Epoch[2] Validation-Knowledge/information_buildings-accuracy=0.000000
2020-02-24 19:50:11,921 [INFO]  Epoch[3] Batch [0-40]	Speed: 3215.15 samples/sec	cross-entropy=0.550586	Knowledge/information_buildings-accuracy=0.000000
2020-02-24 19:50:11,921 [INFO]  Epoch[3] Batch [0-40]	Speed: 3215.15 samples/sec	cross-entropy=0.550586	Knowledge/information_buildings-accuracy=0.000000
2020-02-24 19:50:12,108 [INFO]  Epoch[3] Train-cross-entropy=0.611686
2020-02-24 19:50:12,108 [INFO]  Epoch[3] Train-cross-entropy=0.611686
2020-02-24 19:50:12,110 [INFO]  Epoch[3] Train-Knowledge/information_buildings-accuracy=0.000000
2020-02-24 19:50:12,110 [INFO]  Epoch[3] Train-Knowledge/information_buildings-accuracy=0.000000
2020-02-24 19:50:12,111 [INFO]  Epoch[3] Time cost=0.395
2020-02-24 19:50:12,111 [INFO]  Epoch[3] Time cost=0.395
2020-02-24 19:50:12,115 [INFO]  Saved checkpoint to "model/Knowledgeinformation_buildings_imputer/model-0003.params"
2020-02-24 19:50:12,115 [INFO]  Saved checkpoint to "model/Knowledgeinformation_buildings_imputer/model-0003.params"
2020-02-24 19:50:12,151 [INFO]  Epoch[3] Validation-cross-entropy=0.418676
2020-02-24 19:50:12,151 [INFO]  Epoch[3] Validation-cross-entropy=0.418676
2020-02-24 19:50:12,153 [INFO]  Epoch[3] Validation-Knowledge/information_buildings-accuracy=0.000000
2020-02-24 19:50:12,153 [INFO]  Epoch[3] Validation-Knowledge/information_buildings-accuracy=0.000000
2020-02-24 19:50:12,373 [INFO]  Epoch[4] Batch [0-40]	Speed: 2994.10 samples/sec	cross-entropy=0.441327	Knowledge/information_buildings-accuracy=0.000000
2020-02-24 19:50:12,373 [INFO]  Epoch[4] Batch [0-40]	Speed: 2994.10 samples/sec	cross-entropy=0.441327	Knowledge/information_buildings-accuracy=0.000000
2020-02-24 19:50:12,712 [INFO]  Epoch[4] Train-cross-entropy=0.485830
2020-02-24 19:50:12,712 [INFO]  Epoch[4] Train-cross-entropy=0.485830
2020-02-24 19:50:12,714 [INFO]  Epoch[4] Train-Knowledge/information_buildings-accuracy=0.000000
2020-02-24 19:50:12,714 [INFO]  Epoch[4] Train-Knowledge/information_buildings-accuracy=0.000000
2020-02-24 19:50:12,715 [INFO]  Epoch[4] Time cost=0.561
2020-02-24 19:50:12,715 [INFO]  Epoch[4] Time cost=0.561
2020-02-24 19:50:12,720 [INFO]  Saved checkpoint to "model/Knowledgeinformation_buildings_imputer/model-0004.params"
2020-02-24 19:50:12,720 [INFO]  Saved checkpoint to "model/Knowledgeinformation_buildings_imputer/model-0004.params"
2020-02-24 19:50:12,773 [INFO]  Epoch[4] Validation-cross-entropy=0.272527
2020-02-24 19:50:12,773 [INFO]  Epoch[4] Validation-cross-entropy=0.272527
2020-02-24 19:50:12,777 [INFO]  Epoch[4] Validation-Knowledge/information_buildings-accuracy=0.000000
2020-02-24 19:50:12,777 [INFO]  Epoch[4] Validation-Knowledge/information_buildings-accuracy=0.000000
2020-02-24 19:50:13,059 [INFO]  Epoch[5] Batch [0-40]	Speed: 2337.21 samples/sec	cross-entropy=0.287810	Knowledge/information_buildings-accuracy=0.000000
2020-02-24 19:50:13,059 [INFO]  Epoch[5] Batch [0-40]	Speed: 2337.21 samples/sec	cross-entropy=0.287810	Knowledge/information_buildings-accuracy=0.000000
2020-02-24 19:50:13,254 [INFO]  Epoch[5] Train-cross-entropy=0.417970
2020-02-24 19:50:13,254 [INFO]  Epoch[5] Train-cross-entropy=0.417970
2020-02-24 19:50:13,259 [INFO]  Epoch[5] Train-Knowledge/information_buildings-accuracy=0.000000
2020-02-24 19:50:13,259 [INFO]  Epoch[5] Train-Knowledge/information_buildings-accuracy=0.000000
2020-02-24 19:50:13,260 [INFO]  Epoch[5] Time cost=0.482
2020-02-24 19:50:13,260 [INFO]  Epoch[5] Time cost=0.482
2020-02-24 19:50:13,264 [INFO]  Saved checkpoint to "model/Knowledgeinformation_buildings_imputer/model-0005.params"
2020-02-24 19:50:13,264 [INFO]  Saved checkpoint to "model/Knowledgeinformation_buildings_imputer/model-0005.params"
2020-02-24 19:50:13,313 [INFO]  Epoch[5] Validation-cross-entropy=0.588267
2020-02-24 19:50:13,313 [INFO]  Epoch[5] Validation-cross-entropy=0.588267
2020-02-24 19:50:13,315 [INFO]  Epoch[5] Validation-Knowledge/information_buildings-accuracy=0.000000
2020-02-24 19:50:13,315 [INFO]  Epoch[5] Validation-Knowledge/information_buildings-accuracy=0.000000
2020-02-24 19:50:13,528 [INFO]  Epoch[6] Batch [0-40]	Speed: 3101.65 samples/sec	cross-entropy=0.567385	Knowledge/information_buildings-accuracy=0.000000
2020-02-24 19:50:13,528 [INFO]  Epoch[6] Batch [0-40]	Speed: 3101.65 samples/sec	cross-entropy=0.567385	Knowledge/information_buildings-accuracy=0.000000
2020-02-24 19:50:13,741 [INFO]  Epoch[6] Train-cross-entropy=0.391377
2020-02-24 19:50:13,741 [INFO]  Epoch[6] Train-cross-entropy=0.391377
2020-02-24 19:50:13,743 [INFO]  Epoch[6] Train-Knowledge/information_buildings-accuracy=0.000000
2020-02-24 19:50:13,743 [INFO]  Epoch[6] Train-Knowledge/information_buildings-accuracy=0.000000
2020-02-24 19:50:13,744 [INFO]  Epoch[6] Time cost=0.428
2020-02-24 19:50:13,744 [INFO]  Epoch[6] Time cost=0.428
2020-02-24 19:50:13,748 [INFO]  Saved checkpoint to "model/Knowledgeinformation_buildings_imputer/model-0006.params"
2020-02-24 19:50:13,748 [INFO]  Saved checkpoint to "model/Knowledgeinformation_buildings_imputer/model-0006.params"
2020-02-24 19:50:13,787 [INFO]  Epoch[6] Validation-cross-entropy=0.294879
2020-02-24 19:50:13,787 [INFO]  Epoch[6] Validation-cross-entropy=0.294879
2020-02-24 19:50:13,788 [INFO]  Epoch[6] Validation-Knowledge/information_buildings-accuracy=0.000000
2020-02-24 19:50:13,788 [INFO]  Epoch[6] Validation-Knowledge/information_buildings-accuracy=0.000000
2020-02-24 19:50:13,987 [INFO]  Epoch[7] Batch [0-40]	Speed: 3341.58 samples/sec	cross-entropy=0.274471	Knowledge/information_buildings-accuracy=0.000000
2020-02-24 19:50:13,987 [INFO]  Epoch[7] Batch [0-40]	Speed: 3341.58 samples/sec	cross-entropy=0.274471	Knowledge/information_buildings-accuracy=0.000000
2020-02-24 19:50:14,174 [INFO]  Epoch[7] Train-cross-entropy=0.256766
2020-02-24 19:50:14,174 [INFO]  Epoch[7] Train-cross-entropy=0.256766
2020-02-24 19:50:14,176 [INFO]  Epoch[7] Train-Knowledge/information_buildings-accuracy=0.000000
2020-02-24 19:50:14,176 [INFO]  Epoch[7] Train-Knowledge/information_buildings-accuracy=0.000000
2020-02-24 19:50:14,177 [INFO]  Epoch[7] Time cost=0.387
2020-02-24 19:50:14,177 [INFO]  Epoch[7] Time cost=0.387
2020-02-24 19:50:14,181 [INFO]  Saved checkpoint to "model/Knowledgeinformation_buildings_imputer/model-0007.params"
2020-02-24 19:50:14,181 [INFO]  Saved checkpoint to "model/Knowledgeinformation_buildings_imputer/model-0007.params"
2020-02-24 19:50:14,216 [INFO]  Epoch[7] Validation-cross-entropy=0.253302
2020-02-24 19:50:14,216 [INFO]  Epoch[7] Validation-cross-entropy=0.253302
2020-02-24 19:50:14,218 [INFO]  Epoch[7] Validation-Knowledge/information_buildings-accuracy=0.000000
2020-02-24 19:50:14,218 [INFO]  Epoch[7] Validation-Knowledge/information_buildings-accuracy=0.000000
2020-02-24 19:50:14,417 [INFO]  Epoch[8] Batch [0-40]	Speed: 3316.85 samples/sec	cross-entropy=0.208497	Knowledge/information_buildings-accuracy=0.000000
2020-02-24 19:50:14,417 [INFO]  Epoch[8] Batch [0-40]	Speed: 3316.85 samples/sec	cross-entropy=0.208497	Knowledge/information_buildings-accuracy=0.000000
2020-02-24 19:50:14,604 [INFO]  Epoch[8] Train-cross-entropy=0.231595
2020-02-24 19:50:14,604 [INFO]  Epoch[8] Train-cross-entropy=0.231595
2020-02-24 19:50:14,605 [INFO]  Epoch[8] Train-Knowledge/information_buildings-accuracy=0.000000
2020-02-24 19:50:14,605 [INFO]  Epoch[8] Train-Knowledge/information_buildings-accuracy=0.000000
2020-02-24 19:50:14,607 [INFO]  Epoch[8] Time cost=0.387
2020-02-24 19:50:14,607 [INFO]  Epoch[8] Time cost=0.387
2020-02-24 19:50:14,610 [INFO]  Saved checkpoint to "model/Knowledgeinformation_buildings_imputer/model-0008.params"
2020-02-24 19:50:14,610 [INFO]  Saved checkpoint to "model/Knowledgeinformation_buildings_imputer/model-0008.params"
2020-02-24 19:50:14,670 [INFO]  Epoch[8] Validation-cross-entropy=0.254342
2020-02-24 19:50:14,670 [INFO]  Epoch[8] Validation-cross-entropy=0.254342
2020-02-24 19:50:14,672 [INFO]  Epoch[8] Validation-Knowledge/information_buildings-accuracy=0.000000
2020-02-24 19:50:14,672 [INFO]  Epoch[8] Validation-Knowledge/information_buildings-accuracy=0.000000
2020-02-24 19:50:14,937 [INFO]  Epoch[9] Batch [0-40]	Speed: 2540.86 samples/sec	cross-entropy=0.183350	Knowledge/information_buildings-accuracy=0.000000
2020-02-24 19:50:14,937 [INFO]  Epoch[9] Batch [0-40]	Speed: 2540.86 samples/sec	cross-entropy=0.183350	Knowledge/information_buildings-accuracy=0.000000
2020-02-24 19:50:15,150 [INFO]  Epoch[9] Train-cross-entropy=0.196558
2020-02-24 19:50:15,150 [INFO]  Epoch[9] Train-cross-entropy=0.196558
2020-02-24 19:50:15,153 [INFO]  Epoch[9] Train-Knowledge/information_buildings-accuracy=0.000000
2020-02-24 19:50:15,153 [INFO]  Epoch[9] Train-Knowledge/information_buildings-accuracy=0.000000
2020-02-24 19:50:15,154 [INFO]  Epoch[9] Time cost=0.480
2020-02-24 19:50:15,154 [INFO]  Epoch[9] Time cost=0.480
2020-02-24 19:50:15,159 [INFO]  Saved checkpoint to "model/Knowledgeinformation_buildings_imputer/model-0009.params"
2020-02-24 19:50:15,159 [INFO]  Saved checkpoint to "model/Knowledgeinformation_buildings_imputer/model-0009.params"
2020-02-24 19:50:15,201 [INFO]  Epoch[9] Validation-cross-entropy=0.283936
2020-02-24 19:50:15,201 [INFO]  Epoch[9] Validation-cross-entropy=0.283936
2020-02-24 19:50:15,203 [INFO]  Epoch[9] Validation-Knowledge/information_buildings-accuracy=0.000000
2020-02-24 19:50:15,203 [INFO]  Epoch[9] Validation-Knowledge/information_buildings-accuracy=0.000000
2020-02-24 19:50:15,513 [INFO]  Epoch[10] Batch [0-40]	Speed: 2110.74 samples/sec	cross-entropy=0.147032	Knowledge/information_buildings-accuracy=0.000000
2020-02-24 19:50:15,513 [INFO]  Epoch[10] Batch [0-40]	Speed: 2110.74 samples/sec	cross-entropy=0.147032	Knowledge/information_buildings-accuracy=0.000000
2020-02-24 19:50:15,797 [INFO]  Epoch[10] Train-cross-entropy=0.169476
2020-02-24 19:50:15,797 [INFO]  Epoch[10] Train-cross-entropy=0.169476
2020-02-24 19:50:15,799 [INFO]  Epoch[10] Train-Knowledge/information_buildings-accuracy=0.000000
2020-02-24 19:50:15,799 [INFO]  Epoch[10] Train-Knowledge/information_buildings-accuracy=0.000000
2020-02-24 19:50:15,802 [INFO]  Epoch[10] Time cost=0.597
2020-02-24 19:50:15,802 [INFO]  Epoch[10] Time cost=0.597
2020-02-24 19:50:15,806 [INFO]  Saved checkpoint to "model/Knowledgeinformation_buildings_imputer/model-0010.params"
2020-02-24 19:50:15,806 [INFO]  Saved checkpoint to "model/Knowledgeinformation_buildings_imputer/model-0010.params"
2020-02-24 19:50:15,847 [INFO]  Epoch[10] Validation-cross-entropy=0.307697
2020-02-24 19:50:15,847 [INFO]  Epoch[10] Validation-cross-entropy=0.307697
2020-02-24 19:50:15,849 [INFO]  Epoch[10] Validation-Knowledge/information_buildings-accuracy=0.000000
2020-02-24 19:50:15,849 [INFO]  Epoch[10] Validation-Knowledge/information_buildings-accuracy=0.000000
2020-02-24 19:50:16,146 [INFO]  Epoch[11] Batch [0-40]	Speed: 2216.61 samples/sec	cross-entropy=0.159745	Knowledge/information_buildings-accuracy=0.000000
2020-02-24 19:50:16,146 [INFO]  Epoch[11] Batch [0-40]	Speed: 2216.61 samples/sec	cross-entropy=0.159745	Knowledge/information_buildings-accuracy=0.000000
2020-02-24 19:50:16,379 [INFO]  Epoch[11] Train-cross-entropy=0.148359
2020-02-24 19:50:16,379 [INFO]  Epoch[11] Train-cross-entropy=0.148359
2020-02-24 19:50:16,381 [INFO]  Epoch[11] Train-Knowledge/information_buildings-accuracy=0.000000
2020-02-24 19:50:16,381 [INFO]  Epoch[11] Train-Knowledge/information_buildings-accuracy=0.000000
2020-02-24 19:50:16,384 [INFO]  Epoch[11] Time cost=0.531
2020-02-24 19:50:16,384 [INFO]  Epoch[11] Time cost=0.531
2020-02-24 19:50:16,388 [INFO]  Saved checkpoint to "model/Knowledgeinformation_buildings_imputer/model-0011.params"
2020-02-24 19:50:16,388 [INFO]  Saved checkpoint to "model/Knowledgeinformation_buildings_imputer/model-0011.params"
2020-02-24 19:50:16,435 [INFO]  Epoch[11] Validation-cross-entropy=0.267275
2020-02-24 19:50:16,435 [INFO]  Epoch[11] Validation-cross-entropy=0.267275
2020-02-24 19:50:16,437 [INFO]  Epoch[11] Validation-Knowledge/information_buildings-accuracy=0.000000
2020-02-24 19:50:16,437 [INFO]  Epoch[11] Validation-Knowledge/information_buildings-accuracy=0.000000
2020-02-24 19:50:16,750 [INFO]  Epoch[12] Batch [0-40]	Speed: 2096.05 samples/sec	cross-entropy=0.114946	Knowledge/information_buildings-accuracy=0.000000
2020-02-24 19:50:16,750 [INFO]  Epoch[12] Batch [0-40]	Speed: 2096.05 samples/sec	cross-entropy=0.114946	Knowledge/information_buildings-accuracy=0.000000
2020-02-24 19:50:17,100 [INFO]  Epoch[12] Train-cross-entropy=0.131390
2020-02-24 19:50:17,100 [INFO]  Epoch[12] Train-cross-entropy=0.131390
2020-02-24 19:50:17,102 [INFO]  Epoch[12] Train-Knowledge/information_buildings-accuracy=0.000000
2020-02-24 19:50:17,102 [INFO]  Epoch[12] Train-Knowledge/information_buildings-accuracy=0.000000
2020-02-24 19:50:17,104 [INFO]  Epoch[12] Time cost=0.665
2020-02-24 19:50:17,104 [INFO]  Epoch[12] Time cost=0.665
2020-02-24 19:50:17,111 [INFO]  Saved checkpoint to "model/Knowledgeinformation_buildings_imputer/model-0012.params"
2020-02-24 19:50:17,111 [INFO]  Saved checkpoint to "model/Knowledgeinformation_buildings_imputer/model-0012.params"
2020-02-24 19:50:17,177 [INFO]  No improvement detected for 5 epochs compared to 0.25330228937996757 last error obtained: 0.25545867615275913, stopping here
2020-02-24 19:50:17,177 [INFO]  No improvement detected for 5 epochs compared to 0.25330228937996757 last error obtained: 0.25545867615275913, stopping here
2020-02-24 19:50:17,179 [INFO]  
========== done (6.948979377746582 s) fit model
2020-02-24 19:50:17,179 [INFO]  
========== done (6.948979377746582 s) fit model
